2014-09-15 13:01:47,870 - criterrorLogger - CRITICAL - something failed!
2014-09-15 13:01:47,871 - criterrorLogger - CRITICAL - relation "type" does not exist
LINE 1: INSERT INTO type (name_en, origin) SELECT 'video_game_store'...
                    ^

2014-09-15 13:01:49,391 - criterrorLogger - CRITICAL - something failed!
2014-09-15 13:01:49,391 - criterrorLogger - CRITICAL - relation "type" does not exist
LINE 1: INSERT INTO type (name_en, origin) SELECT 'insurance_agency'...
                    ^

2014-09-15 13:01:50,474 - criterrorLogger - CRITICAL - something failed!
2014-09-15 13:01:50,475 - criterrorLogger - CRITICAL - relation "type" does not exist
LINE 1: INSERT INTO type (name_en, origin) SELECT 'restaurant', 'GP'...
                    ^

2014-09-15 13:01:51,679 - criterrorLogger - CRITICAL - something failed!
2014-09-15 13:01:51,680 - criterrorLogger - CRITICAL - relation "type" does not exist
LINE 1: INSERT INTO type (name_en, origin) SELECT 'sandwich_shop', '...
                    ^

2014-09-15 13:01:52,576 - criterrorLogger - CRITICAL - something failed!
2014-09-15 13:01:52,576 - criterrorLogger - CRITICAL - relation "type" does not exist
LINE 1: INSERT INTO type (name_en, origin) SELECT 'vending_machine_s...
                    ^

2014-09-15 13:01:53,872 - criterrorLogger - CRITICAL - something failed!
2014-09-15 13:01:53,878 - criterrorLogger - CRITICAL - relation "type" does not exist
LINE 1: INSERT INTO type (name_en, origin) SELECT 'post_office', 'GP...
                    ^

2014-09-15 13:01:54,875 - criterrorLogger - CRITICAL - something failed!
2014-09-15 13:01:54,875 - criterrorLogger - CRITICAL - relation "type" does not exist
LINE 1: INSERT INTO type (name_en, origin) SELECT 'chinese_restauran...
                    ^

2014-09-15 13:01:55,677 - criterrorLogger - CRITICAL - something failed!
2014-09-15 13:01:55,677 - criterrorLogger - CRITICAL - relation "type" does not exist
LINE 1: INSERT INTO type (name_en, origin) SELECT 'pharmacy', 'GP' W...
                    ^

2014-09-15 13:01:56,497 - criterrorLogger - CRITICAL - something failed!
2014-09-15 13:01:56,498 - criterrorLogger - CRITICAL - relation "type" does not exist
LINE 1: INSERT INTO type (name_en, origin) SELECT 'movie_rental', 'G...
                    ^

2014-09-15 13:01:57,910 - criterrorLogger - CRITICAL - something failed!
2014-09-15 13:01:57,910 - criterrorLogger - CRITICAL - relation "type" does not exist
LINE 1: INSERT INTO type (name_en, origin) SELECT 'commercial_printe...
                    ^

2014-09-15 13:01:58,718 - criterrorLogger - CRITICAL - something failed!
2014-09-15 13:01:58,719 - criterrorLogger - CRITICAL - relation "type" does not exist
LINE 1: INSERT INTO type (name_en, origin) SELECT 'auto_parts_store'...
                    ^

2014-09-15 13:01:59,415 - criterrorLogger - CRITICAL - something failed!
2014-09-15 13:01:59,415 - criterrorLogger - CRITICAL - relation "type" does not exist
LINE 1: INSERT INTO type (name_en, origin) SELECT 'hair_removal_serv...
                    ^

2014-09-15 13:02:00,573 - criterrorLogger - CRITICAL - something failed!
2014-09-15 13:02:00,573 - criterrorLogger - CRITICAL - relation "type" does not exist
LINE 1: INSERT INTO type (name_en, origin) SELECT 'gas_station', 'GP...
                    ^

2014-09-15 13:02:01,853 - criterrorLogger - CRITICAL - something failed!
2014-09-15 13:02:01,854 - criterrorLogger - CRITICAL - relation "type" does not exist
LINE 1: INSERT INTO type (name_en, origin) SELECT 'church_of_jesus_c...
                    ^

2014-09-15 13:02:02,993 - criterrorLogger - CRITICAL - something failed!
2014-09-15 13:02:02,993 - criterrorLogger - CRITICAL - relation "type" does not exist
LINE 1: INSERT INTO type (name_en, origin) SELECT 'restaurant', 'GP'...
                    ^

2014-09-15 13:02:03,956 - criterrorLogger - CRITICAL - something failed!
2014-09-15 13:02:03,957 - criterrorLogger - CRITICAL - relation "type" does not exist
LINE 1: INSERT INTO type (name_en, origin) SELECT 'propane_tank_kios...
                    ^

2014-09-15 13:02:05,448 - criterrorLogger - CRITICAL - something failed!
2014-09-15 13:02:05,448 - criterrorLogger - CRITICAL - relation "type" does not exist
LINE 1: INSERT INTO type (name_en, origin) SELECT 'cell_phone_store'...
                    ^

2014-09-15 13:02:06,385 - criterrorLogger - CRITICAL - something failed!
2014-09-15 13:02:06,386 - criterrorLogger - CRITICAL - relation "type" does not exist
LINE 1: INSERT INTO type (name_en, origin) SELECT 'american_restaura...
                    ^

2014-09-15 13:02:07,533 - criterrorLogger - CRITICAL - something failed!
2014-09-15 13:02:07,533 - criterrorLogger - CRITICAL - relation "type" does not exist
LINE 1: INSERT INTO type (name_en, origin) SELECT 'tax_preparation_s...
                    ^

2014-09-15 13:02:08,629 - criterrorLogger - CRITICAL - something failed!
2014-09-15 13:02:08,630 - criterrorLogger - CRITICAL - relation "type" does not exist
LINE 1: INSERT INTO type (name_en, origin) SELECT 'mattress_store', ...
                    ^

2014-09-15 13:02:09,638 - criterrorLogger - CRITICAL - something failed!
2014-09-15 13:02:09,640 - criterrorLogger - CRITICAL - relation "type" does not exist
LINE 1: INSERT INTO type (name_en, origin) SELECT 'pharmacy', 'GP' W...
                    ^

2014-09-15 13:02:11,177 - criterrorLogger - CRITICAL - something failed!
2014-09-15 13:02:11,178 - criterrorLogger - CRITICAL - relation "type" does not exist
LINE 1: INSERT INTO type (name_en, origin) SELECT 'department_store'...
                    ^

2014-09-15 13:02:12,220 - criterrorLogger - CRITICAL - something failed!
2014-09-15 13:02:12,221 - criterrorLogger - CRITICAL - relation "type" does not exist
LINE 1: INSERT INTO type (name_en, origin) SELECT 'american_restaura...
                    ^

2014-09-15 13:02:13,593 - criterrorLogger - CRITICAL - something failed!
2014-09-15 13:02:13,593 - criterrorLogger - CRITICAL - relation "type" does not exist
LINE 1: INSERT INTO type (name_en, origin) SELECT 'cell_phone_store'...
                    ^

2014-09-15 13:02:15,958 - criterrorLogger - CRITICAL - something failed!
2014-09-15 13:02:15,959 - criterrorLogger - CRITICAL - relation "type" does not exist
LINE 1: INSERT INTO type (name_en, origin) SELECT 'tire_shop', 'GP' ...
                    ^

2014-09-15 13:02:17,068 - criterrorLogger - CRITICAL - something failed!
2014-09-15 13:02:17,069 - criterrorLogger - CRITICAL - relation "type" does not exist
LINE 1: INSERT INTO type (name_en, origin) SELECT 'shoe_store', 'GP'...
                    ^

2014-09-15 13:02:17,994 - criterrorLogger - CRITICAL - something failed!
2014-09-15 13:02:17,996 - criterrorLogger - CRITICAL - relation "type" does not exist
LINE 1: INSERT INTO type (name_en, origin) SELECT 'hair_salon', 'GP'...
                    ^

2014-09-15 13:02:18,993 - criterrorLogger - CRITICAL - something failed!
2014-09-15 13:02:18,994 - criterrorLogger - CRITICAL - relation "type" does not exist
LINE 1: INSERT INTO type (name_en, origin) SELECT 'video_game_store'...
                    ^

2014-09-15 13:02:19,825 - criterrorLogger - CRITICAL - something failed!
2014-09-15 13:02:19,826 - criterrorLogger - CRITICAL - relation "type" does not exist
LINE 1: INSERT INTO type (name_en, origin) SELECT 'donut_shop', 'GP'...
                    ^

2014-09-15 13:02:21,198 - criterrorLogger - CRITICAL - something failed!
2014-09-15 13:02:21,199 - criterrorLogger - CRITICAL - relation "type" does not exist
LINE 1: INSERT INTO type (name_en, origin) SELECT 'loan_agency', 'GP...
                    ^

2014-09-15 13:02:22,563 - criterrorLogger - CRITICAL - something failed!
2014-09-15 13:02:22,563 - criterrorLogger - CRITICAL - relation "type" does not exist
LINE 1: INSERT INTO type (name_en, origin) SELECT 'cell_phone_store'...
                    ^

2014-09-15 13:02:23,652 - criterrorLogger - CRITICAL - something failed!
2014-09-15 13:02:23,653 - criterrorLogger - CRITICAL - relation "type" does not exist
LINE 1: INSERT INTO type (name_en, origin) SELECT 'bagel_shop', 'GP'...
                    ^

2014-09-15 13:02:24,565 - criterrorLogger - CRITICAL - something failed!
2014-09-15 13:02:24,565 - criterrorLogger - CRITICAL - relation "type" does not exist
LINE 1: INSERT INTO type (name_en, origin) SELECT 'swimming_pool_sup...
                    ^

2014-09-15 13:02:25,636 - criterrorLogger - CRITICAL - something failed!
2014-09-15 13:02:25,636 - criterrorLogger - CRITICAL - relation "type" does not exist
LINE 1: INSERT INTO type (name_en, origin) SELECT 'pharmacy', 'GP' W...
                    ^

2014-09-15 13:02:27,047 - criterrorLogger - CRITICAL - something failed!
2014-09-15 13:02:27,048 - criterrorLogger - CRITICAL - relation "type" does not exist
LINE 1: INSERT INTO type (name_en, origin) SELECT 'department_store'...
                    ^

2014-09-15 13:02:28,219 - criterrorLogger - CRITICAL - something failed!
2014-09-15 13:02:28,220 - criterrorLogger - CRITICAL - relation "type" does not exist
LINE 1: INSERT INTO type (name_en, origin) SELECT 'beauty_salon', 'G...
                    ^

2014-09-15 13:02:30,418 - criterrorLogger - CRITICAL - something failed!
2014-09-15 13:02:30,419 - criterrorLogger - CRITICAL - relation "type" does not exist
LINE 1: INSERT INTO type (name_en, origin) SELECT 'beauty_supply_sto...
                    ^

2014-09-15 13:02:31,164 - criterrorLogger - CRITICAL - something failed!
2014-09-15 13:02:31,165 - criterrorLogger - CRITICAL - relation "type" does not exist
LINE 1: INSERT INTO type (name_en, origin) SELECT 'medical_laborator...
                    ^

2014-09-15 13:02:32,428 - criterrorLogger - CRITICAL - something failed!
2014-09-15 13:02:32,428 - criterrorLogger - CRITICAL - relation "type" does not exist
LINE 1: INSERT INTO type (name_en, origin) SELECT 'cosmetics_store',...
                    ^

2014-09-15 13:02:33,526 - criterrorLogger - CRITICAL - something failed!
2014-09-15 13:02:33,526 - criterrorLogger - CRITICAL - relation "type" does not exist
LINE 1: INSERT INTO type (name_en, origin) SELECT 'mattress_store', ...
                    ^

2014-09-15 13:02:35,101 - criterrorLogger - CRITICAL - something failed!
2014-09-15 13:02:35,102 - criterrorLogger - CRITICAL - relation "type" does not exist
LINE 1: INSERT INTO type (name_en, origin) SELECT 'distribution_serv...
                    ^

2014-09-15 13:03:03,630 - criterrorLogger - CRITICAL - something failed!
2014-09-15 13:03:03,641 - criterrorLogger - CRITICAL - relation "type" does not exist
LINE 1: INSERT INTO type (name_en, origin) SELECT 'post_office', 'GP...
                    ^

2014-09-15 13:03:23,865 - criterrorLogger - CRITICAL - something failed!
2014-09-15 13:03:23,865 - criterrorLogger - CRITICAL - relation "type" does not exist
LINE 1: INSERT INTO type (name_en, origin) SELECT 'store', 'GP' WHER...
                    ^

2014-09-15 13:03:26,170 - criterrorLogger - CRITICAL - something failed!
2014-09-15 13:03:26,171 - criterrorLogger - CRITICAL - relation "type" does not exist
LINE 1: INSERT INTO type (name_en, origin) SELECT 'restaurant', 'GP'...
                    ^

2014-09-15 13:03:29,452 - criterrorLogger - CRITICAL - something failed!
2014-09-15 13:03:29,453 - criterrorLogger - CRITICAL - relation "type" does not exist
LINE 1: INSERT INTO type (name_en, origin) SELECT 'restaurant', 'GP'...
                    ^

2014-09-15 13:03:36,223 - criterrorLogger - CRITICAL - something failed!
2014-09-15 13:03:36,224 - criterrorLogger - CRITICAL - relation "type" does not exist
LINE 1: INSERT INTO type (name_en, origin) SELECT 'insurance_agency'...
                    ^

2014-09-15 13:03:39,412 - criterrorLogger - CRITICAL - something failed!
2014-09-15 13:03:39,412 - criterrorLogger - CRITICAL - relation "type" does not exist
LINE 1: INSERT INTO type (name_en, origin) SELECT 'movie_rental', 'G...
                    ^

2014-09-15 13:03:40,812 - criterrorLogger - CRITICAL - something failed!
2014-09-15 13:03:40,813 - criterrorLogger - CRITICAL - relation "type" does not exist
LINE 1: INSERT INTO type (name_en, origin) SELECT 'pharmacy', 'GP' W...
                    ^

2014-09-15 13:03:43,676 - criterrorLogger - CRITICAL - something failed!
2014-09-15 13:03:43,677 - criterrorLogger - CRITICAL - relation "type" does not exist
LINE 1: INSERT INTO type (name_en, origin) SELECT 'sandwich_shop', '...
                    ^

2014-09-15 13:03:47,851 - criterrorLogger - CRITICAL - something failed!
2014-09-15 13:03:47,852 - criterrorLogger - CRITICAL - relation "type" does not exist
LINE 1: INSERT INTO type (name_en, origin) SELECT 'bakery', 'GP' WHE...
                    ^

2014-09-15 13:03:49,105 - criterrorLogger - CRITICAL - something failed!
2014-09-15 13:03:49,106 - criterrorLogger - CRITICAL - relation "type" does not exist
LINE 1: INSERT INTO type (name_en, origin) SELECT 'financial_consult...
                    ^

2014-09-15 13:03:54,278 - criterrorLogger - CRITICAL - something failed!
2014-09-15 13:03:54,279 - criterrorLogger - CRITICAL - relation "type" does not exist
LINE 1: INSERT INTO type (name_en, origin) SELECT 'restaurant', 'GP'...
                    ^

2014-09-15 13:03:55,182 - criterrorLogger - CRITICAL - something failed!
2014-09-15 13:03:55,182 - criterrorLogger - CRITICAL - relation "type" does not exist
LINE 1: INSERT INTO type (name_en, origin) SELECT 'sandwich_shop', '...
                    ^

2014-09-15 13:04:08,418 - criterrorLogger - CRITICAL - something failed!
2014-09-15 13:04:08,437 - criterrorLogger - CRITICAL - relation "type" does not exist
LINE 1: INSERT INTO type (name_en, origin) SELECT 'bakery', 'GP' WHE...
                    ^

2014-09-15 13:04:10,719 - criterrorLogger - CRITICAL - something failed!
2014-09-15 13:04:10,719 - criterrorLogger - CRITICAL - relation "type" does not exist
LINE 1: INSERT INTO type (name_en, origin) SELECT 'beauty_salon', 'G...
                    ^

2014-09-15 13:04:12,567 - criterrorLogger - CRITICAL - something failed!
2014-09-15 13:04:12,567 - criterrorLogger - CRITICAL - relation "type" does not exist
LINE 1: INSERT INTO type (name_en, origin) SELECT 'mattress_store', ...
                    ^

2014-09-15 13:04:14,970 - criterrorLogger - CRITICAL - something failed!
2014-09-15 13:04:14,983 - criterrorLogger - CRITICAL - relation "type" does not exist
LINE 1: INSERT INTO type (name_en, origin) SELECT 'fast_food_restaur...
                    ^

2014-09-15 13:04:17,463 - criterrorLogger - CRITICAL - something failed!
2014-09-15 13:04:17,463 - criterrorLogger - CRITICAL - relation "type" does not exist
LINE 1: INSERT INTO type (name_en, origin) SELECT 'buffet_restaurant...
                    ^

2014-09-15 13:04:19,351 - criterrorLogger - CRITICAL - something failed!
2014-09-15 13:04:19,351 - criterrorLogger - CRITICAL - relation "type" does not exist
LINE 1: INSERT INTO type (name_en, origin) SELECT 'hotel', 'GP' WHER...
                    ^

2014-09-15 13:04:22,393 - criterrorLogger - CRITICAL - something failed!
2014-09-15 13:04:22,394 - criterrorLogger - CRITICAL - relation "type" does not exist
LINE 1: INSERT INTO type (name_en, origin) SELECT 'store', 'GP' WHER...
                    ^

2014-09-15 13:04:24,384 - criterrorLogger - CRITICAL - something failed!
2014-09-15 13:04:24,385 - criterrorLogger - CRITICAL - relation "type" does not exist
LINE 1: INSERT INTO type (name_en, origin) SELECT 'pizza_restaurant'...
                    ^

2014-09-15 13:04:32,810 - criterrorLogger - CRITICAL - something failed!
2014-09-15 13:04:32,811 - criterrorLogger - CRITICAL - relation "type" does not exist
LINE 1: INSERT INTO type (name_en, origin) SELECT 'courier_service',...
                    ^

2014-09-15 13:04:36,237 - criterrorLogger - CRITICAL - something failed!
2014-09-15 13:04:36,238 - criterrorLogger - CRITICAL - relation "type" does not exist
LINE 1: INSERT INTO type (name_en, origin) SELECT 'movie_rental', 'G...
                    ^

2014-09-15 13:04:38,306 - criterrorLogger - CRITICAL - something failed!
2014-09-15 13:04:38,312 - criterrorLogger - CRITICAL - relation "type" does not exist
LINE 1: INSERT INTO type (name_en, origin) SELECT 'automotive', 'GP'...
                    ^

2014-09-15 13:04:39,736 - criterrorLogger - CRITICAL - something failed!
2014-09-15 13:04:39,737 - criterrorLogger - CRITICAL - relation "type" does not exist
LINE 1: INSERT INTO type (name_en, origin) SELECT 'european_restaura...
                    ^

2014-09-15 13:04:41,386 - criterrorLogger - CRITICAL - something failed!
2014-09-15 13:04:41,387 - criterrorLogger - CRITICAL - relation "type" does not exist
LINE 1: INSERT INTO type (name_en, origin) SELECT 'sandwich_shop', '...
                    ^

2014-09-15 13:04:50,491 - criterrorLogger - CRITICAL - something failed!
2014-09-15 13:04:50,491 - criterrorLogger - CRITICAL - relation "type" does not exist
LINE 1: INSERT INTO type (name_en, origin) SELECT 'restaurant', 'GP'...
                    ^

2014-09-15 13:04:51,472 - criterrorLogger - CRITICAL - something failed!
2014-09-15 13:04:51,472 - criterrorLogger - CRITICAL - relation "type" does not exist
LINE 1: INSERT INTO type (name_en, origin) SELECT 'sandwich_shop', '...
                    ^

2014-09-15 13:04:52,882 - criterrorLogger - CRITICAL - something failed!
2014-09-15 13:04:52,883 - criterrorLogger - CRITICAL - relation "type" does not exist
LINE 1: INSERT INTO type (name_en, origin) SELECT 'post_office', 'GP...
                    ^

2014-09-15 13:04:55,487 - criterrorLogger - CRITICAL - something failed!
2014-09-15 13:04:55,495 - criterrorLogger - CRITICAL - relation "type" does not exist
LINE 1: INSERT INTO type (name_en, origin) SELECT 'gas_station', 'GP...
                    ^

2014-09-15 13:05:00,355 - criterrorLogger - CRITICAL - something failed!
2014-09-15 13:05:00,355 - criterrorLogger - CRITICAL - relation "type" does not exist
LINE 1: INSERT INTO type (name_en, origin) SELECT 'fast_food_restaur...
                    ^

2014-09-15 13:05:09,143 - criterrorLogger - CRITICAL - something failed!
2014-09-15 13:05:09,159 - criterrorLogger - CRITICAL - relation "type" does not exist
LINE 1: INSERT INTO type (name_en, origin) SELECT 'atm_location', 'G...
                    ^

2014-09-15 13:05:47,664 - criterrorLogger - CRITICAL - something failed!
2014-09-15 13:05:47,665 - criterrorLogger - CRITICAL - relation "type" does not exist
LINE 1: INSERT INTO type (name_en, origin) SELECT 'post_office', 'GP...
                    ^

