2014-09-15 13:01:53,913 - criterrorLogger - CRITICAL - something failed!
2014-09-15 13:01:53,914 - criterrorLogger - CRITICAL - relation "type" does not exist
LINE 1: INSERT INTO type (name_en, origin) SELECT 'post_office', 'GP...
                    ^

2014-09-15 13:03:29,679 - criterrorLogger - CRITICAL - something failed!
2014-09-15 13:03:29,679 - criterrorLogger - CRITICAL - relation "type" does not exist
LINE 1: INSERT INTO type (name_en, origin) SELECT 'atm_location', 'G...
                    ^

2014-09-15 13:03:31,879 - criterrorLogger - CRITICAL - something failed!
2014-09-15 13:03:31,879 - criterrorLogger - CRITICAL - relation "type" does not exist
LINE 1: INSERT INTO type (name_en, origin) SELECT 'store', 'GP' WHER...
                    ^

2014-09-15 13:03:40,081 - criterrorLogger - CRITICAL - something failed!
2014-09-15 13:03:40,081 - criterrorLogger - CRITICAL - relation "type" does not exist
LINE 1: INSERT INTO type (name_en, origin) SELECT 'convenience_store...
                    ^

2014-09-15 13:03:47,928 - criterrorLogger - CRITICAL - something failed!
2014-09-15 13:03:47,928 - criterrorLogger - CRITICAL - relation "type" does not exist
LINE 1: INSERT INTO type (name_en, origin) SELECT 'discount_store', ...
                    ^

2014-09-15 13:03:58,726 - criterrorLogger - CRITICAL - something failed!
2014-09-15 13:03:58,733 - criterrorLogger - CRITICAL - relation "type" does not exist
LINE 1: INSERT INTO type (name_en, origin) SELECT 'post_office', 'GP...
                    ^

2014-09-15 13:04:56,966 - criterrorLogger - CRITICAL - something failed!
2014-09-15 13:04:56,966 - criterrorLogger - CRITICAL - relation "type" does not exist
LINE 1: INSERT INTO type (name_en, origin) SELECT 'atm_location', 'G...
                    ^

2014-09-15 13:05:09,727 - criterrorLogger - CRITICAL - something failed!
2014-09-15 13:05:09,728 - criterrorLogger - CRITICAL - relation "type" does not exist
LINE 1: INSERT INTO type (name_en, origin) SELECT 'video_rental_kios...
                    ^

2014-09-15 13:05:20,246 - criterrorLogger - CRITICAL - something failed!
2014-09-15 13:05:20,247 - criterrorLogger - CRITICAL - relation "type" does not exist
LINE 1: INSERT INTO type (name_en, origin) SELECT 'atm', 'GP' WHERE ...
                    ^

2014-09-15 13:05:22,062 - criterrorLogger - CRITICAL - something failed!
2014-09-15 13:05:22,063 - criterrorLogger - CRITICAL - relation "type" does not exist
LINE 1: INSERT INTO type (name_en, origin) SELECT 'post_office', 'GP...
                    ^

2014-09-15 13:05:29,463 - criterrorLogger - CRITICAL - something failed!
2014-09-15 13:05:29,484 - criterrorLogger - CRITICAL - relation "type" does not exist
LINE 1: INSERT INTO type (name_en, origin) SELECT 'atm', 'GP' WHERE ...
                    ^

2014-09-15 13:05:37,786 - criterrorLogger - CRITICAL - something failed!
2014-09-15 13:05:37,787 - criterrorLogger - CRITICAL - relation "type" does not exist
LINE 1: INSERT INTO type (name_en, origin) SELECT 'mexican_restauran...
                    ^

2014-09-15 13:05:41,497 - criterrorLogger - CRITICAL - something failed!
2014-09-15 13:05:41,497 - criterrorLogger - CRITICAL - relation "type" does not exist
LINE 1: INSERT INTO type (name_en, origin) SELECT 'atm_location', 'G...
                    ^

2014-09-15 13:05:44,319 - criterrorLogger - CRITICAL - something failed!
2014-09-15 13:05:44,324 - criterrorLogger - CRITICAL - relation "type" does not exist
LINE 1: INSERT INTO type (name_en, origin) SELECT 'hamburger_restaur...
                    ^

2014-09-15 13:05:45,468 - criterrorLogger - CRITICAL - something failed!
2014-09-15 13:05:45,485 - criterrorLogger - CRITICAL - relation "type" does not exist
LINE 1: INSERT INTO type (name_en, origin) SELECT 'discount_store', ...
                    ^

2014-09-15 13:05:47,994 - criterrorLogger - CRITICAL - something failed!
2014-09-15 13:05:47,995 - criterrorLogger - CRITICAL - relation "type" does not exist
LINE 1: INSERT INTO type (name_en, origin) SELECT 'store', 'GP' WHER...
                    ^

2014-09-15 13:05:49,479 - criterrorLogger - CRITICAL - something failed!
2014-09-15 13:05:49,489 - criterrorLogger - CRITICAL - relation "type" does not exist
LINE 1: INSERT INTO type (name_en, origin) SELECT 'meal_takeaway', '...
                    ^

2014-09-15 13:05:52,813 - criterrorLogger - CRITICAL - something failed!
2014-09-15 13:05:52,814 - criterrorLogger - CRITICAL - relation "type" does not exist
LINE 1: INSERT INTO type (name_en, origin) SELECT 'tax_preparation_s...
                    ^

2014-09-15 13:05:54,794 - criterrorLogger - CRITICAL - something failed!
2014-09-15 13:05:54,805 - criterrorLogger - CRITICAL - relation "type" does not exist
LINE 1: INSERT INTO type (name_en, origin) SELECT 'outdoor_power_equ...
                    ^

2014-09-15 13:05:56,826 - criterrorLogger - CRITICAL - something failed!
2014-09-15 13:05:56,827 - criterrorLogger - CRITICAL - relation "type" does not exist
LINE 1: INSERT INTO type (name_en, origin) SELECT 'convenience_store...
                    ^

2014-09-15 13:05:59,502 - criterrorLogger - CRITICAL - something failed!
2014-09-15 13:05:59,503 - criterrorLogger - CRITICAL - relation "type" does not exist
LINE 1: INSERT INTO type (name_en, origin) SELECT 'insurance_agency'...
                    ^

2014-09-15 13:06:01,000 - criterrorLogger - CRITICAL - something failed!
2014-09-15 13:06:01,001 - criterrorLogger - CRITICAL - relation "type" does not exist
LINE 1: INSERT INTO type (name_en, origin) SELECT 'service_station',...
                    ^

2014-09-15 13:06:03,218 - criterrorLogger - CRITICAL - something failed!
2014-09-15 13:06:03,218 - criterrorLogger - CRITICAL - relation "type" does not exist
LINE 1: INSERT INTO type (name_en, origin) SELECT 'movie_rental', 'G...
                    ^

2014-09-15 13:06:07,243 - criterrorLogger - CRITICAL - something failed!
2014-09-15 13:06:07,244 - criterrorLogger - CRITICAL - relation "type" does not exist
LINE 1: INSERT INTO type (name_en, origin) SELECT 'deli', 'GP' WHERE...
                    ^

2014-09-15 13:06:09,783 - criterrorLogger - CRITICAL - something failed!
2014-09-15 13:06:09,784 - criterrorLogger - CRITICAL - relation "type" does not exist
LINE 1: INSERT INTO type (name_en, origin) SELECT 'gas_company', 'GP...
                    ^

2014-09-15 13:06:13,230 - criterrorLogger - CRITICAL - something failed!
2014-09-15 13:06:13,231 - criterrorLogger - CRITICAL - relation "type" does not exist
LINE 1: INSERT INTO type (name_en, origin) SELECT 'pharmacy', 'GP' W...
                    ^

