2014-09-15 13:09:43,624 - criterrorLogger - CRITICAL - something failed!
2014-09-15 13:09:43,624 - criterrorLogger - CRITICAL - relation "type" does not exist
LINE 1: ...ost_office', 'GP' WHERE NOT EXISTS (SELECT 1 FROM type WHERE...
                                                             ^

2014-09-15 13:12:23,845 - criterrorLogger - CRITICAL - something failed!
2014-09-15 13:12:23,845 - criterrorLogger - CRITICAL - relation "type" does not exist
LINE 1: ...ost_office', 'GP' WHERE NOT EXISTS (SELECT 1 FROM type WHERE...
                                                             ^

2014-09-15 13:13:14,733 - criterrorLogger - CRITICAL - something failed!
2014-09-15 13:13:14,733 - criterrorLogger - CRITICAL - relation "type" does not exist
LINE 1: ...brake_shop', 'GP' WHERE NOT EXISTS (SELECT 1 FROM type WHERE...
                                                             ^

2014-09-15 13:13:18,011 - criterrorLogger - CRITICAL - something failed!
2014-09-15 13:13:18,011 - criterrorLogger - CRITICAL - relation "type" does not exist
LINE 1: ...LECT 'park', 'GP' WHERE NOT EXISTS (SELECT 1 FROM type WHERE...
                                                             ^

2014-09-15 13:13:20,933 - criterrorLogger - CRITICAL - something failed!
2014-09-15 13:13:20,933 - criterrorLogger - CRITICAL - relation "type" does not exist
LINE 1: ...food_store', 'GP' WHERE NOT EXISTS (SELECT 1 FROM type WHERE...
                                                             ^

2014-09-15 13:13:21,671 - criterrorLogger - CRITICAL - something failed!
2014-09-15 13:13:21,672 - criterrorLogger - CRITICAL - relation "type" does not exist
LINE 1: ...restaurant', 'GP' WHERE NOT EXISTS (SELECT 1 FROM type WHERE...
                                                             ^

2014-09-15 13:13:24,632 - criterrorLogger - CRITICAL - something failed!
2014-09-15 13:13:24,632 - criterrorLogger - CRITICAL - relation "type" does not exist
LINE 1: ...restaurant', 'GP' WHERE NOT EXISTS (SELECT 1 FROM type WHERE...
                                                             ^

2014-09-15 13:13:26,381 - criterrorLogger - CRITICAL - something failed!
2014-09-15 13:13:26,403 - criterrorLogger - CRITICAL - relation "type" does not exist
LINE 1: ...on_service', 'GP' WHERE NOT EXISTS (SELECT 1 FROM type WHERE...
                                                             ^

2014-09-15 13:13:28,530 - criterrorLogger - CRITICAL - something failed!
2014-09-15 13:13:28,530 - criterrorLogger - CRITICAL - relation "type" does not exist
LINE 1: ...ware_store', 'GP' WHERE NOT EXISTS (SELECT 1 FROM type WHERE...
                                                             ^

2014-09-15 13:13:30,060 - criterrorLogger - CRITICAL - something failed!
2014-09-15 13:13:30,060 - criterrorLogger - CRITICAL - relation "type" does not exist
LINE 1: ...as_station', 'GP' WHERE NOT EXISTS (SELECT 1 FROM type WHERE...
                                                             ^

2014-09-15 13:13:32,931 - criterrorLogger - CRITICAL - something failed!
2014-09-15 13:13:32,931 - criterrorLogger - CRITICAL - relation "type" does not exist
LINE 1: ...nd_mailing', 'GP' WHERE NOT EXISTS (SELECT 1 FROM type WHERE...
                                                             ^

2014-09-15 13:13:33,996 - criterrorLogger - CRITICAL - something failed!
2014-09-15 13:13:33,996 - criterrorLogger - CRITICAL - relation "type" does not exist
LINE 1: ...'insurance', 'GP' WHERE NOT EXISTS (SELECT 1 FROM type WHERE...
                                                             ^

2014-09-15 13:13:36,037 - criterrorLogger - CRITICAL - something failed!
2014-09-15 13:13:36,037 - criterrorLogger - CRITICAL - relation "type" does not exist
LINE 1: ...el_station', 'GP' WHERE NOT EXISTS (SELECT 1 FROM type WHERE...
                                                             ^

2014-09-15 13:13:37,621 - criterrorLogger - CRITICAL - something failed!
2014-09-15 13:13:37,622 - criterrorLogger - CRITICAL - relation "type" does not exist
LINE 1: ...vie_rental', 'GP' WHERE NOT EXISTS (SELECT 1 FROM type WHERE...
                                                             ^

2014-09-15 13:13:41,809 - criterrorLogger - CRITICAL - something failed!
2014-09-15 13:13:41,809 - criterrorLogger - CRITICAL - relation "type" does not exist
LINE 1: ... 'pharmacy', 'GP' WHERE NOT EXISTS (SELECT 1 FROM type WHERE...
                                                             ^

2014-09-15 13:13:42,678 - criterrorLogger - CRITICAL - something failed!
2014-09-15 13:13:42,679 - criterrorLogger - CRITICAL - relation "type" does not exist
LINE 1: ...arts_store', 'GP' WHERE NOT EXISTS (SELECT 1 FROM type WHERE...
                                                             ^

2014-09-15 13:13:43,410 - criterrorLogger - CRITICAL - something failed!
2014-09-15 13:13:43,411 - criterrorLogger - CRITICAL - relation "type" does not exist
LINE 1: ...offee_shop', 'GP' WHERE NOT EXISTS (SELECT 1 FROM type WHERE...
                                                             ^

2014-09-15 13:13:46,883 - criterrorLogger - CRITICAL - something failed!
2014-09-15 13:13:46,884 - criterrorLogger - CRITICAL - relation "type" does not exist
LINE 1: ...consultant', 'GP' WHERE NOT EXISTS (SELECT 1 FROM type WHERE...
                                                             ^

2014-09-15 13:13:51,516 - criterrorLogger - CRITICAL - something failed!
2014-09-15 13:13:51,516 - criterrorLogger - CRITICAL - relation "type" does not exist
LINE 1: ...nce_agency', 'GP' WHERE NOT EXISTS (SELECT 1 FROM type WHERE...
                                                             ^

2014-09-15 13:13:52,420 - criterrorLogger - CRITICAL - something failed!
2014-09-15 13:13:52,421 - criterrorLogger - CRITICAL - relation "type" does not exist
LINE 1: ...restaurant', 'GP' WHERE NOT EXISTS (SELECT 1 FROM type WHERE...
                                                             ^

2014-09-15 13:13:53,568 - criterrorLogger - CRITICAL - something failed!
2014-09-15 13:13:53,569 - criterrorLogger - CRITICAL - relation "type" does not exist
LINE 1: ...e_supplier', 'GP' WHERE NOT EXISTS (SELECT 1 FROM type WHERE...
                                                             ^

2014-09-15 13:13:54,862 - criterrorLogger - CRITICAL - something failed!
2014-09-15 13:13:54,875 - criterrorLogger - CRITICAL - relation "type" does not exist
LINE 1: ...ost_office', 'GP' WHERE NOT EXISTS (SELECT 1 FROM type WHERE...
                                                             ^

2014-09-15 13:13:56,474 - criterrorLogger - CRITICAL - something failed!
2014-09-15 13:13:56,474 - criterrorLogger - CRITICAL - relation "type" does not exist
LINE 1: ...nd_mailing', 'GP' WHERE NOT EXISTS (SELECT 1 FROM type WHERE...
                                                             ^

2014-09-15 13:13:58,867 - criterrorLogger - CRITICAL - something failed!
2014-09-15 13:13:58,868 - criterrorLogger - CRITICAL - relation "type" does not exist
LINE 1: ...ank_kiosks', 'GP' WHERE NOT EXISTS (SELECT 1 FROM type WHERE...
                                                             ^

2014-09-15 13:14:01,243 - criterrorLogger - CRITICAL - something failed!
2014-09-15 13:14:01,244 - criterrorLogger - CRITICAL - relation "type" does not exist
LINE 1: ...restaurant', 'GP' WHERE NOT EXISTS (SELECT 1 FROM type WHERE...
                                                             ^

2014-09-15 13:14:03,027 - criterrorLogger - CRITICAL - something failed!
2014-09-15 13:14:03,028 - criterrorLogger - CRITICAL - relation "type" does not exist
LINE 1: ...uter_store', 'GP' WHERE NOT EXISTS (SELECT 1 FROM type WHERE...
                                                             ^

2014-09-15 13:14:04,592 - criterrorLogger - CRITICAL - something failed!
2014-09-15 13:14:04,592 - criterrorLogger - CRITICAL - relation "type" does not exist
LINE 1: ...m_location', 'GP' WHERE NOT EXISTS (SELECT 1 FROM type WHERE...
                                                             ^

2014-09-15 13:14:11,712 - criterrorLogger - CRITICAL - something failed!
2014-09-15 13:14:11,714 - criterrorLogger - CRITICAL - relation "type" does not exist
LINE 1: ...ress_store', 'GP' WHERE NOT EXISTS (SELECT 1 FROM type WHERE...
                                                             ^

2014-09-15 13:16:53,644 - criterrorLogger - CRITICAL - something failed!
2014-09-15 13:16:53,645 - criterrorLogger - CRITICAL - relation "type" does not exist
LINE 1: ...ost_office', 'GP' WHERE NOT EXISTS (SELECT 1 FROM type WHERE...
                                                             ^

2014-09-15 13:17:59,338 - criterrorLogger - CRITICAL - something failed!
2014-09-15 13:17:59,370 - criterrorLogger - CRITICAL - relation "type" does not exist
LINE 1: ...rvices_nec', 'GP' WHERE NOT EXISTS (SELECT 1 FROM type WHERE...
                                                             ^

2014-09-15 13:18:02,708 - criterrorLogger - CRITICAL - something failed!
2014-09-15 13:18:02,709 - criterrorLogger - CRITICAL - relation "type" does not exist
LINE 1: ...restaurant', 'GP' WHERE NOT EXISTS (SELECT 1 FROM type WHERE...
                                                             ^

2014-09-15 13:18:03,840 - criterrorLogger - CRITICAL - something failed!
2014-09-15 13:18:03,840 - criterrorLogger - CRITICAL - relation "type" does not exist
LINE 1: ...'toy_store', 'GP' WHERE NOT EXISTS (SELECT 1 FROM type WHERE...
                                                             ^

2014-09-15 13:18:06,577 - criterrorLogger - CRITICAL - something failed!
2014-09-15 13:18:06,577 - criterrorLogger - CRITICAL - relation "type" does not exist
LINE 1: ...restaurant', 'GP' WHERE NOT EXISTS (SELECT 1 FROM type WHERE...
                                                             ^

2014-09-15 13:18:08,854 - criterrorLogger - CRITICAL - something failed!
2014-09-15 13:18:08,871 - criterrorLogger - CRITICAL - relation "type" does not exist
LINE 1: ...on_service', 'GP' WHERE NOT EXISTS (SELECT 1 FROM type WHERE...
                                                             ^

2014-09-15 13:18:11,243 - criterrorLogger - CRITICAL - something failed!
2014-09-15 13:18:11,245 - criterrorLogger - CRITICAL - relation "type" does not exist
LINE 1: ...ware_store', 'GP' WHERE NOT EXISTS (SELECT 1 FROM type WHERE...
                                                             ^

2014-09-15 13:18:12,761 - criterrorLogger - CRITICAL - something failed!
2014-09-15 13:18:12,761 - criterrorLogger - CRITICAL - relation "type" does not exist
LINE 1: ...as_station', 'GP' WHERE NOT EXISTS (SELECT 1 FROM type WHERE...
                                                             ^

2014-09-15 13:18:19,112 - criterrorLogger - CRITICAL - something failed!
2014-09-15 13:18:19,125 - criterrorLogger - CRITICAL - relation "type" does not exist
LINE 1: ...vie_rental', 'GP' WHERE NOT EXISTS (SELECT 1 FROM type WHERE...
                                                             ^

2014-09-15 13:18:20,048 - criterrorLogger - CRITICAL - something failed!
2014-09-15 13:18:20,049 - criterrorLogger - CRITICAL - relation "type" does not exist
LINE 1: ...ECT 'hotel', 'GP' WHERE NOT EXISTS (SELECT 1 FROM type WHERE...
                                                             ^

2014-09-15 13:18:22,635 - criterrorLogger - CRITICAL - something failed!
2014-09-15 13:18:22,636 - criterrorLogger - CRITICAL - relation "type" does not exist
LINE 1: ...al_service', 'GP' WHERE NOT EXISTS (SELECT 1 FROM type WHERE...
                                                             ^

2014-09-15 13:18:24,864 - criterrorLogger - CRITICAL - something failed!
2014-09-15 13:18:24,864 - criterrorLogger - CRITICAL - relation "type" does not exist
LINE 1: ...dwich_shop', 'GP' WHERE NOT EXISTS (SELECT 1 FROM type WHERE...
                                                             ^

2014-09-15 13:18:31,407 - criterrorLogger - CRITICAL - something failed!
2014-09-15 13:18:31,408 - criterrorLogger - CRITICAL - relation "type" does not exist
LINE 1: ...ECT 'motel', 'GP' WHERE NOT EXISTS (SELECT 1 FROM type WHERE...
                                                             ^

2014-09-15 13:18:35,421 - criterrorLogger - CRITICAL - something failed!
2014-09-15 13:18:35,422 - criterrorLogger - CRITICAL - relation "type" does not exist
LINE 1: ...nce_agency', 'GP' WHERE NOT EXISTS (SELECT 1 FROM type WHERE...
                                                             ^

2014-09-15 13:18:36,423 - criterrorLogger - CRITICAL - something failed!
2014-09-15 13:18:36,427 - criterrorLogger - CRITICAL - relation "type" does not exist
LINE 1: ...restaurant', 'GP' WHERE NOT EXISTS (SELECT 1 FROM type WHERE...
                                                             ^

2014-09-15 13:18:37,488 - criterrorLogger - CRITICAL - something failed!
2014-09-15 13:18:37,501 - criterrorLogger - CRITICAL - relation "type" does not exist
LINE 1: ...dwich_shop', 'GP' WHERE NOT EXISTS (SELECT 1 FROM type WHERE...
                                                             ^

2014-09-15 13:18:39,047 - criterrorLogger - CRITICAL - something failed!
2014-09-15 13:18:39,048 - criterrorLogger - CRITICAL - relation "type" does not exist
LINE 1: ...ost_office', 'GP' WHERE NOT EXISTS (SELECT 1 FROM type WHERE...
                                                             ^

2014-09-15 13:18:42,625 - criterrorLogger - CRITICAL - something failed!
2014-09-15 13:18:42,626 - criterrorLogger - CRITICAL - relation "type" does not exist
LINE 1: ...day_saints', 'GP' WHERE NOT EXISTS (SELECT 1 FROM type WHERE...
                                                             ^

2014-09-15 13:22:25,762 - criterrorLogger - CRITICAL - something failed!
2014-09-15 13:22:25,763 - criterrorLogger - CRITICAL - relation "type" does not exist
LINE 1: ...ost_office', 'GP' WHERE NOT EXISTS (SELECT 1 FROM type WHERE...
                                                             ^

2014-09-15 13:23:36,519 - criterrorLogger - CRITICAL - something failed!
2014-09-15 13:23:36,520 - criterrorLogger - CRITICAL - relation "type" does not exist
LINE 1: ...on_service', 'GP' WHERE NOT EXISTS (SELECT 1 FROM type WHERE...
                                                             ^

2014-09-15 13:23:48,052 - criterrorLogger - CRITICAL - something failed!
2014-09-15 13:23:48,053 - criterrorLogger - CRITICAL - relation "type" does not exist
LINE 1: ...arts_store', 'GP' WHERE NOT EXISTS (SELECT 1 FROM type WHERE...
                                                             ^

2014-09-15 13:23:55,431 - criterrorLogger - CRITICAL - something failed!
2014-09-15 13:23:55,432 - criterrorLogger - CRITICAL - relation "type" does not exist
LINE 1: ...nce_agency', 'GP' WHERE NOT EXISTS (SELECT 1 FROM type WHERE...
                                                             ^

2014-09-15 13:23:57,221 - criterrorLogger - CRITICAL - something failed!
2014-09-15 13:23:57,228 - criterrorLogger - CRITICAL - relation "type" does not exist
LINE 1: ...ost_office', 'GP' WHERE NOT EXISTS (SELECT 1 FROM type WHERE...
                                                             ^

2014-09-15 13:24:01,021 - criterrorLogger - CRITICAL - something failed!
2014-09-15 13:24:01,023 - criterrorLogger - CRITICAL - relation "type" does not exist
LINE 1: ...day_saints', 'GP' WHERE NOT EXISTS (SELECT 1 FROM type WHERE...
                                                             ^

2014-09-15 13:24:03,675 - criterrorLogger - CRITICAL - something failed!
2014-09-15 13:24:03,678 - criterrorLogger - CRITICAL - relation "type" does not exist
LINE 1: ...contractor', 'GP' WHERE NOT EXISTS (SELECT 1 FROM type WHERE...
                                                             ^

2014-09-15 13:24:36,668 - criterrorLogger - CRITICAL - something failed!
2014-09-15 13:24:36,669 - criterrorLogger - CRITICAL - relation "type" does not exist
LINE 1: ...arts_store', 'GP' WHERE NOT EXISTS (SELECT 1 FROM type WHERE...
                                                             ^

2014-09-15 13:29:03,327 - criterrorLogger - CRITICAL - something failed!
2014-09-15 13:29:03,328 - criterrorLogger - CRITICAL - relation "type" does not exist
LINE 1: ...arts_store', 'GP' WHERE NOT EXISTS (SELECT 1 FROM type WHERE...
                                                             ^

2014-09-15 13:30:16,579 - criterrorLogger - CRITICAL - something failed!
2014-09-15 13:30:16,582 - criterrorLogger - CRITICAL - relation "type" does not exist
LINE 1: ...on_service', 'GP' WHERE NOT EXISTS (SELECT 1 FROM type WHERE...
                                                             ^

2014-09-15 13:30:36,276 - criterrorLogger - CRITICAL - something failed!
2014-09-15 13:30:36,277 - criterrorLogger - CRITICAL - relation "type" does not exist
LINE 1: ...nce_agency', 'GP' WHERE NOT EXISTS (SELECT 1 FROM type WHERE...
                                                             ^

2014-09-15 13:30:37,908 - criterrorLogger - CRITICAL - something failed!
2014-09-15 13:30:37,908 - criterrorLogger - CRITICAL - relation "type" does not exist
LINE 1: ...ost_office', 'GP' WHERE NOT EXISTS (SELECT 1 FROM type WHERE...
                                                             ^

2014-09-15 13:30:41,089 - criterrorLogger - CRITICAL - something failed!
2014-09-15 13:30:41,090 - criterrorLogger - CRITICAL - relation "type" does not exist
LINE 1: ...day_saints', 'GP' WHERE NOT EXISTS (SELECT 1 FROM type WHERE...
                                                             ^

2014-09-15 13:30:43,573 - criterrorLogger - CRITICAL - something failed!
2014-09-15 13:30:43,575 - criterrorLogger - CRITICAL - relation "type" does not exist
LINE 1: ...contractor', 'GP' WHERE NOT EXISTS (SELECT 1 FROM type WHERE...
                                                             ^

2014-09-15 13:31:05,539 - criterrorLogger - CRITICAL - something failed!
2014-09-15 13:31:05,542 - criterrorLogger - CRITICAL - relation "type" does not exist
LINE 1: ...ware_store', 'GP' WHERE NOT EXISTS (SELECT 1 FROM type WHERE...
                                                             ^

2014-09-15 13:31:06,993 - criterrorLogger - CRITICAL - something failed!
2014-09-15 13:31:06,994 - criterrorLogger - CRITICAL - relation "type" does not exist
LINE 1: ...ence_store', 'GP' WHERE NOT EXISTS (SELECT 1 FROM type WHERE...
                                                             ^

2014-09-15 13:31:16,562 - criterrorLogger - CRITICAL - something failed!
2014-09-15 13:31:16,562 - criterrorLogger - CRITICAL - relation "type" does not exist
LINE 1: ...arts_store', 'GP' WHERE NOT EXISTS (SELECT 1 FROM type WHERE...
                                                             ^

2014-09-15 13:31:24,438 - criterrorLogger - CRITICAL - something failed!
2014-09-15 13:31:24,457 - criterrorLogger - CRITICAL - relation "type" does not exist
LINE 1: ...nce_agency', 'GP' WHERE NOT EXISTS (SELECT 1 FROM type WHERE...
                                                             ^

2014-09-15 13:31:26,498 - criterrorLogger - CRITICAL - something failed!
2014-09-15 13:31:26,500 - criterrorLogger - CRITICAL - relation "type" does not exist
LINE 1: ...ost_office', 'GP' WHERE NOT EXISTS (SELECT 1 FROM type WHERE...
                                                             ^

2014-09-15 13:31:29,721 - criterrorLogger - CRITICAL - something failed!
2014-09-15 13:31:29,722 - criterrorLogger - CRITICAL - relation "type" does not exist
LINE 1: ...day_saints', 'GP' WHERE NOT EXISTS (SELECT 1 FROM type WHERE...
                                                             ^

2014-09-15 13:31:53,424 - criterrorLogger - CRITICAL - something failed!
2014-09-15 13:31:53,425 - criterrorLogger - CRITICAL - relation "type" does not exist
LINE 1: ...ware_store', 'GP' WHERE NOT EXISTS (SELECT 1 FROM type WHERE...
                                                             ^

2014-09-15 13:31:55,131 - criterrorLogger - CRITICAL - something failed!
2014-09-15 13:31:55,132 - criterrorLogger - CRITICAL - relation "type" does not exist
LINE 1: ...ence_store', 'GP' WHERE NOT EXISTS (SELECT 1 FROM type WHERE...
                                                             ^

2014-09-15 13:32:04,206 - criterrorLogger - CRITICAL - something failed!
2014-09-15 13:32:04,208 - criterrorLogger - CRITICAL - relation "type" does not exist
LINE 1: ...arts_store', 'GP' WHERE NOT EXISTS (SELECT 1 FROM type WHERE...
                                                             ^

2014-09-15 13:32:11,069 - criterrorLogger - CRITICAL - something failed!
2014-09-15 13:32:11,071 - criterrorLogger - CRITICAL - relation "type" does not exist
LINE 1: ...nce_agency', 'GP' WHERE NOT EXISTS (SELECT 1 FROM type WHERE...
                                                             ^

2014-09-15 13:32:13,021 - criterrorLogger - CRITICAL - something failed!
2014-09-15 13:32:13,022 - criterrorLogger - CRITICAL - relation "type" does not exist
LINE 1: ...ost_office', 'GP' WHERE NOT EXISTS (SELECT 1 FROM type WHERE...
                                                             ^

2014-09-15 13:32:15,940 - criterrorLogger - CRITICAL - something failed!
2014-09-15 13:32:15,941 - criterrorLogger - CRITICAL - relation "type" does not exist
LINE 1: ...day_saints', 'GP' WHERE NOT EXISTS (SELECT 1 FROM type WHERE...
                                                             ^

2014-09-15 13:34:34,041 - criterrorLogger - CRITICAL - something failed!
2014-09-15 13:34:34,043 - criterrorLogger - CRITICAL - relation "type" does not exist
LINE 1: ...day_saints', 'GP' WHERE NOT EXISTS (SELECT 1 FROM type WHERE...
                                                             ^

2014-09-15 13:40:55,964 - criterrorLogger - CRITICAL - something failed!
2014-09-15 13:40:55,965 - criterrorLogger - CRITICAL - relation "type" does not exist
LINE 1: ...aintenance', 'GP' WHERE NOT EXISTS (SELECT 1 FROM type WHERE...
                                                             ^

2014-09-15 13:41:07,296 - criterrorLogger - CRITICAL - something failed!
2014-09-15 13:41:07,299 - criterrorLogger - CRITICAL - relation "type" does not exist
LINE 1: ...ost_office', 'GP' WHERE NOT EXISTS (SELECT 1 FROM type WHERE...
                                                             ^

2014-09-15 13:41:31,796 - criterrorLogger - CRITICAL - something failed!
2014-09-15 13:41:31,797 - criterrorLogger - CRITICAL - relation "type" does not exist
LINE 1: ...as_station', 'GP' WHERE NOT EXISTS (SELECT 1 FROM type WHERE...
                                                             ^

2014-09-15 13:41:49,358 - criterrorLogger - CRITICAL - something failed!
2014-09-15 13:41:49,359 - criterrorLogger - CRITICAL - relation "type" does not exist
LINE 1: ...ost_office', 'GP' WHERE NOT EXISTS (SELECT 1 FROM type WHERE...
                                                             ^

2014-09-15 13:42:05,500 - criterrorLogger - CRITICAL - something failed!
2014-09-15 13:42:05,501 - criterrorLogger - CRITICAL - relation "type" does not exist
LINE 1: ...m_location', 'GP' WHERE NOT EXISTS (SELECT 1 FROM type WHERE...
                                                             ^

2014-09-15 13:42:57,130 - criterrorLogger - CRITICAL - something failed!
2014-09-15 13:42:57,140 - criterrorLogger - CRITICAL - relation "type" does not exist
LINE 1: ...restaurant', 'GP' WHERE NOT EXISTS (SELECT 1 FROM type WHERE...
                                                             ^

2014-09-15 13:43:13,475 - criterrorLogger - CRITICAL - something failed!
2014-09-15 13:43:13,477 - criterrorLogger - CRITICAL - relation "type" does not exist
LINE 1: ...ECT 'hotel', 'GP' WHERE NOT EXISTS (SELECT 1 FROM type WHERE...
                                                             ^

2014-09-15 13:43:20,625 - criterrorLogger - CRITICAL - something failed!
2014-09-15 13:43:20,626 - criterrorLogger - CRITICAL - relation "type" does not exist
LINE 1: ...restaurant', 'GP' WHERE NOT EXISTS (SELECT 1 FROM type WHERE...
                                                             ^

2014-09-15 13:43:22,219 - criterrorLogger - CRITICAL - something failed!
2014-09-15 13:43:22,229 - criterrorLogger - CRITICAL - relation "type" does not exist
LINE 1: ...ost_office', 'GP' WHERE NOT EXISTS (SELECT 1 FROM type WHERE...
                                                             ^

2014-09-15 13:50:43,685 - criterrorLogger - CRITICAL - something failed!
2014-09-15 13:50:43,698 - criterrorLogger - CRITICAL - relation "type" does not exist
LINE 1: ...ost_office', 'GP' WHERE NOT EXISTS (SELECT 1 FROM type WHERE...
                                                             ^

2014-09-15 13:54:25,726 - criterrorLogger - CRITICAL - something failed!
2014-09-15 13:54:25,726 - criterrorLogger - CRITICAL - relation "type" does not exist
LINE 1: ...ost_office', 'GP' WHERE NOT EXISTS (SELECT 1 FROM type WHERE...
                                                             ^

2014-09-15 13:57:57,945 - criterrorLogger - CRITICAL - something failed!
2014-09-15 13:57:57,945 - criterrorLogger - CRITICAL - relation "type" does not exist
LINE 1: ...contractor', 'GP' WHERE NOT EXISTS (SELECT 1 FROM type WHERE...
                                                             ^

2014-09-15 13:58:42,263 - criterrorLogger - CRITICAL - something failed!
2014-09-15 13:58:42,263 - criterrorLogger - CRITICAL - relation "type" does not exist
LINE 1: ...contractor', 'GP' WHERE NOT EXISTS (SELECT 1 FROM type WHERE...
                                                             ^

2014-09-15 14:00:03,950 - criterrorLogger - CRITICAL - something failed!
2014-09-15 14:00:03,951 - criterrorLogger - CRITICAL - relation "type" does not exist
LINE 1: ...ost_office', 'GP' WHERE NOT EXISTS (SELECT 1 FROM type WHERE...
                                                             ^

2014-09-15 14:01:03,111 - criterrorLogger - CRITICAL - something failed!
2014-09-15 14:01:03,111 - criterrorLogger - CRITICAL - relation "type" does not exist
LINE 1: ...on_service', 'GP' WHERE NOT EXISTS (SELECT 1 FROM type WHERE...
                                                             ^

2014-09-15 14:01:04,035 - criterrorLogger - CRITICAL - something failed!
2014-09-15 14:01:04,036 - criterrorLogger - CRITICAL - relation "type" does not exist
LINE 1: ...restaurant', 'GP' WHERE NOT EXISTS (SELECT 1 FROM type WHERE...
                                                             ^

2014-09-15 14:01:05,191 - criterrorLogger - CRITICAL - something failed!
2014-09-15 14:01:05,191 - criterrorLogger - CRITICAL - relation "type" does not exist
LINE 1: ...ECT 'hotel', 'GP' WHERE NOT EXISTS (SELECT 1 FROM type WHERE...
                                                             ^

2014-09-15 14:01:06,832 - criterrorLogger - CRITICAL - something failed!
2014-09-15 14:01:06,832 - criterrorLogger - CRITICAL - relation "type" does not exist
LINE 1: ...ECT 'hotel', 'GP' WHERE NOT EXISTS (SELECT 1 FROM type WHERE...
                                                             ^

2014-09-15 14:01:08,261 - criterrorLogger - CRITICAL - something failed!
2014-09-15 14:01:08,262 - criterrorLogger - CRITICAL - relation "type" does not exist
LINE 1: ...ECT 'hotel', 'GP' WHERE NOT EXISTS (SELECT 1 FROM type WHERE...
                                                             ^

2014-09-15 14:01:09,375 - criterrorLogger - CRITICAL - something failed!
2014-09-15 14:01:09,376 - criterrorLogger - CRITICAL - relation "type" does not exist
LINE 1: ...l_delivery', 'GP' WHERE NOT EXISTS (SELECT 1 FROM type WHERE...
                                                             ^

2014-09-15 14:01:10,440 - criterrorLogger - CRITICAL - something failed!
2014-09-15 14:01:10,441 - criterrorLogger - CRITICAL - relation "type" does not exist
LINE 1: ...ment_store', 'GP' WHERE NOT EXISTS (SELECT 1 FROM type WHERE...
                                                             ^

2014-09-15 14:01:11,492 - criterrorLogger - CRITICAL - something failed!
2014-09-15 14:01:11,492 - criterrorLogger - CRITICAL - relation "type" does not exist
LINE 1: ...restaurant', 'GP' WHERE NOT EXISTS (SELECT 1 FROM type WHERE...
                                                             ^

2014-09-15 14:01:12,700 - criterrorLogger - CRITICAL - something failed!
2014-09-15 14:01:12,700 - criterrorLogger - CRITICAL - relation "type" does not exist
LINE 1: ... 'pharmacy', 'GP' WHERE NOT EXISTS (SELECT 1 FROM type WHERE...
                                                             ^

2014-09-15 14:01:14,290 - criterrorLogger - CRITICAL - something failed!
2014-09-15 14:01:14,291 - criterrorLogger - CRITICAL - relation "type" does not exist
LINE 1: ...restaurant', 'GP' WHERE NOT EXISTS (SELECT 1 FROM type WHERE...
                                                             ^

2014-09-15 14:01:15,686 - criterrorLogger - CRITICAL - something failed!
2014-09-15 14:01:15,687 - criterrorLogger - CRITICAL - relation "type" does not exist
LINE 1: ...l_delivery', 'GP' WHERE NOT EXISTS (SELECT 1 FROM type WHERE...
                                                             ^

2014-09-15 14:01:16,804 - criterrorLogger - CRITICAL - something failed!
2014-09-15 14:01:16,805 - criterrorLogger - CRITICAL - relation "type" does not exist
LINE 1: ...ECT 'hotel', 'GP' WHERE NOT EXISTS (SELECT 1 FROM type WHERE...
                                                             ^

2014-09-15 14:01:17,914 - criterrorLogger - CRITICAL - something failed!
2014-09-15 14:01:17,914 - criterrorLogger - CRITICAL - relation "type" does not exist
LINE 1: ...food_store', 'GP' WHERE NOT EXISTS (SELECT 1 FROM type WHERE...
                                                             ^

2014-09-15 14:01:18,795 - criterrorLogger - CRITICAL - something failed!
2014-09-15 14:01:18,795 - criterrorLogger - CRITICAL - relation "type" does not exist
LINE 1: ...restaurant', 'GP' WHERE NOT EXISTS (SELECT 1 FROM type WHERE...
                                                             ^

2014-09-15 14:01:19,565 - criterrorLogger - CRITICAL - something failed!
2014-09-15 14:01:19,566 - criterrorLogger - CRITICAL - relation "type" does not exist
LINE 1: ...tery_store', 'GP' WHERE NOT EXISTS (SELECT 1 FROM type WHERE...
                                                             ^

2014-09-15 14:01:20,535 - criterrorLogger - CRITICAL - something failed!
2014-09-15 14:01:20,536 - criterrorLogger - CRITICAL - relation "type" does not exist
LINE 1: ...contractor', 'GP' WHERE NOT EXISTS (SELECT 1 FROM type WHERE...
                                                             ^

2014-09-15 14:01:21,780 - criterrorLogger - CRITICAL - something failed!
2014-09-15 14:01:21,781 - criterrorLogger - CRITICAL - relation "type" does not exist
LINE 1: ...a_takeaway', 'GP' WHERE NOT EXISTS (SELECT 1 FROM type WHERE...
                                                             ^

2014-09-15 14:01:24,126 - criterrorLogger - CRITICAL - something failed!
2014-09-15 14:01:24,127 - criterrorLogger - CRITICAL - relation "type" does not exist
LINE 1: ...restaurant', 'GP' WHERE NOT EXISTS (SELECT 1 FROM type WHERE...
                                                             ^

2014-09-15 14:01:24,917 - criterrorLogger - CRITICAL - something failed!
2014-09-15 14:01:24,924 - criterrorLogger - CRITICAL - relation "type" does not exist
LINE 1: ...arts_store', 'GP' WHERE NOT EXISTS (SELECT 1 FROM type WHERE...
                                                             ^

2014-09-15 14:01:26,708 - criterrorLogger - CRITICAL - something failed!
2014-09-15 14:01:26,708 - criterrorLogger - CRITICAL - relation "type" does not exist
LINE 1: ...on_service', 'GP' WHERE NOT EXISTS (SELECT 1 FROM type WHERE...
                                                             ^

2014-09-15 14:01:27,816 - criterrorLogger - CRITICAL - something failed!
2014-09-15 14:01:27,817 - criterrorLogger - CRITICAL - relation "type" does not exist
LINE 1: ...ment_store', 'GP' WHERE NOT EXISTS (SELECT 1 FROM type WHERE...
                                                             ^

2014-09-15 14:01:29,450 - criterrorLogger - CRITICAL - something failed!
2014-09-15 14:01:29,454 - criterrorLogger - CRITICAL - relation "type" does not exist
LINE 1: ...ealth_club', 'GP' WHERE NOT EXISTS (SELECT 1 FROM type WHERE...
                                                             ^

2014-09-15 14:01:30,322 - criterrorLogger - CRITICAL - something failed!
2014-09-15 14:01:30,323 - criterrorLogger - CRITICAL - relation "type" does not exist
LINE 1: ...ware_store', 'GP' WHERE NOT EXISTS (SELECT 1 FROM type WHERE...
                                                             ^

2014-09-15 14:01:31,609 - criterrorLogger - CRITICAL - something failed!
2014-09-15 14:01:31,612 - criterrorLogger - CRITICAL - relation "type" does not exist
LINE 1: ...as_station', 'GP' WHERE NOT EXISTS (SELECT 1 FROM type WHERE...
                                                             ^

2014-09-15 14:01:32,535 - criterrorLogger - CRITICAL - something failed!
2014-09-15 14:01:32,537 - criterrorLogger - CRITICAL - relation "type" does not exist
LINE 1: ...ment_store', 'GP' WHERE NOT EXISTS (SELECT 1 FROM type WHERE...
                                                             ^

2014-09-15 14:01:33,997 - criterrorLogger - CRITICAL - something failed!
2014-09-15 14:01:33,997 - criterrorLogger - CRITICAL - relation "type" does not exist
LINE 1: ...ment_store', 'GP' WHERE NOT EXISTS (SELECT 1 FROM type WHERE...
                                                             ^

2014-09-15 14:01:35,833 - criterrorLogger - CRITICAL - something failed!
2014-09-15 14:01:35,833 - criterrorLogger - CRITICAL - relation "type" does not exist
LINE 1: ...al_service', 'GP' WHERE NOT EXISTS (SELECT 1 FROM type WHERE...
                                                             ^

2014-09-15 14:01:37,782 - criterrorLogger - CRITICAL - something failed!
2014-09-15 14:01:37,783 - criterrorLogger - CRITICAL - relation "type" does not exist
LINE 1: ...nce_agency', 'GP' WHERE NOT EXISTS (SELECT 1 FROM type WHERE...
                                                             ^

2014-09-15 14:01:40,540 - criterrorLogger - CRITICAL - something failed!
2014-09-15 14:01:40,572 - criterrorLogger - CRITICAL - relation "type" does not exist
LINE 1: ...ECT 'motel', 'GP' WHERE NOT EXISTS (SELECT 1 FROM type WHERE...
                                                             ^

2014-09-15 14:01:41,822 - criterrorLogger - CRITICAL - something failed!
2014-09-15 14:01:41,823 - criterrorLogger - CRITICAL - relation "type" does not exist
LINE 1: ...vie_rental', 'GP' WHERE NOT EXISTS (SELECT 1 FROM type WHERE...
                                                             ^

2014-09-15 14:01:43,089 - criterrorLogger - CRITICAL - something failed!
2014-09-15 14:01:43,110 - criterrorLogger - CRITICAL - relation "type" does not exist
LINE 1: ...ECT 'motel', 'GP' WHERE NOT EXISTS (SELECT 1 FROM type WHERE...
                                                             ^

2014-09-15 14:01:44,220 - criterrorLogger - CRITICAL - something failed!
2014-09-15 14:01:44,220 - criterrorLogger - CRITICAL - relation "type" does not exist
LINE 1: ...automotive', 'GP' WHERE NOT EXISTS (SELECT 1 FROM type WHERE...
                                                             ^

2014-09-15 14:01:46,391 - criterrorLogger - CRITICAL - something failed!
2014-09-15 14:01:46,393 - criterrorLogger - CRITICAL - relation "type" does not exist
LINE 1: ...me_builder', 'GP' WHERE NOT EXISTS (SELECT 1 FROM type WHERE...
                                                             ^

2014-09-15 14:01:47,636 - criterrorLogger - CRITICAL - something failed!
2014-09-15 14:01:47,637 - criterrorLogger - CRITICAL - relation "type" does not exist
LINE 1: ...nce_agency', 'GP' WHERE NOT EXISTS (SELECT 1 FROM type WHERE...
                                                             ^

2014-09-15 14:01:49,022 - criterrorLogger - CRITICAL - something failed!
2014-09-15 14:01:49,022 - criterrorLogger - CRITICAL - relation "type" does not exist
LINE 1: ...dwich_shop', 'GP' WHERE NOT EXISTS (SELECT 1 FROM type WHERE...
                                                             ^

2014-09-15 14:01:50,136 - criterrorLogger - CRITICAL - something failed!
2014-09-15 14:01:50,137 - criterrorLogger - CRITICAL - relation "type" does not exist
LINE 1: ...LECT 'bank', 'GP' WHERE NOT EXISTS (SELECT 1 FROM type WHERE...
                                                             ^

2014-09-15 14:01:51,481 - criterrorLogger - CRITICAL - something failed!
2014-09-15 14:01:51,482 - criterrorLogger - CRITICAL - relation "type" does not exist
LINE 1: ... 'pharmacy', 'GP' WHERE NOT EXISTS (SELECT 1 FROM type WHERE...
                                                             ^

2014-09-15 14:01:52,451 - criterrorLogger - CRITICAL - something failed!
2014-09-15 14:01:52,451 - criterrorLogger - CRITICAL - relation "type" does not exist
LINE 1: ...arts_store', 'GP' WHERE NOT EXISTS (SELECT 1 FROM type WHERE...
                                                             ^

2014-09-15 14:01:53,330 - criterrorLogger - CRITICAL - something failed!
2014-09-15 14:01:53,331 - criterrorLogger - CRITICAL - relation "type" does not exist
LINE 1: ...offee_shop', 'GP' WHERE NOT EXISTS (SELECT 1 FROM type WHERE...
                                                             ^

2014-09-15 14:01:55,053 - criterrorLogger - CRITICAL - something failed!
2014-09-15 14:01:55,054 - criterrorLogger - CRITICAL - relation "type" does not exist
LINE 1: ...ge_service', 'GP' WHERE NOT EXISTS (SELECT 1 FROM type WHERE...
                                                             ^

2014-09-15 14:01:57,259 - criterrorLogger - CRITICAL - something failed!
2014-09-15 14:01:57,261 - criterrorLogger - CRITICAL - relation "type" does not exist
LINE 1: ...ment_store', 'GP' WHERE NOT EXISTS (SELECT 1 FROM type WHERE...
                                                             ^

2014-09-15 14:01:58,444 - criterrorLogger - CRITICAL - something failed!
2014-09-15 14:01:58,445 - criterrorLogger - CRITICAL - relation "type" does not exist
LINE 1: ...consultant', 'GP' WHERE NOT EXISTS (SELECT 1 FROM type WHERE...
                                                             ^

2014-09-15 14:02:02,157 - criterrorLogger - CRITICAL - something failed!
2014-09-15 14:02:02,158 - criterrorLogger - CRITICAL - relation "type" does not exist
LINE 1: ...rift_store', 'GP' WHERE NOT EXISTS (SELECT 1 FROM type WHERE...
                                                             ^

2014-09-15 14:02:05,104 - criterrorLogger - CRITICAL - something failed!
2014-09-15 14:02:05,104 - criterrorLogger - CRITICAL - relation "type" does not exist
LINE 1: ...game_store', 'GP' WHERE NOT EXISTS (SELECT 1 FROM type WHERE...
                                                             ^

2014-09-15 14:02:06,294 - criterrorLogger - CRITICAL - something failed!
2014-09-15 14:02:06,295 - criterrorLogger - CRITICAL - relation "type" does not exist
LINE 1: ...nce_agency', 'GP' WHERE NOT EXISTS (SELECT 1 FROM type WHERE...
                                                             ^

2014-09-15 14:02:07,276 - criterrorLogger - CRITICAL - something failed!
2014-09-15 14:02:07,277 - criterrorLogger - CRITICAL - relation "type" does not exist
LINE 1: ...restaurant', 'GP' WHERE NOT EXISTS (SELECT 1 FROM type WHERE...
                                                             ^

2014-09-15 14:02:08,351 - criterrorLogger - CRITICAL - something failed!
2014-09-15 14:02:08,352 - criterrorLogger - CRITICAL - relation "type" does not exist
LINE 1: ...dwich_shop', 'GP' WHERE NOT EXISTS (SELECT 1 FROM type WHERE...
                                                             ^

2014-09-15 14:02:09,400 - criterrorLogger - CRITICAL - something failed!
2014-09-15 14:02:09,400 - criterrorLogger - CRITICAL - relation "type" does not exist
LINE 1: ...e_supplier', 'GP' WHERE NOT EXISTS (SELECT 1 FROM type WHERE...
                                                             ^

2014-09-15 14:02:10,837 - criterrorLogger - CRITICAL - something failed!
2014-09-15 14:02:10,838 - criterrorLogger - CRITICAL - relation "type" does not exist
LINE 1: ...ost_office', 'GP' WHERE NOT EXISTS (SELECT 1 FROM type WHERE...
                                                             ^

2014-09-15 14:02:11,865 - criterrorLogger - CRITICAL - something failed!
2014-09-15 14:02:11,865 - criterrorLogger - CRITICAL - relation "type" does not exist
LINE 1: ... 'pharmacy', 'GP' WHERE NOT EXISTS (SELECT 1 FROM type WHERE...
                                                             ^

2014-09-15 14:02:13,382 - criterrorLogger - CRITICAL - something failed!
2014-09-15 14:02:13,382 - criterrorLogger - CRITICAL - relation "type" does not exist
LINE 1: ...al_service', 'GP' WHERE NOT EXISTS (SELECT 1 FROM type WHERE...
                                                             ^

2014-09-15 14:02:14,138 - criterrorLogger - CRITICAL - something failed!
2014-09-15 14:02:14,139 - criterrorLogger - CRITICAL - relation "type" does not exist
LINE 1: ...arts_store', 'GP' WHERE NOT EXISTS (SELECT 1 FROM type WHERE...
                                                             ^

2014-09-15 14:02:15,181 - criterrorLogger - CRITICAL - something failed!
2014-09-15 14:02:15,195 - criterrorLogger - CRITICAL - relation "type" does not exist
LINE 1: ...as_station', 'GP' WHERE NOT EXISTS (SELECT 1 FROM type WHERE...
                                                             ^

2014-09-15 14:02:16,954 - criterrorLogger - CRITICAL - something failed!
2014-09-15 14:02:16,969 - criterrorLogger - CRITICAL - relation "type" does not exist
LINE 1: ...day_saints', 'GP' WHERE NOT EXISTS (SELECT 1 FROM type WHERE...
                                                             ^

2014-09-15 14:02:18,010 - criterrorLogger - CRITICAL - something failed!
2014-09-15 14:02:18,010 - criterrorLogger - CRITICAL - relation "type" does not exist
LINE 1: ...upermarket', 'GP' WHERE NOT EXISTS (SELECT 1 FROM type WHERE...
                                                             ^

2014-09-15 14:02:19,094 - criterrorLogger - CRITICAL - something failed!
2014-09-15 14:02:19,094 - criterrorLogger - CRITICAL - relation "type" does not exist
LINE 1: ...e_supplier', 'GP' WHERE NOT EXISTS (SELECT 1 FROM type WHERE...
                                                             ^

2014-09-15 14:02:20,838 - criterrorLogger - CRITICAL - something failed!
2014-09-15 14:02:20,839 - criterrorLogger - CRITICAL - relation "type" does not exist
LINE 1: ...restaurant', 'GP' WHERE NOT EXISTS (SELECT 1 FROM type WHERE...
                                                             ^

2014-09-15 14:02:21,604 - criterrorLogger - CRITICAL - something failed!
2014-09-15 14:02:21,604 - criterrorLogger - CRITICAL - relation "type" does not exist
LINE 1: ...upermarket', 'GP' WHERE NOT EXISTS (SELECT 1 FROM type WHERE...
                                                             ^

2014-09-15 14:02:22,887 - criterrorLogger - CRITICAL - something failed!
2014-09-15 14:02:22,890 - criterrorLogger - CRITICAL - relation "type" does not exist
LINE 1: ...restaurant', 'GP' WHERE NOT EXISTS (SELECT 1 FROM type WHERE...
                                                             ^

2014-09-15 14:02:24,116 - criterrorLogger - CRITICAL - something failed!
2014-09-15 14:02:24,116 - criterrorLogger - CRITICAL - relation "type" does not exist
LINE 1: ... 'pharmacy', 'GP' WHERE NOT EXISTS (SELECT 1 FROM type WHERE...
                                                             ^

2014-09-15 14:02:25,230 - criterrorLogger - CRITICAL - something failed!
2014-09-15 14:02:25,230 - criterrorLogger - CRITICAL - relation "type" does not exist
LINE 1: ...hing_store', 'GP' WHERE NOT EXISTS (SELECT 1 FROM type WHERE...
                                                             ^

2014-09-15 14:02:29,801 - criterrorLogger - CRITICAL - something failed!
2014-09-15 14:02:29,802 - criterrorLogger - CRITICAL - relation "type" does not exist
LINE 1: ...restaurant', 'GP' WHERE NOT EXISTS (SELECT 1 FROM type WHERE...
                                                             ^

2014-09-15 14:02:30,571 - criterrorLogger - CRITICAL - something failed!
2014-09-15 14:02:30,572 - criterrorLogger - CRITICAL - relation "type" does not exist
LINE 1: ...nics_store', 'GP' WHERE NOT EXISTS (SELECT 1 FROM type WHERE...
                                                             ^

2014-09-15 14:02:31,485 - criterrorLogger - CRITICAL - something failed!
2014-09-15 14:02:31,486 - criterrorLogger - CRITICAL - relation "type" does not exist
LINE 1: ... 'pharmacy', 'GP' WHERE NOT EXISTS (SELECT 1 FROM type WHERE...
                                                             ^

2014-09-15 14:02:32,612 - criterrorLogger - CRITICAL - something failed!
2014-09-15 14:02:32,612 - criterrorLogger - CRITICAL - relation "type" does not exist
LINE 1: ...llar_store', 'GP' WHERE NOT EXISTS (SELECT 1 FROM type WHERE...
                                                             ^

2014-09-15 14:02:33,764 - criterrorLogger - CRITICAL - something failed!
2014-09-15 14:02:33,765 - criterrorLogger - CRITICAL - relation "type" does not exist
LINE 1: ...ELECT 'atm', 'GP' WHERE NOT EXISTS (SELECT 1 FROM type WHERE...
                                                             ^

2014-09-15 14:02:35,170 - criterrorLogger - CRITICAL - something failed!
2014-09-15 14:02:35,171 - criterrorLogger - CRITICAL - relation "type" does not exist
LINE 1: ...brake_shop', 'GP' WHERE NOT EXISTS (SELECT 1 FROM type WHERE...
                                                             ^

2014-09-15 14:02:36,362 - criterrorLogger - CRITICAL - something failed!
2014-09-15 14:02:36,363 - criterrorLogger - CRITICAL - relation "type" does not exist
LINE 1: ...shoe_store', 'GP' WHERE NOT EXISTS (SELECT 1 FROM type WHERE...
                                                             ^

2014-09-15 14:02:37,707 - criterrorLogger - CRITICAL - something failed!
2014-09-15 14:02:37,712 - criterrorLogger - CRITICAL - relation "type" does not exist
LINE 1: ...game_store', 'GP' WHERE NOT EXISTS (SELECT 1 FROM type WHERE...
                                                             ^

2014-09-15 14:02:39,585 - criterrorLogger - CRITICAL - something failed!
2014-09-15 14:02:39,586 - criterrorLogger - CRITICAL - relation "type" does not exist
LINE 1: ...e_provider', 'GP' WHERE NOT EXISTS (SELECT 1 FROM type WHERE...
                                                             ^

2014-09-15 14:02:41,412 - criterrorLogger - CRITICAL - something failed!
2014-09-15 14:02:41,413 - criterrorLogger - CRITICAL - relation "type" does not exist
LINE 1: ...ment_store', 'GP' WHERE NOT EXISTS (SELECT 1 FROM type WHERE...
                                                             ^

2014-09-15 14:02:43,720 - criterrorLogger - CRITICAL - something failed!
2014-09-15 14:02:43,720 - criterrorLogger - CRITICAL - relation "type" does not exist
LINE 1: ...pply_store', 'GP' WHERE NOT EXISTS (SELECT 1 FROM type WHERE...
                                                             ^

2014-09-15 14:02:44,449 - criterrorLogger - CRITICAL - something failed!
2014-09-15 14:02:44,494 - criterrorLogger - CRITICAL - relation "type" does not exist
LINE 1: ...laboratory', 'GP' WHERE NOT EXISTS (SELECT 1 FROM type WHERE...
                                                             ^

2014-09-15 14:02:45,352 - criterrorLogger - CRITICAL - something failed!
2014-09-15 14:02:45,356 - criterrorLogger - CRITICAL - relation "type" does not exist
LINE 1: ...tics_store', 'GP' WHERE NOT EXISTS (SELECT 1 FROM type WHERE...
                                                             ^

2014-09-15 14:02:46,323 - criterrorLogger - CRITICAL - something failed!
2014-09-15 14:02:46,327 - criterrorLogger - CRITICAL - relation "type" does not exist
LINE 1: ...tics_store', 'GP' WHERE NOT EXISTS (SELECT 1 FROM type WHERE...
                                                             ^

2014-09-15 14:02:47,493 - criterrorLogger - CRITICAL - something failed!
2014-09-15 14:02:47,533 - criterrorLogger - CRITICAL - relation "type" does not exist
LINE 1: ...ress_store', 'GP' WHERE NOT EXISTS (SELECT 1 FROM type WHERE...
                                                             ^

2014-09-15 14:02:48,497 - criterrorLogger - CRITICAL - something failed!
2014-09-15 14:02:48,498 - criterrorLogger - CRITICAL - relation "type" does not exist
LINE 1: ...y_location', 'GP' WHERE NOT EXISTS (SELECT 1 FROM type WHERE...
                                                             ^

2014-09-15 14:03:05,661 - criterrorLogger - CRITICAL - something failed!
2014-09-15 14:03:05,661 - criterrorLogger - CRITICAL - relation "type" does not exist
LINE 1: ...ce_station', 'GP' WHERE NOT EXISTS (SELECT 1 FROM type WHERE...
                                                             ^

2014-09-15 14:04:47,249 - criterrorLogger - CRITICAL - something failed!
2014-09-15 14:04:47,249 - criterrorLogger - CRITICAL - relation "type" does not exist
LINE 1: ...ost_office', 'GP' WHERE NOT EXISTS (SELECT 1 FROM type WHERE...
                                                             ^

2014-09-15 14:05:26,943 - criterrorLogger - CRITICAL - something failed!
2014-09-15 14:05:26,944 - criterrorLogger - CRITICAL - relation "type" does not exist
LINE 1: ...LECT 'bank', 'GP' WHERE NOT EXISTS (SELECT 1 FROM type WHERE...
                                                             ^

2014-09-15 14:05:36,553 - criterrorLogger - CRITICAL - something failed!
2014-09-15 14:05:36,568 - criterrorLogger - CRITICAL - relation "type" does not exist
LINE 1: ...ost_office', 'GP' WHERE NOT EXISTS (SELECT 1 FROM type WHERE...
                                                             ^

2014-09-15 14:08:28,616 - criterrorLogger - CRITICAL - something failed!
2014-09-15 14:08:28,618 - criterrorLogger - CRITICAL - relation "type" does not exist
LINE 1: ...restaurant', 'GP' WHERE NOT EXISTS (SELECT 1 FROM type WHERE...
                                                             ^

2014-09-15 14:08:32,875 - criterrorLogger - CRITICAL - something failed!
2014-09-15 14:08:32,876 - criterrorLogger - CRITICAL - relation "type" does not exist
LINE 1: ...on_service', 'GP' WHERE NOT EXISTS (SELECT 1 FROM type WHERE...
                                                             ^

2014-09-15 14:08:35,456 - criterrorLogger - CRITICAL - something failed!
2014-09-15 14:08:35,458 - criterrorLogger - CRITICAL - relation "type" does not exist
LINE 1: ...as_station', 'GP' WHERE NOT EXISTS (SELECT 1 FROM type WHERE...
                                                             ^

2014-09-15 14:08:38,176 - criterrorLogger - CRITICAL - something failed!
2014-09-15 14:08:38,178 - criterrorLogger - CRITICAL - relation "type" does not exist
LINE 1: ...er_service', 'GP' WHERE NOT EXISTS (SELECT 1 FROM type WHERE...
                                                             ^

2014-09-15 14:08:41,787 - criterrorLogger - CRITICAL - something failed!
2014-09-15 14:08:41,788 - criterrorLogger - CRITICAL - relation "type" does not exist
LINE 1: ...vie_rental', 'GP' WHERE NOT EXISTS (SELECT 1 FROM type WHERE...
                                                             ^

2014-09-15 14:08:43,909 - criterrorLogger - CRITICAL - something failed!
2014-09-15 14:08:43,923 - criterrorLogger - CRITICAL - relation "type" does not exist
LINE 1: ..._companies', 'GP' WHERE NOT EXISTS (SELECT 1 FROM type WHERE...
                                                             ^

2014-09-15 14:08:46,097 - criterrorLogger - CRITICAL - something failed!
2014-09-15 14:08:46,098 - criterrorLogger - CRITICAL - relation "type" does not exist
LINE 1: ...dwich_shop', 'GP' WHERE NOT EXISTS (SELECT 1 FROM type WHERE...
                                                             ^

2014-09-15 14:08:47,813 - criterrorLogger - CRITICAL - something failed!
2014-09-15 14:08:47,814 - criterrorLogger - CRITICAL - relation "type" does not exist
LINE 1: ...arts_store', 'GP' WHERE NOT EXISTS (SELECT 1 FROM type WHERE...
                                                             ^

2014-09-15 14:08:51,442 - criterrorLogger - CRITICAL - something failed!
2014-09-15 14:08:51,444 - criterrorLogger - CRITICAL - relation "type" does not exist
LINE 1: ...consultant', 'GP' WHERE NOT EXISTS (SELECT 1 FROM type WHERE...
                                                             ^

2014-09-15 14:08:56,021 - criterrorLogger - CRITICAL - something failed!
2014-09-15 14:08:56,022 - criterrorLogger - CRITICAL - relation "type" does not exist
LINE 1: ...nce_agency', 'GP' WHERE NOT EXISTS (SELECT 1 FROM type WHERE...
                                                             ^

2014-09-15 14:08:56,860 - criterrorLogger - CRITICAL - something failed!
2014-09-15 14:08:56,872 - criterrorLogger - CRITICAL - relation "type" does not exist
LINE 1: ...restaurant', 'GP' WHERE NOT EXISTS (SELECT 1 FROM type WHERE...
                                                             ^

2014-09-15 14:08:57,883 - criterrorLogger - CRITICAL - something failed!
2014-09-15 14:08:57,893 - criterrorLogger - CRITICAL - relation "type" does not exist
LINE 1: ...e_supplier', 'GP' WHERE NOT EXISTS (SELECT 1 FROM type WHERE...
                                                             ^

2014-09-15 14:08:58,838 - criterrorLogger - CRITICAL - something failed!
2014-09-15 14:08:58,860 - criterrorLogger - CRITICAL - relation "type" does not exist
LINE 1: ...ost_office', 'GP' WHERE NOT EXISTS (SELECT 1 FROM type WHERE...
                                                             ^

2014-09-15 14:09:02,090 - criterrorLogger - CRITICAL - something failed!
2014-09-15 14:09:02,091 - criterrorLogger - CRITICAL - relation "type" does not exist
LINE 1: ...day_saints', 'GP' WHERE NOT EXISTS (SELECT 1 FROM type WHERE...
                                                             ^

2014-09-15 14:09:03,056 - criterrorLogger - CRITICAL - something failed!
2014-09-15 14:09:03,058 - criterrorLogger - CRITICAL - relation "type" does not exist
LINE 1: ...upermarket', 'GP' WHERE NOT EXISTS (SELECT 1 FROM type WHERE...
                                                             ^

2014-09-15 14:09:07,080 - criterrorLogger - CRITICAL - something failed!
2014-09-15 14:09:07,081 - criterrorLogger - CRITICAL - relation "type" does not exist
LINE 1: ...nics_store', 'GP' WHERE NOT EXISTS (SELECT 1 FROM type WHERE...
                                                             ^

2014-09-15 14:09:28,963 - criterrorLogger - CRITICAL - something failed!
2014-09-15 14:09:28,964 - criterrorLogger - CRITICAL - relation "type" does not exist
LINE 1: ...ting_range', 'GP' WHERE NOT EXISTS (SELECT 1 FROM type WHERE...
                                                             ^

2014-09-15 14:10:46,652 - criterrorLogger - CRITICAL - something failed!
2014-09-15 14:10:46,654 - criterrorLogger - CRITICAL - relation "type" does not exist
LINE 1: ...brake_shop', 'GP' WHERE NOT EXISTS (SELECT 1 FROM type WHERE...
                                                             ^

2014-09-15 14:10:48,100 - criterrorLogger - CRITICAL - something failed!
2014-09-15 14:10:48,103 - criterrorLogger - CRITICAL - relation "type" does not exist
LINE 1: ...ELECT 'tax', 'GP' WHERE NOT EXISTS (SELECT 1 FROM type WHERE...
                                                             ^

2014-09-15 14:10:49,078 - criterrorLogger - CRITICAL - something failed!
2014-09-15 14:10:49,079 - criterrorLogger - CRITICAL - relation "type" does not exist
LINE 1: ...restaurant', 'GP' WHERE NOT EXISTS (SELECT 1 FROM type WHERE...
                                                             ^

2014-09-15 14:10:50,223 - criterrorLogger - CRITICAL - something failed!
2014-09-15 14:10:50,226 - criterrorLogger - CRITICAL - relation "type" does not exist
LINE 1: ...ECT 'hotel', 'GP' WHERE NOT EXISTS (SELECT 1 FROM type WHERE...
                                                             ^

2014-09-15 14:10:52,431 - criterrorLogger - CRITICAL - something failed!
2014-09-15 14:10:52,431 - criterrorLogger - CRITICAL - relation "type" does not exist
LINE 1: ...restaurant', 'GP' WHERE NOT EXISTS (SELECT 1 FROM type WHERE...
                                                             ^

2014-09-15 14:10:53,514 - criterrorLogger - CRITICAL - something failed!
2014-09-15 14:10:53,515 - criterrorLogger - CRITICAL - relation "type" does not exist
LINE 1: ...ECT 'hotel', 'GP' WHERE NOT EXISTS (SELECT 1 FROM type WHERE...
                                                             ^

2014-09-15 14:10:55,111 - criterrorLogger - CRITICAL - something failed!
2014-09-15 14:10:55,122 - criterrorLogger - CRITICAL - relation "type" does not exist
LINE 1: ...l_delivery', 'GP' WHERE NOT EXISTS (SELECT 1 FROM type WHERE...
                                                             ^

2014-09-15 14:10:56,393 - criterrorLogger - CRITICAL - something failed!
2014-09-15 14:10:56,394 - criterrorLogger - CRITICAL - relation "type" does not exist
LINE 1: ...restaurant', 'GP' WHERE NOT EXISTS (SELECT 1 FROM type WHERE...
                                                             ^

2014-09-15 14:10:57,472 - criterrorLogger - CRITICAL - something failed!
2014-09-15 14:10:57,472 - criterrorLogger - CRITICAL - relation "type" does not exist
LINE 1: ...restaurant', 'GP' WHERE NOT EXISTS (SELECT 1 FROM type WHERE...
                                                             ^

2014-09-15 14:10:58,502 - criterrorLogger - CRITICAL - something failed!
2014-09-15 14:10:58,502 - criterrorLogger - CRITICAL - relation "type" does not exist
LINE 1: ... 'pharmacy', 'GP' WHERE NOT EXISTS (SELECT 1 FROM type WHERE...
                                                             ^

2014-09-15 14:10:59,641 - criterrorLogger - CRITICAL - something failed!
2014-09-15 14:10:59,642 - criterrorLogger - CRITICAL - relation "type" does not exist
LINE 1: ...restaurant', 'GP' WHERE NOT EXISTS (SELECT 1 FROM type WHERE...
                                                             ^

2014-09-15 14:11:00,921 - criterrorLogger - CRITICAL - something failed!
2014-09-15 14:11:00,922 - criterrorLogger - CRITICAL - relation "type" does not exist
LINE 1: ...restaurant', 'GP' WHERE NOT EXISTS (SELECT 1 FROM type WHERE...
                                                             ^

2014-09-15 14:11:02,511 - criterrorLogger - CRITICAL - something failed!
2014-09-15 14:11:02,512 - criterrorLogger - CRITICAL - relation "type" does not exist
LINE 1: ...food_store', 'GP' WHERE NOT EXISTS (SELECT 1 FROM type WHERE...
                                                             ^

2014-09-15 14:11:04,954 - criterrorLogger - CRITICAL - something failed!
2014-09-15 14:11:04,955 - criterrorLogger - CRITICAL - relation "type" does not exist
LINE 1: ...restaurant', 'GP' WHERE NOT EXISTS (SELECT 1 FROM type WHERE...
                                                             ^

2014-09-15 14:11:05,827 - criterrorLogger - CRITICAL - something failed!
2014-09-15 14:11:05,828 - criterrorLogger - CRITICAL - relation "type" does not exist
LINE 1: ...tery_store', 'GP' WHERE NOT EXISTS (SELECT 1 FROM type WHERE...
                                                             ^

2014-09-15 14:11:06,763 - criterrorLogger - CRITICAL - something failed!
2014-09-15 14:11:06,763 - criterrorLogger - CRITICAL - relation "type" does not exist
LINE 1: ...ate_agency', 'GP' WHERE NOT EXISTS (SELECT 1 FROM type WHERE...
                                                             ^

2014-09-15 14:11:07,898 - criterrorLogger - CRITICAL - something failed!
2014-09-15 14:11:07,899 - criterrorLogger - CRITICAL - relation "type" does not exist
LINE 1: ...a_takeaway', 'GP' WHERE NOT EXISTS (SELECT 1 FROM type WHERE...
                                                             ^

2014-09-15 14:11:10,582 - criterrorLogger - CRITICAL - something failed!
2014-09-15 14:11:10,583 - criterrorLogger - CRITICAL - relation "type" does not exist
LINE 1: ...restaurant', 'GP' WHERE NOT EXISTS (SELECT 1 FROM type WHERE...
                                                             ^

2014-09-15 14:11:11,453 - criterrorLogger - CRITICAL - something failed!
2014-09-15 14:11:11,454 - criterrorLogger - CRITICAL - relation "type" does not exist
LINE 1: ...arts_store', 'GP' WHERE NOT EXISTS (SELECT 1 FROM type WHERE...
                                                             ^

2014-09-15 14:11:13,526 - criterrorLogger - CRITICAL - something failed!
2014-09-15 14:11:13,530 - criterrorLogger - CRITICAL - relation "type" does not exist
LINE 1: ...on_service', 'GP' WHERE NOT EXISTS (SELECT 1 FROM type WHERE...
                                                             ^

2014-09-15 14:11:14,851 - criterrorLogger - CRITICAL - something failed!
2014-09-15 14:11:14,852 - criterrorLogger - CRITICAL - relation "type" does not exist
LINE 1: ...hing_store', 'GP' WHERE NOT EXISTS (SELECT 1 FROM type WHERE...
                                                             ^

2014-09-15 14:11:16,348 - criterrorLogger - CRITICAL - something failed!
2014-09-15 14:11:16,350 - criterrorLogger - CRITICAL - relation "type" does not exist
LINE 1: ...ware_store', 'GP' WHERE NOT EXISTS (SELECT 1 FROM type WHERE...
                                                             ^

2014-09-15 14:11:18,297 - criterrorLogger - CRITICAL - something failed!
2014-09-15 14:11:18,298 - criterrorLogger - CRITICAL - relation "type" does not exist
LINE 1: ...as_station', 'GP' WHERE NOT EXISTS (SELECT 1 FROM type WHERE...
                                                             ^

2014-09-15 14:11:19,869 - criterrorLogger - CRITICAL - something failed!
2014-09-15 14:11:19,870 - criterrorLogger - CRITICAL - relation "type" does not exist
LINE 1: ...ment_store', 'GP' WHERE NOT EXISTS (SELECT 1 FROM type WHERE...
                                                             ^

2014-09-15 14:11:21,099 - criterrorLogger - CRITICAL - something failed!
2014-09-15 14:11:21,108 - criterrorLogger - CRITICAL - relation "type" does not exist
LINE 1: ...ECT 'hotel', 'GP' WHERE NOT EXISTS (SELECT 1 FROM type WHERE...
                                                             ^

2014-09-15 14:11:22,598 - criterrorLogger - CRITICAL - something failed!
2014-09-15 14:11:22,598 - criterrorLogger - CRITICAL - relation "type" does not exist
LINE 1: ...al_service', 'GP' WHERE NOT EXISTS (SELECT 1 FROM type WHERE...
                                                             ^

2014-09-15 14:11:23,908 - criterrorLogger - CRITICAL - something failed!
2014-09-15 14:11:23,909 - criterrorLogger - CRITICAL - relation "type" does not exist
LINE 1: ...'insurance', 'GP' WHERE NOT EXISTS (SELECT 1 FROM type WHERE...
                                                             ^

2014-09-15 14:11:26,744 - criterrorLogger - CRITICAL - something failed!
2014-09-15 14:11:26,745 - criterrorLogger - CRITICAL - relation "type" does not exist
LINE 1: ...hone_store', 'GP' WHERE NOT EXISTS (SELECT 1 FROM type WHERE...
                                                             ^

2014-09-15 14:11:28,152 - criterrorLogger - CRITICAL - something failed!
2014-09-15 14:11:28,153 - criterrorLogger - CRITICAL - relation "type" does not exist
LINE 1: ...aintenance', 'GP' WHERE NOT EXISTS (SELECT 1 FROM type WHERE...
                                                             ^

2014-09-15 14:11:29,438 - criterrorLogger - CRITICAL - something failed!
2014-09-15 14:11:29,440 - criterrorLogger - CRITICAL - relation "type" does not exist
LINE 1: ...ECT 'motel', 'GP' WHERE NOT EXISTS (SELECT 1 FROM type WHERE...
                                                             ^

2014-09-15 14:11:30,411 - criterrorLogger - CRITICAL - something failed!
2014-09-15 14:11:30,411 - criterrorLogger - CRITICAL - relation "type" does not exist
LINE 1: ...orts_store', 'GP' WHERE NOT EXISTS (SELECT 1 FROM type WHERE...
                                                             ^

2014-09-15 14:11:31,180 - criterrorLogger - CRITICAL - something failed!
2014-09-15 14:11:31,180 - criterrorLogger - CRITICAL - relation "type" does not exist
LINE 1: ...vie_rental', 'GP' WHERE NOT EXISTS (SELECT 1 FROM type WHERE...
                                                             ^

2014-09-15 14:11:32,903 - criterrorLogger - CRITICAL - something failed!
2014-09-15 14:11:32,903 - criterrorLogger - CRITICAL - relation "type" does not exist
LINE 1: ...nics_store', 'GP' WHERE NOT EXISTS (SELECT 1 FROM type WHERE...
                                                             ^

2014-09-15 14:11:33,966 - criterrorLogger - CRITICAL - something failed!
2014-09-15 14:11:33,967 - criterrorLogger - CRITICAL - relation "type" does not exist
LINE 1: ...line_&_oil', 'GP' WHERE NOT EXISTS (SELECT 1 FROM type WHERE...
                                                             ^

2014-09-15 14:11:35,249 - criterrorLogger - CRITICAL - something failed!
2014-09-15 14:11:35,249 - criterrorLogger - CRITICAL - relation "type" does not exist
LINE 1: ..._body_shop', 'GP' WHERE NOT EXISTS (SELECT 1 FROM type WHERE...
                                                             ^

2014-09-15 14:11:36,059 - criterrorLogger - CRITICAL - something failed!
2014-09-15 14:11:36,059 - criterrorLogger - CRITICAL - relation "type" does not exist
LINE 1: ...ir_service', 'GP' WHERE NOT EXISTS (SELECT 1 FROM type WHERE...
                                                             ^

2014-09-15 14:11:37,976 - criterrorLogger - CRITICAL - something failed!
2014-09-15 14:11:37,976 - criterrorLogger - CRITICAL - relation "type" does not exist
LINE 1: ...ECT 'hotel', 'GP' WHERE NOT EXISTS (SELECT 1 FROM type WHERE...
                                                             ^

2014-09-15 14:11:38,895 - criterrorLogger - CRITICAL - something failed!
2014-09-15 14:11:38,896 - criterrorLogger - CRITICAL - relation "type" does not exist
LINE 1: ...dwich_shop', 'GP' WHERE NOT EXISTS (SELECT 1 FROM type WHERE...
                                                             ^

2014-09-15 14:11:40,006 - criterrorLogger - CRITICAL - something failed!
2014-09-15 14:11:40,007 - criterrorLogger - CRITICAL - relation "type" does not exist
LINE 1: ...LECT 'bank', 'GP' WHERE NOT EXISTS (SELECT 1 FROM type WHERE...
                                                             ^

2014-09-15 14:11:41,134 - criterrorLogger - CRITICAL - something failed!
2014-09-15 14:11:41,135 - criterrorLogger - CRITICAL - relation "type" does not exist
LINE 1: ... 'pharmacy', 'GP' WHERE NOT EXISTS (SELECT 1 FROM type WHERE...
                                                             ^

2014-09-15 14:11:42,264 - criterrorLogger - CRITICAL - something failed!
2014-09-15 14:11:42,272 - criterrorLogger - CRITICAL - relation "type" does not exist
LINE 1: ...arts_store', 'GP' WHERE NOT EXISTS (SELECT 1 FROM type WHERE...
                                                             ^

2014-09-15 14:11:43,295 - criterrorLogger - CRITICAL - something failed!
2014-09-15 14:11:43,295 - criterrorLogger - CRITICAL - relation "type" does not exist
LINE 1: ...offee_shop', 'GP' WHERE NOT EXISTS (SELECT 1 FROM type WHERE...
                                                             ^

2014-09-15 14:11:44,219 - criterrorLogger - CRITICAL - something failed!
2014-09-15 14:11:44,226 - criterrorLogger - CRITICAL - relation "type" does not exist
LINE 1: ...ECT 'hotel', 'GP' WHERE NOT EXISTS (SELECT 1 FROM type WHERE...
                                                             ^

2014-09-15 14:11:45,842 - criterrorLogger - CRITICAL - something failed!
2014-09-15 14:11:45,843 - criterrorLogger - CRITICAL - relation "type" does not exist
LINE 1: ...ge_service', 'GP' WHERE NOT EXISTS (SELECT 1 FROM type WHERE...
                                                             ^

2014-09-15 14:11:47,413 - criterrorLogger - CRITICAL - something failed!
2014-09-15 14:11:47,431 - criterrorLogger - CRITICAL - relation "type" does not exist
LINE 1: ...ECT 'motel', 'GP' WHERE NOT EXISTS (SELECT 1 FROM type WHERE...
                                                             ^

2014-09-15 14:11:49,100 - criterrorLogger - CRITICAL - something failed!
2014-09-15 14:11:49,100 - criterrorLogger - CRITICAL - relation "type" does not exist
LINE 1: ...ment_store', 'GP' WHERE NOT EXISTS (SELECT 1 FROM type WHERE...
                                                             ^

2014-09-15 14:11:50,274 - criterrorLogger - CRITICAL - something failed!
2014-09-15 14:11:50,275 - criterrorLogger - CRITICAL - relation "type" does not exist
LINE 1: ...ment_store', 'GP' WHERE NOT EXISTS (SELECT 1 FROM type WHERE...
                                                             ^

2014-09-15 14:11:51,241 - criterrorLogger - CRITICAL - something failed!
2014-09-15 14:11:51,241 - criterrorLogger - CRITICAL - relation "type" does not exist
LINE 1: ...al_planner', 'GP' WHERE NOT EXISTS (SELECT 1 FROM type WHERE...
                                                             ^

2014-09-15 14:11:52,836 - criterrorLogger - CRITICAL - something failed!
2014-09-15 14:11:52,836 - criterrorLogger - CRITICAL - relation "type" does not exist
LINE 1: ...rift_store', 'GP' WHERE NOT EXISTS (SELECT 1 FROM type WHERE...
                                                             ^

2014-09-15 14:11:54,196 - criterrorLogger - CRITICAL - something failed!
2014-09-15 14:11:54,197 - criterrorLogger - CRITICAL - relation "type" does not exist
LINE 1: ...restaurant', 'GP' WHERE NOT EXISTS (SELECT 1 FROM type WHERE...
                                                             ^

2014-09-15 14:11:55,597 - criterrorLogger - CRITICAL - something failed!
2014-09-15 14:11:55,597 - criterrorLogger - CRITICAL - relation "type" does not exist
LINE 1: ...ss_program', 'GP' WHERE NOT EXISTS (SELECT 1 FROM type WHERE...
                                                             ^

2014-09-15 14:11:57,086 - criterrorLogger - CRITICAL - something failed!
2014-09-15 14:11:57,087 - criterrorLogger - CRITICAL - relation "type" does not exist
LINE 1: ...r_supplier', 'GP' WHERE NOT EXISTS (SELECT 1 FROM type WHERE...
                                                             ^

2014-09-15 14:11:58,433 - criterrorLogger - CRITICAL - something failed!
2014-09-15 14:11:58,433 - criterrorLogger - CRITICAL - relation "type" does not exist
LINE 1: ...teak_house', 'GP' WHERE NOT EXISTS (SELECT 1 FROM type WHERE...
                                                             ^

2014-09-15 14:11:59,422 - criterrorLogger - CRITICAL - something failed!
2014-09-15 14:11:59,423 - criterrorLogger - CRITICAL - relation "type" does not exist
LINE 1: ...game_store', 'GP' WHERE NOT EXISTS (SELECT 1 FROM type WHERE...
                                                             ^

2014-09-15 14:12:00,730 - criterrorLogger - CRITICAL - something failed!
2014-09-15 14:12:00,730 - criterrorLogger - CRITICAL - relation "type" does not exist
LINE 1: ...nce_agency', 'GP' WHERE NOT EXISTS (SELECT 1 FROM type WHERE...
                                                             ^

2014-09-15 14:12:01,938 - criterrorLogger - CRITICAL - something failed!
2014-09-15 14:12:01,939 - criterrorLogger - CRITICAL - relation "type" does not exist
LINE 1: ...restaurant', 'GP' WHERE NOT EXISTS (SELECT 1 FROM type WHERE...
                                                             ^

2014-09-15 14:12:02,888 - criterrorLogger - CRITICAL - something failed!
2014-09-15 14:12:02,888 - criterrorLogger - CRITICAL - relation "type" does not exist
LINE 1: ...restaurant', 'GP' WHERE NOT EXISTS (SELECT 1 FROM type WHERE...
                                                             ^

2014-09-15 14:12:03,837 - criterrorLogger - CRITICAL - something failed!
2014-09-15 14:12:03,837 - criterrorLogger - CRITICAL - relation "type" does not exist
LINE 1: ...e_supplier', 'GP' WHERE NOT EXISTS (SELECT 1 FROM type WHERE...
                                                             ^

2014-09-15 14:12:04,915 - criterrorLogger - CRITICAL - something failed!
2014-09-15 14:12:04,915 - criterrorLogger - CRITICAL - relation "type" does not exist
LINE 1: ...ost_office', 'GP' WHERE NOT EXISTS (SELECT 1 FROM type WHERE...
                                                             ^

2014-09-15 14:12:05,878 - criterrorLogger - CRITICAL - something failed!
2014-09-15 14:12:05,879 - criterrorLogger - CRITICAL - relation "type" does not exist
LINE 1: ... 'pharmacy', 'GP' WHERE NOT EXISTS (SELECT 1 FROM type WHERE...
                                                             ^

2014-09-15 14:12:07,481 - criterrorLogger - CRITICAL - something failed!
2014-09-15 14:12:07,482 - criterrorLogger - CRITICAL - relation "type" does not exist
LINE 1: ...nd_mailing', 'GP' WHERE NOT EXISTS (SELECT 1 FROM type WHERE...
                                                             ^

2014-09-15 14:12:08,306 - criterrorLogger - CRITICAL - something failed!
2014-09-15 14:12:08,307 - criterrorLogger - CRITICAL - relation "type" does not exist
LINE 1: ...arts_store', 'GP' WHERE NOT EXISTS (SELECT 1 FROM type WHERE...
                                                             ^

2014-09-15 14:12:10,542 - criterrorLogger - CRITICAL - something failed!
2014-09-15 14:12:10,543 - criterrorLogger - CRITICAL - relation "type" does not exist
LINE 1: ...day_saints', 'GP' WHERE NOT EXISTS (SELECT 1 FROM type WHERE...
                                                             ^

2014-09-15 14:12:11,675 - criterrorLogger - CRITICAL - something failed!
2014-09-15 14:12:11,676 - criterrorLogger - CRITICAL - relation "type" does not exist
LINE 1: ...upermarket', 'GP' WHERE NOT EXISTS (SELECT 1 FROM type WHERE...
                                                             ^

2014-09-15 14:12:13,009 - criterrorLogger - CRITICAL - something failed!
2014-09-15 14:12:13,011 - criterrorLogger - CRITICAL - relation "type" does not exist
LINE 1: ...ank_kiosks', 'GP' WHERE NOT EXISTS (SELECT 1 FROM type WHERE...
                                                             ^

2014-09-15 14:12:15,036 - criterrorLogger - CRITICAL - something failed!
2014-09-15 14:12:15,037 - criterrorLogger - CRITICAL - relation "type" does not exist
LINE 1: ...restaurant', 'GP' WHERE NOT EXISTS (SELECT 1 FROM type WHERE...
                                                             ^

2014-09-15 14:12:15,993 - criterrorLogger - CRITICAL - something failed!
2014-09-15 14:12:15,993 - criterrorLogger - CRITICAL - relation "type" does not exist
LINE 1: ...on_service', 'GP' WHERE NOT EXISTS (SELECT 1 FROM type WHERE...
                                                             ^

2014-09-15 14:12:17,680 - criterrorLogger - CRITICAL - something failed!
2014-09-15 14:12:17,680 - criterrorLogger - CRITICAL - relation "type" does not exist
LINE 1: ...restaurant', 'GP' WHERE NOT EXISTS (SELECT 1 FROM type WHERE...
                                                             ^

2014-09-15 14:12:18,545 - criterrorLogger - CRITICAL - something failed!
2014-09-15 14:12:18,546 - criterrorLogger - CRITICAL - relation "type" does not exist
LINE 1: ...e_facility', 'GP' WHERE NOT EXISTS (SELECT 1 FROM type WHERE...
                                                             ^

2014-09-15 14:12:19,792 - criterrorLogger - CRITICAL - something failed!
2014-09-15 14:12:19,792 - criterrorLogger - CRITICAL - relation "type" does not exist
LINE 1: ... 'pharmacy', 'GP' WHERE NOT EXISTS (SELECT 1 FROM type WHERE...
                                                             ^

2014-09-15 14:12:21,084 - criterrorLogger - CRITICAL - something failed!
2014-09-15 14:12:21,085 - criterrorLogger - CRITICAL - relation "type" does not exist
LINE 1: ...hing_store', 'GP' WHERE NOT EXISTS (SELECT 1 FROM type WHERE...
                                                             ^

2014-09-15 14:12:21,912 - criterrorLogger - CRITICAL - something failed!
2014-09-15 14:12:21,913 - criterrorLogger - CRITICAL - relation "type" does not exist
LINE 1: ...restaurant', 'GP' WHERE NOT EXISTS (SELECT 1 FROM type WHERE...
                                                             ^

2014-09-15 14:12:23,036 - criterrorLogger - CRITICAL - something failed!
2014-09-15 14:12:23,063 - criterrorLogger - CRITICAL - relation "type" does not exist
LINE 1: ...hone_store', 'GP' WHERE NOT EXISTS (SELECT 1 FROM type WHERE...
                                                             ^

2014-09-15 14:12:24,170 - criterrorLogger - CRITICAL - something failed!
2014-09-15 14:12:24,171 - criterrorLogger - CRITICAL - relation "type" does not exist
LINE 1: ...llar_store', 'GP' WHERE NOT EXISTS (SELECT 1 FROM type WHERE...
                                                             ^

2014-09-15 14:12:25,386 - criterrorLogger - CRITICAL - something failed!
2014-09-15 14:12:25,405 - criterrorLogger - CRITICAL - relation "type" does not exist
LINE 1: ...m_location', 'GP' WHERE NOT EXISTS (SELECT 1 FROM type WHERE...
                                                             ^

2014-09-15 14:12:27,068 - criterrorLogger - CRITICAL - something failed!
2014-09-15 14:12:27,069 - criterrorLogger - CRITICAL - relation "type" does not exist
LINE 1: ...shoe_store', 'GP' WHERE NOT EXISTS (SELECT 1 FROM type WHERE...
                                                             ^

2014-09-15 14:12:28,663 - criterrorLogger - CRITICAL - something failed!
2014-09-15 14:12:28,680 - criterrorLogger - CRITICAL - relation "type" does not exist
LINE 1: ...print_shop', 'GP' WHERE NOT EXISTS (SELECT 1 FROM type WHERE...
                                                             ^

2014-09-15 14:12:30,381 - criterrorLogger - CRITICAL - something failed!
2014-09-15 14:12:30,383 - criterrorLogger - CRITICAL - relation "type" does not exist
LINE 1: ...hone_store', 'GP' WHERE NOT EXISTS (SELECT 1 FROM type WHERE...
                                                             ^

2014-09-15 14:12:31,303 - criterrorLogger - CRITICAL - something failed!
2014-09-15 14:12:31,305 - criterrorLogger - CRITICAL - relation "type" does not exist
LINE 1: ...bagel_shop', 'GP' WHERE NOT EXISTS (SELECT 1 FROM type WHERE...
                                                             ^

2014-09-15 14:12:32,585 - criterrorLogger - CRITICAL - something failed!
2014-09-15 14:12:32,588 - criterrorLogger - CRITICAL - relation "type" does not exist
LINE 1: ... 'pharmacy', 'GP' WHERE NOT EXISTS (SELECT 1 FROM type WHERE...
                                                             ^

2014-09-15 14:12:34,028 - criterrorLogger - CRITICAL - something failed!
2014-09-15 14:12:34,028 - criterrorLogger - CRITICAL - relation "type" does not exist
LINE 1: ...ment_store', 'GP' WHERE NOT EXISTS (SELECT 1 FROM type WHERE...
                                                             ^

2014-09-15 14:12:35,102 - criterrorLogger - CRITICAL - something failed!
2014-09-15 14:12:35,103 - criterrorLogger - CRITICAL - relation "type" does not exist
LINE 1: ...al_printer', 'GP' WHERE NOT EXISTS (SELECT 1 FROM type WHERE...
                                                             ^

2014-09-15 14:12:36,251 - criterrorLogger - CRITICAL - something failed!
2014-09-15 14:12:36,251 - criterrorLogger - CRITICAL - relation "type" does not exist
LINE 1: ...auty_salon', 'GP' WHERE NOT EXISTS (SELECT 1 FROM type WHERE...
                                                             ^

2014-09-15 14:12:37,406 - criterrorLogger - CRITICAL - something failed!
2014-09-15 14:12:37,407 - criterrorLogger - CRITICAL - relation "type" does not exist
LINE 1: ...ment_store', 'GP' WHERE NOT EXISTS (SELECT 1 FROM type WHERE...
                                                             ^

2014-09-15 14:12:39,024 - criterrorLogger - CRITICAL - something failed!
2014-09-15 14:12:39,024 - criterrorLogger - CRITICAL - relation "type" does not exist
LINE 1: ...pply_store', 'GP' WHERE NOT EXISTS (SELECT 1 FROM type WHERE...
                                                             ^

2014-09-15 14:12:40,028 - criterrorLogger - CRITICAL - something failed!
2014-09-15 14:12:40,029 - criterrorLogger - CRITICAL - relation "type" does not exist
LINE 1: ...and_beauty', 'GP' WHERE NOT EXISTS (SELECT 1 FROM type WHERE...
                                                             ^

2014-09-15 14:12:40,920 - criterrorLogger - CRITICAL - something failed!
2014-09-15 14:12:40,921 - criterrorLogger - CRITICAL - relation "type" does not exist
LINE 1: ...tics_store', 'GP' WHERE NOT EXISTS (SELECT 1 FROM type WHERE...
                                                             ^

2014-09-15 14:12:42,369 - criterrorLogger - CRITICAL - something failed!
2014-09-15 14:12:42,391 - criterrorLogger - CRITICAL - relation "type" does not exist
LINE 1: ...ress_store', 'GP' WHERE NOT EXISTS (SELECT 1 FROM type WHERE...
                                                             ^

2014-09-15 14:12:43,355 - criterrorLogger - CRITICAL - something failed!
2014-09-15 14:12:43,356 - criterrorLogger - CRITICAL - relation "type" does not exist
LINE 1: ...ss_service', 'GP' WHERE NOT EXISTS (SELECT 1 FROM type WHERE...
                                                             ^

2014-09-15 14:16:22,594 - criterrorLogger - CRITICAL - something failed!
2014-09-15 14:16:22,595 - criterrorLogger - CRITICAL - relation "type" does not exist
LINE 1: ...ECT 'store', 'GP' WHERE NOT EXISTS (SELECT 1 FROM type WHERE...
                                                             ^

2014-09-15 14:16:26,602 - criterrorLogger - CRITICAL - something failed!
2014-09-15 14:16:26,603 - criterrorLogger - CRITICAL - relation "type" does not exist
LINE 1: ...ers_(whls)', 'GP' WHERE NOT EXISTS (SELECT 1 FROM type WHERE...
                                                             ^

2014-09-15 14:18:18,916 - criterrorLogger - CRITICAL - something failed!
2014-09-15 14:18:18,917 - criterrorLogger - CRITICAL - relation "type" does not exist
LINE 1: ...ost_office', 'GP' WHERE NOT EXISTS (SELECT 1 FROM type WHERE...
                                                             ^

2014-09-15 14:19:03,047 - criterrorLogger - CRITICAL - something failed!
2014-09-15 14:19:03,047 - criterrorLogger - CRITICAL - relation "type" does not exist
LINE 1: ...ost_office', 'GP' WHERE NOT EXISTS (SELECT 1 FROM type WHERE...
                                                             ^

2014-09-15 14:22:32,921 - criterrorLogger - CRITICAL - something failed!
2014-09-15 14:22:32,922 - criterrorLogger - CRITICAL - relation "type" does not exist
LINE 1: ...ost_office', 'GP' WHERE NOT EXISTS (SELECT 1 FROM type WHERE...
                                                             ^

2014-09-15 14:23:16,634 - criterrorLogger - CRITICAL - something failed!
2014-09-15 14:23:16,634 - criterrorLogger - CRITICAL - relation "type" does not exist
LINE 1: ...ost_office', 'GP' WHERE NOT EXISTS (SELECT 1 FROM type WHERE...
                                                             ^

