2014-09-15 13:02:04,053 - criterrorLogger - CRITICAL - something failed!
2014-09-15 13:02:04,053 - criterrorLogger - CRITICAL - relation "type" does not exist
LINE 1: INSERT INTO type (name_en, origin) SELECT 'department_store'...
                    ^

2014-09-15 13:02:09,206 - criterrorLogger - CRITICAL - something failed!
2014-09-15 13:02:09,207 - criterrorLogger - CRITICAL - relation "type" does not exist
LINE 1: INSERT INTO type (name_en, origin) SELECT 'gas_station', 'GP...
                    ^

2014-09-15 13:02:17,232 - criterrorLogger - CRITICAL - something failed!
2014-09-15 13:02:17,232 - criterrorLogger - CRITICAL - relation "type" does not exist
LINE 1: INSERT INTO type (name_en, origin) SELECT 'day_care_center',...
                    ^

2014-09-15 13:02:20,262 - criterrorLogger - CRITICAL - something failed!
2014-09-15 13:02:20,262 - criterrorLogger - CRITICAL - relation "type" does not exist
LINE 1: INSERT INTO type (name_en, origin) SELECT 'auto_parts_store'...
                    ^

2014-09-15 13:02:31,018 - criterrorLogger - CRITICAL - something failed!
2014-09-15 13:02:31,019 - criterrorLogger - CRITICAL - relation "type" does not exist
LINE 1: INSERT INTO type (name_en, origin) SELECT 'post_office', 'GP...
                    ^

2014-09-15 13:03:37,398 - criterrorLogger - CRITICAL - something failed!
2014-09-15 13:03:37,398 - criterrorLogger - CRITICAL - relation "type" does not exist
LINE 1: INSERT INTO type (name_en, origin) SELECT 'tax_preparation_s...
                    ^

2014-09-15 13:03:38,272 - criterrorLogger - CRITICAL - something failed!
2014-09-15 13:03:38,272 - criterrorLogger - CRITICAL - relation "type" does not exist
LINE 1: INSERT INTO type (name_en, origin) SELECT 'american_restaura...
                    ^

2014-09-15 13:03:39,465 - criterrorLogger - CRITICAL - something failed!
2014-09-15 13:03:39,466 - criterrorLogger - CRITICAL - relation "type" does not exist
LINE 1: INSERT INTO type (name_en, origin) SELECT 'hotel', 'GP' WHER...
                    ^

2014-09-15 13:03:41,401 - criterrorLogger - CRITICAL - something failed!
2014-09-15 13:03:41,401 - criterrorLogger - CRITICAL - relation "type" does not exist
LINE 1: INSERT INTO type (name_en, origin) SELECT 'restaurant', 'GP'...
                    ^

2014-09-15 13:03:42,978 - criterrorLogger - CRITICAL - something failed!
2014-09-15 13:03:42,978 - criterrorLogger - CRITICAL - relation "type" does not exist
LINE 1: INSERT INTO type (name_en, origin) SELECT 'meal_delivery', '...
                    ^

2014-09-15 13:03:43,998 - criterrorLogger - CRITICAL - something failed!
2014-09-15 13:03:43,999 - criterrorLogger - CRITICAL - relation "type" does not exist
LINE 1: INSERT INTO type (name_en, origin) SELECT 'fast_food_restaur...
                    ^

2014-09-15 13:03:46,236 - criterrorLogger - CRITICAL - something failed!
2014-09-15 13:03:46,236 - criterrorLogger - CRITICAL - relation "type" does not exist
LINE 1: INSERT INTO type (name_en, origin) SELECT 'department_store'...
                    ^

2014-09-15 13:03:47,184 - criterrorLogger - CRITICAL - something failed!
2014-09-15 13:03:47,185 - criterrorLogger - CRITICAL - relation "type" does not exist
LINE 1: INSERT INTO type (name_en, origin) SELECT 'meal_delivery', '...
                    ^

2014-09-15 13:03:48,802 - criterrorLogger - CRITICAL - something failed!
2014-09-15 13:03:48,802 - criterrorLogger - CRITICAL - relation "type" does not exist
LINE 1: INSERT INTO type (name_en, origin) SELECT 'pizza_restaurant'...
                    ^

2014-09-15 13:03:49,826 - criterrorLogger - CRITICAL - something failed!
2014-09-15 13:03:49,827 - criterrorLogger - CRITICAL - relation "type" does not exist
LINE 1: INSERT INTO type (name_en, origin) SELECT 'bathroom_remodele...
                    ^

2014-09-15 13:03:50,859 - criterrorLogger - CRITICAL - something failed!
2014-09-15 13:03:50,860 - criterrorLogger - CRITICAL - relation "type" does not exist
LINE 1: INSERT INTO type (name_en, origin) SELECT 'department_store'...
                    ^

2014-09-15 13:03:53,691 - criterrorLogger - CRITICAL - something failed!
2014-09-15 13:03:53,692 - criterrorLogger - CRITICAL - relation "type" does not exist
LINE 1: INSERT INTO type (name_en, origin) SELECT 'restaurant', 'GP'...
                    ^

2014-09-15 13:03:54,869 - criterrorLogger - CRITICAL - something failed!
2014-09-15 13:03:54,870 - criterrorLogger - CRITICAL - relation "type" does not exist
LINE 1: INSERT INTO type (name_en, origin) SELECT 'auto_parts_store'...
                    ^

2014-09-15 13:03:56,499 - criterrorLogger - CRITICAL - something failed!
2014-09-15 13:03:56,500 - criterrorLogger - CRITICAL - relation "type" does not exist
LINE 1: INSERT INTO type (name_en, origin) SELECT 'tax_preparation_s...
                    ^

2014-09-15 13:03:58,478 - criterrorLogger - CRITICAL - something failed!
2014-09-15 13:03:58,479 - criterrorLogger - CRITICAL - relation "type" does not exist
LINE 1: INSERT INTO type (name_en, origin) SELECT 'hardware_store', ...
                    ^

2014-09-15 13:04:00,079 - criterrorLogger - CRITICAL - something failed!
2014-09-15 13:04:00,079 - criterrorLogger - CRITICAL - relation "type" does not exist
LINE 1: INSERT INTO type (name_en, origin) SELECT 'gas_station', 'GP...
                    ^

2014-09-15 13:04:02,703 - criterrorLogger - CRITICAL - something failed!
2014-09-15 13:04:02,704 - criterrorLogger - CRITICAL - relation "type" does not exist
LINE 1: INSERT INTO type (name_en, origin) SELECT 'convenience_store...
                    ^

2014-09-15 13:04:04,275 - criterrorLogger - CRITICAL - something failed!
2014-09-15 13:04:04,275 - criterrorLogger - CRITICAL - relation "type" does not exist
LINE 1: INSERT INTO type (name_en, origin) SELECT 'auto_insurance_ag...
                    ^

2014-09-15 13:04:05,565 - criterrorLogger - CRITICAL - something failed!
2014-09-15 13:04:05,566 - criterrorLogger - CRITICAL - relation "type" does not exist
LINE 1: INSERT INTO type (name_en, origin) SELECT 'gas_station', 'GP...
                    ^

2014-09-15 13:04:07,887 - criterrorLogger - CRITICAL - something failed!
2014-09-15 13:04:07,892 - criterrorLogger - CRITICAL - relation "type" does not exist
LINE 1: INSERT INTO type (name_en, origin) SELECT 'movie_rental', 'G...
                    ^

2014-09-15 13:04:09,108 - criterrorLogger - CRITICAL - something failed!
2014-09-15 13:04:09,108 - criterrorLogger - CRITICAL - relation "type" does not exist
LINE 1: INSERT INTO type (name_en, origin) SELECT 'used_car_dealer',...
                    ^

2014-09-15 13:04:10,510 - criterrorLogger - CRITICAL - something failed!
2014-09-15 13:04:10,511 - criterrorLogger - CRITICAL - relation "type" does not exist
LINE 1: INSERT INTO type (name_en, origin) SELECT 'auto_insurance_ag...
                    ^

2014-09-15 13:04:12,998 - criterrorLogger - CRITICAL - something failed!
2014-09-15 13:04:13,007 - criterrorLogger - CRITICAL - relation "type" does not exist
LINE 1: INSERT INTO type (name_en, origin) SELECT 'sandwich_shop', '...
                    ^

2014-09-15 13:04:14,521 - criterrorLogger - CRITICAL - something failed!
2014-09-15 13:04:14,521 - criterrorLogger - CRITICAL - relation "type" does not exist
LINE 1: INSERT INTO type (name_en, origin) SELECT 'pharmacy', 'GP' W...
                    ^

2014-09-15 13:04:15,390 - criterrorLogger - CRITICAL - something failed!
2014-09-15 13:04:15,390 - criterrorLogger - CRITICAL - relation "type" does not exist
LINE 1: INSERT INTO type (name_en, origin) SELECT 'auto_parts_store'...
                    ^

2014-09-15 13:04:17,015 - criterrorLogger - CRITICAL - something failed!
2014-09-15 13:04:17,016 - criterrorLogger - CRITICAL - relation "type" does not exist
LINE 1: INSERT INTO type (name_en, origin) SELECT 'alternative_fuel_...
                    ^

2014-09-15 13:04:19,568 - criterrorLogger - CRITICAL - something failed!
2014-09-15 13:04:19,568 - criterrorLogger - CRITICAL - relation "type" does not exist
LINE 1: INSERT INTO type (name_en, origin) SELECT 'department_store'...
                    ^

2014-09-15 13:04:21,084 - criterrorLogger - CRITICAL - something failed!
2014-09-15 13:04:21,085 - criterrorLogger - CRITICAL - relation "type" does not exist
LINE 1: INSERT INTO type (name_en, origin) SELECT 'financial_planner...
                    ^

2014-09-15 13:04:22,828 - criterrorLogger - CRITICAL - something failed!
2014-09-15 13:04:22,829 - criterrorLogger - CRITICAL - relation "type" does not exist
LINE 1: INSERT INTO type (name_en, origin) SELECT 'non-profit_organi...
                    ^

2014-09-15 13:04:26,492 - criterrorLogger - CRITICAL - something failed!
2014-09-15 13:04:26,493 - criterrorLogger - CRITICAL - relation "type" does not exist
LINE 1: INSERT INTO type (name_en, origin) SELECT 'video_game_store'...
                    ^

2014-09-15 13:04:27,432 - criterrorLogger - CRITICAL - something failed!
2014-09-15 13:04:27,433 - criterrorLogger - CRITICAL - relation "type" does not exist
LINE 1: INSERT INTO type (name_en, origin) SELECT 'gas_station', 'GP...
                    ^

2014-09-15 13:04:28,178 - criterrorLogger - CRITICAL - something failed!
2014-09-15 13:04:28,179 - criterrorLogger - CRITICAL - relation "type" does not exist
LINE 1: INSERT INTO type (name_en, origin) SELECT 'insurance_agency'...
                    ^

2014-09-15 13:04:29,066 - criterrorLogger - CRITICAL - something failed!
2014-09-15 13:04:29,067 - criterrorLogger - CRITICAL - relation "type" does not exist
LINE 1: INSERT INTO type (name_en, origin) SELECT 'fast_food_restaur...
                    ^

2014-09-15 13:04:29,903 - criterrorLogger - CRITICAL - something failed!
2014-09-15 13:04:29,904 - criterrorLogger - CRITICAL - relation "type" does not exist
LINE 1: INSERT INTO type (name_en, origin) SELECT 'restaurant', 'GP'...
                    ^

2014-09-15 13:04:30,878 - criterrorLogger - CRITICAL - something failed!
2014-09-15 13:04:30,889 - criterrorLogger - CRITICAL - relation "type" does not exist
LINE 1: INSERT INTO type (name_en, origin) SELECT 'vending_machine_s...
                    ^

2014-09-15 13:04:32,013 - criterrorLogger - CRITICAL - something failed!
2014-09-15 13:04:32,014 - criterrorLogger - CRITICAL - relation "type" does not exist
LINE 1: INSERT INTO type (name_en, origin) SELECT 'post_office', 'GP...
                    ^

2014-09-15 13:04:33,066 - criterrorLogger - CRITICAL - something failed!
2014-09-15 13:04:33,066 - criterrorLogger - CRITICAL - relation "type" does not exist
LINE 1: INSERT INTO type (name_en, origin) SELECT 'movie_rental', 'G...
                    ^

2014-09-15 13:04:34,931 - criterrorLogger - CRITICAL - something failed!
2014-09-15 13:04:34,932 - criterrorLogger - CRITICAL - relation "type" does not exist
LINE 1: INSERT INTO type (name_en, origin) SELECT 'auto_parts_store'...
                    ^

2014-09-15 13:04:35,964 - criterrorLogger - CRITICAL - something failed!
2014-09-15 13:04:35,964 - criterrorLogger - CRITICAL - relation "type" does not exist
LINE 1: INSERT INTO type (name_en, origin) SELECT 'gas_station', 'GP...
                    ^

2014-09-15 13:04:38,131 - criterrorLogger - CRITICAL - something failed!
2014-09-15 13:04:38,131 - criterrorLogger - CRITICAL - relation "type" does not exist
LINE 1: INSERT INTO type (name_en, origin) SELECT 'propane_tank_kios...
                    ^

2014-09-15 13:04:39,531 - criterrorLogger - CRITICAL - something failed!
2014-09-15 13:04:39,532 - criterrorLogger - CRITICAL - relation "type" does not exist
LINE 1: INSERT INTO type (name_en, origin) SELECT 'telephone_company...
                    ^

2014-09-15 13:04:40,670 - criterrorLogger - CRITICAL - something failed!
2014-09-15 13:04:40,671 - criterrorLogger - CRITICAL - relation "type" does not exist
LINE 1: INSERT INTO type (name_en, origin) SELECT 'tax_preparation_s...
                    ^

2014-09-15 13:04:42,880 - criterrorLogger - CRITICAL - something failed!
2014-09-15 13:04:42,881 - criterrorLogger - CRITICAL - relation "type" does not exist
LINE 1: INSERT INTO type (name_en, origin) SELECT 'cell_phone_store'...
                    ^

2014-09-15 13:04:44,103 - criterrorLogger - CRITICAL - something failed!
2014-09-15 13:04:44,104 - criterrorLogger - CRITICAL - relation "type" does not exist
LINE 1: INSERT INTO type (name_en, origin) SELECT 'dollar_store', 'G...
                    ^

2014-09-15 13:04:46,438 - criterrorLogger - CRITICAL - something failed!
2014-09-15 13:04:46,439 - criterrorLogger - CRITICAL - relation "type" does not exist
LINE 1: INSERT INTO type (name_en, origin) SELECT 'shoe_store', 'GP'...
                    ^

2014-09-15 13:04:47,393 - criterrorLogger - CRITICAL - something failed!
2014-09-15 13:04:47,393 - criterrorLogger - CRITICAL - relation "type" does not exist
LINE 1: INSERT INTO type (name_en, origin) SELECT 'video_game_store'...
                    ^

2014-09-15 13:04:48,399 - criterrorLogger - CRITICAL - something failed!
2014-09-15 13:04:48,400 - criterrorLogger - CRITICAL - relation "type" does not exist
LINE 1: INSERT INTO type (name_en, origin) SELECT 'print_shop', 'GP'...
                    ^

2014-09-15 13:04:50,906 - criterrorLogger - CRITICAL - something failed!
2014-09-15 13:04:50,908 - criterrorLogger - CRITICAL - relation "type" does not exist
LINE 1: INSERT INTO type (name_en, origin) SELECT 'department_store'...
                    ^

2014-09-15 13:04:52,016 - criterrorLogger - CRITICAL - something failed!
2014-09-15 13:04:52,017 - criterrorLogger - CRITICAL - relation "type" does not exist
LINE 1: INSERT INTO type (name_en, origin) SELECT 'beauty_salon', 'G...
                    ^

2014-09-15 13:04:53,185 - criterrorLogger - CRITICAL - something failed!
2014-09-15 13:04:53,187 - criterrorLogger - CRITICAL - relation "type" does not exist
LINE 1: INSERT INTO type (name_en, origin) SELECT 'home_improvement_...
                    ^

2014-09-15 13:04:54,174 - criterrorLogger - CRITICAL - something failed!
2014-09-15 13:04:54,175 - criterrorLogger - CRITICAL - relation "type" does not exist
LINE 1: INSERT INTO type (name_en, origin) SELECT 'gym', 'GP' WHERE ...
                    ^

2014-09-15 13:04:56,563 - criterrorLogger - CRITICAL - something failed!
2014-09-15 13:04:56,564 - criterrorLogger - CRITICAL - relation "type" does not exist
LINE 1: INSERT INTO type (name_en, origin) SELECT 'mattress_store', ...
                    ^

2014-09-15 13:05:02,178 - criterrorLogger - CRITICAL - something failed!
2014-09-15 13:05:02,179 - criterrorLogger - CRITICAL - relation "type" does not exist
LINE 1: INSERT INTO type (name_en, origin) SELECT 'department_store'...
                    ^

2014-09-15 13:05:04,512 - criterrorLogger - CRITICAL - something failed!
2014-09-15 13:05:04,513 - criterrorLogger - CRITICAL - relation "type" does not exist
LINE 1: INSERT INTO type (name_en, origin) SELECT 'construction_equi...
                    ^

2014-09-15 13:05:08,530 - criterrorLogger - CRITICAL - something failed!
2014-09-15 13:05:08,531 - criterrorLogger - CRITICAL - relation "type" does not exist
LINE 1: INSERT INTO type (name_en, origin) SELECT 'tax_preparation_s...
                    ^

2014-09-15 13:05:11,463 - criterrorLogger - CRITICAL - something failed!
2014-09-15 13:05:11,465 - criterrorLogger - CRITICAL - relation "type" does not exist
LINE 1: INSERT INTO type (name_en, origin) SELECT 'gas_station', 'GP...
                    ^

2014-09-15 13:05:15,256 - criterrorLogger - CRITICAL - something failed!
2014-09-15 13:05:15,258 - criterrorLogger - CRITICAL - relation "type" does not exist
LINE 1: INSERT INTO type (name_en, origin) SELECT 'gas_station', 'GP...
                    ^

2014-09-15 13:05:17,748 - criterrorLogger - CRITICAL - something failed!
2014-09-15 13:05:17,749 - criterrorLogger - CRITICAL - relation "type" does not exist
LINE 1: INSERT INTO type (name_en, origin) SELECT 'movie_rental', 'G...
                    ^

2014-09-15 13:05:19,135 - criterrorLogger - CRITICAL - something failed!
2014-09-15 13:05:19,138 - criterrorLogger - CRITICAL - relation "type" does not exist
LINE 1: INSERT INTO type (name_en, origin) SELECT 'used_car_dealer',...
                    ^

2014-09-15 13:05:20,619 - criterrorLogger - CRITICAL - something failed!
2014-09-15 13:05:20,637 - criterrorLogger - CRITICAL - relation "type" does not exist
LINE 1: INSERT INTO type (name_en, origin) SELECT 'insurance_agency'...
                    ^

2014-09-15 13:05:21,677 - criterrorLogger - CRITICAL - something failed!
2014-09-15 13:05:21,684 - criterrorLogger - CRITICAL - relation "type" does not exist
LINE 1: INSERT INTO type (name_en, origin) SELECT 'pest_control_serv...
                    ^

2014-09-15 13:05:23,845 - criterrorLogger - CRITICAL - something failed!
2014-09-15 13:05:23,846 - criterrorLogger - CRITICAL - relation "type" does not exist
LINE 1: INSERT INTO type (name_en, origin) SELECT 'restaurant', 'GP'...
                    ^

2014-09-15 13:05:32,387 - criterrorLogger - CRITICAL - something failed!
2014-09-15 13:05:32,404 - criterrorLogger - CRITICAL - relation "type" does not exist
LINE 1: INSERT INTO type (name_en, origin) SELECT 'diesel_engine_rep...
                    ^

2014-09-15 13:05:33,588 - criterrorLogger - CRITICAL - something failed!
2014-09-15 13:05:33,589 - criterrorLogger - CRITICAL - relation "type" does not exist
LINE 1: INSERT INTO type (name_en, origin) SELECT 'restaurant', 'GP'...
                    ^

2014-09-15 13:05:35,080 - criterrorLogger - CRITICAL - something failed!
2014-09-15 13:05:35,080 - criterrorLogger - CRITICAL - relation "type" does not exist
LINE 1: INSERT INTO type (name_en, origin) SELECT 'post_office', 'GP...
                    ^

2014-09-15 13:05:51,206 - criterrorLogger - CRITICAL - something failed!
2014-09-15 13:05:51,207 - criterrorLogger - CRITICAL - relation "type" does not exist
LINE 1: INSERT INTO type (name_en, origin) SELECT 'mattress_store', ...
                    ^

