2014-09-15 06:51:14,493 - errorLogger - CRITICAL - ZERO_RESULTS: https://maps.googleapis.com/maps/api/place/nearbysearch/json?location=43.00836,-2.07244&radius=1500&types=establishment&language=en&sensor=false&key=AIzaSyD4dui7FVSpUwpnrTrMN6NVXoT-C3lYTuI 

2014-09-15 06:51:31,189 - errorLogger - CRITICAL - https://maps.google.com/maps/place?cid=7700380011011634864
2014-09-15 06:51:32,077 - errorLogger - CRITICAL - https://maps.google.com/maps/place?cid=12147113441046358926
2014-09-15 06:51:38,529 - errorLogger - CRITICAL - https://maps.google.com/maps/place?cid=8990364602627566343
2014-09-15 06:51:44,902 - errorLogger - CRITICAL - https://maps.google.com/maps/place?cid=8050870309386286955
2014-09-15 06:51:45,187 - errorLogger - CRITICAL - https://maps.google.com/maps/place?cid=16470705501768019024
2014-09-15 06:51:46,670 - errorLogger - CRITICAL - https://maps.google.com/maps/place?cid=7373087339271117599
2014-09-15 06:51:46,950 - errorLogger - CRITICAL - https://maps.google.com/maps/place?cid=5502214223965608008
2014-09-15 06:51:48,523 - errorLogger - CRITICAL - https://maps.google.com/maps/place?cid=3287430918246642433
2014-09-15 06:51:48,784 - errorLogger - CRITICAL - https://maps.google.com/maps/place?cid=1846178920407506058
2014-09-15 06:51:49,069 - errorLogger - CRITICAL - https://maps.google.com/maps/place?cid=11922440447946593515
2014-09-15 06:51:49,340 - errorLogger - CRITICAL - https://maps.google.com/maps/place?cid=12801867648316019317
2014-09-15 06:51:50,229 - errorLogger - CRITICAL - https://maps.google.com/maps/place?cid=9977772256542395099
2014-09-15 06:55:29,166 - errorLogger - CRITICAL - https://maps.google.com/maps/place?cid=4730456480689075712
2014-09-15 06:55:29,442 - errorLogger - CRITICAL - https://maps.google.com/maps/place?cid=230838805308610940
2014-09-15 06:55:54,535 - errorLogger - CRITICAL - https://maps.google.com/maps/place?cid=4730456480689075712
2014-09-15 06:55:55,665 - errorLogger - CRITICAL - https://maps.google.com/maps/place?cid=230838805308610940
2014-09-15 06:55:58,657 - errorLogger - CRITICAL - https://maps.google.com/maps/place?cid=1108417316917702056
2014-09-15 06:55:58,940 - errorLogger - CRITICAL - https://maps.google.com/maps/place?cid=5615494478574871992
2014-09-15 06:56:28,490 - errorLogger - CRITICAL - https://maps.google.com/maps/place?cid=16392510331655216480
2014-09-15 06:56:29,460 - errorLogger - CRITICAL - https://maps.google.com/maps/place?cid=4730456480689075712
2014-09-15 06:56:29,724 - errorLogger - CRITICAL - https://maps.google.com/maps/place?cid=1748909911230424111
2014-09-15 06:56:30,911 - errorLogger - CRITICAL - https://maps.google.com/maps/place?cid=230838805308610940
2014-09-15 06:56:33,085 - errorLogger - CRITICAL - https://maps.google.com/maps/place?cid=1108417316917702056
2014-09-15 06:56:33,337 - errorLogger - CRITICAL - https://maps.google.com/maps/place?cid=5615494478574871992
2014-09-15 06:56:34,364 - errorLogger - CRITICAL - https://maps.google.com/maps/place?cid=780119940987571262
2014-09-15 06:56:35,290 - errorLogger - CRITICAL - https://maps.google.com/maps/place?cid=14246239980197975940
2014-09-15 06:56:59,189 - errorLogger - CRITICAL - https://maps.google.com/maps/place?cid=16392510331655216480
2014-09-15 06:57:00,049 - errorLogger - CRITICAL - https://maps.google.com/maps/place?cid=14708250943194840166
2014-09-15 06:57:00,322 - errorLogger - CRITICAL - https://maps.google.com/maps/place?cid=4730456480689075712
2014-09-15 06:57:00,572 - errorLogger - CRITICAL - https://maps.google.com/maps/place?cid=1748909911230424111
2014-09-15 06:57:01,674 - errorLogger - CRITICAL - https://maps.google.com/maps/place?cid=230838805308610940
2014-09-15 06:57:03,404 - errorLogger - CRITICAL - https://maps.google.com/maps/place?cid=1108417316917702056
2014-09-15 06:57:03,658 - errorLogger - CRITICAL - https://maps.google.com/maps/place?cid=5615494478574871992
2014-09-15 06:57:03,907 - errorLogger - CRITICAL - https://maps.google.com/maps/place?cid=3205031835928779793
2014-09-15 06:57:04,161 - errorLogger - CRITICAL - https://maps.google.com/maps/place?cid=780119940987571262
2014-09-15 06:57:05,038 - errorLogger - CRITICAL - https://maps.google.com/maps/place?cid=14246239980197975940
2014-09-15 06:57:15,242 - errorLogger - CRITICAL - https://maps.google.com/maps/place?cid=16392510331655216480
2014-09-15 06:57:16,172 - errorLogger - CRITICAL - https://maps.google.com/maps/place?cid=14708250943194840166
2014-09-15 06:57:16,440 - errorLogger - CRITICAL - https://maps.google.com/maps/place?cid=1748909911230424111
2014-09-15 06:57:18,684 - errorLogger - CRITICAL - https://maps.google.com/maps/place?cid=1108417316917702056
2014-09-15 06:57:18,967 - errorLogger - CRITICAL - https://maps.google.com/maps/place?cid=5615494478574871992
2014-09-15 06:57:19,342 - errorLogger - CRITICAL - https://maps.google.com/maps/place?cid=3205031835928779793
2014-09-15 06:57:19,595 - errorLogger - CRITICAL - https://maps.google.com/maps/place?cid=780119940987571262
2014-09-15 06:57:20,626 - errorLogger - CRITICAL - https://maps.google.com/maps/place?cid=14246239980197975940
2014-09-15 06:57:29,019 - errorLogger - CRITICAL - https://maps.google.com/maps/place?cid=16392510331655216480
2014-09-15 06:57:29,290 - errorLogger - CRITICAL - https://maps.google.com/maps/place?cid=14708250943194840166
2014-09-15 06:57:30,296 - errorLogger - CRITICAL - https://maps.google.com/maps/place?cid=3205031835928779793
2014-09-15 06:57:30,554 - errorLogger - CRITICAL - https://maps.google.com/maps/place?cid=14246239980197975940
2014-09-15 06:57:34,918 - errorLogger - CRITICAL - https://maps.google.com/maps/place?cid=14708250943194840166
2014-09-15 06:57:36,550 - errorLogger - CRITICAL - https://maps.google.com/maps/place?cid=3205031835928779793
2014-09-15 06:58:21,224 - errorLogger - CRITICAL - https://maps.google.com/maps/place?cid=13113898306103562628
2014-09-15 06:58:21,703 - errorLogger - CRITICAL - https://maps.google.com/maps/place?cid=3118436806949487892
2014-09-15 06:58:37,002 - errorLogger - CRITICAL - https://maps.google.com/maps/place?cid=13113898306103562628
2014-09-15 06:58:37,771 - errorLogger - CRITICAL - https://maps.google.com/maps/place?cid=3118436806949487892
2014-09-15 06:58:48,635 - errorLogger - CRITICAL - https://maps.google.com/maps/place?cid=13113898306103562628
2014-09-15 06:58:48,929 - errorLogger - CRITICAL - https://maps.google.com/maps/place?cid=3118436806949487892
2014-09-15 07:03:33,368 - errorLogger - CRITICAL - https://maps.google.com/maps/place?cid=1015117259604369850
2014-09-15 07:03:51,419 - errorLogger - CRITICAL - https://maps.google.com/maps/place?cid=12348945519448681366
2014-09-15 07:03:51,825 - errorLogger - CRITICAL - https://maps.google.com/maps/place?cid=12585664333730733622
2014-09-15 07:03:52,082 - errorLogger - CRITICAL - https://maps.google.com/maps/place?cid=1614123654822611939
2014-09-15 07:03:52,349 - errorLogger - CRITICAL - https://maps.google.com/maps/place?cid=3934119340301661093
2014-09-15 07:03:52,628 - errorLogger - CRITICAL - https://maps.google.com/maps/place?cid=2429907142230680406
2014-09-15 07:03:59,391 - errorLogger - CRITICAL - https://maps.google.com/maps/place?cid=15266367283576239097
2014-09-15 07:04:24,063 - errorLogger - CRITICAL - https://maps.google.com/maps/place?cid=15266367283576239097
2014-09-15 07:08:48,019 - errorLogger - CRITICAL - https://maps.google.com/maps/place?cid=4730456480689075712
2014-09-15 07:08:49,576 - errorLogger - CRITICAL - https://maps.google.com/maps/place?cid=230838805308610940
2014-09-15 07:08:49,847 - errorLogger - CRITICAL - https://maps.google.com/maps/place?cid=18233976262519723236
2014-09-15 07:08:51,060 - errorLogger - CRITICAL - https://maps.google.com/maps/place?cid=10472965872030945390
2014-09-15 07:08:56,180 - errorLogger - CRITICAL - https://maps.google.com/maps/place?cid=9492986759217617003
2014-09-15 07:08:56,447 - errorLogger - CRITICAL - https://maps.google.com/maps/place?cid=15344118923349005822
2014-09-15 07:09:28,385 - errorLogger - CRITICAL - https://maps.google.com/maps/place?cid=4730456480689075712
2014-09-15 07:09:29,545 - errorLogger - CRITICAL - https://maps.google.com/maps/place?cid=230838805308610940
2014-09-15 07:09:29,932 - errorLogger - CRITICAL - https://maps.google.com/maps/place?cid=18233976262519723236
2014-09-15 07:09:30,199 - errorLogger - CRITICAL - https://maps.google.com/maps/place?cid=10472965872030945390
2014-09-15 07:09:33,239 - errorLogger - CRITICAL - https://maps.google.com/maps/place?cid=9492986759217617003
2014-09-15 07:09:33,536 - errorLogger - CRITICAL - https://maps.google.com/maps/place?cid=15344118923349005822
2014-09-15 07:09:58,858 - errorLogger - CRITICAL - https://maps.google.com/maps/place?cid=4730456480689075712
2014-09-15 07:09:59,769 - errorLogger - CRITICAL - https://maps.google.com/maps/place?cid=230838805308610940
2014-09-15 07:10:02,180 - errorLogger - CRITICAL - https://maps.google.com/maps/place?cid=15344118923349005822
2014-09-15 07:10:20,407 - errorLogger - CRITICAL - https://maps.google.com/maps/place?cid=4730456480689075712
2014-09-15 07:10:21,554 - errorLogger - CRITICAL - https://maps.google.com/maps/place?cid=230838805308610940
2014-09-15 07:10:29,298 - errorLogger - CRITICAL - https://maps.google.com/maps/place?cid=17929756959869279144
2014-09-15 07:10:55,227 - errorLogger - CRITICAL - https://maps.google.com/maps/place?cid=17929756959869279144
2014-09-15 07:16:48,109 - errorLogger - CRITICAL - https://maps.google.com/maps/place?cid=13146168577073395953
2014-09-15 07:16:50,508 - errorLogger - CRITICAL - https://maps.google.com/maps/place?cid=16208609259290529153
2014-09-15 07:16:52,279 - errorLogger - CRITICAL - https://maps.google.com/maps/place?cid=12601364423247682109
2014-09-15 07:16:54,238 - errorLogger - CRITICAL - https://maps.google.com/maps/place?cid=9527551472521974146
2014-09-15 07:17:00,624 - errorLogger - CRITICAL - https://maps.google.com/maps/place?cid=16208609259290529153
2014-09-15 07:17:02,192 - errorLogger - CRITICAL - https://maps.google.com/maps/place?cid=12601364423247682109
2014-09-15 07:17:04,057 - errorLogger - CRITICAL - https://maps.google.com/maps/place?cid=5752471974859248774
2014-09-15 07:17:04,321 - errorLogger - CRITICAL - https://maps.google.com/maps/place?cid=9527551472521974146
2014-09-15 07:17:04,588 - errorLogger - CRITICAL - https://maps.google.com/maps/place?cid=11783798825118142324
2014-09-15 07:17:11,707 - errorLogger - CRITICAL - https://maps.google.com/maps/place?cid=16208609259290529153
2014-09-15 07:17:12,719 - errorLogger - CRITICAL - https://maps.google.com/maps/place?cid=12601364423247682109
2014-09-15 07:17:13,748 - errorLogger - CRITICAL - https://maps.google.com/maps/place?cid=5752471974859248774
2014-09-15 07:17:14,112 - errorLogger - CRITICAL - https://maps.google.com/maps/place?cid=9527551472521974146
2014-09-15 07:17:14,459 - errorLogger - CRITICAL - https://maps.google.com/maps/place?cid=11783798825118142324
2014-09-15 07:20:38,744 - errorLogger - CRITICAL - https://maps.google.com/maps/place?cid=1584569181753549875
2014-09-15 07:25:37,849 - errorLogger - CRITICAL - https://maps.google.com/maps/place?cid=8426367378612546590
2014-09-15 07:25:40,071 - errorLogger - CRITICAL - https://maps.google.com/maps/place?cid=16257947273656382445
2014-09-15 07:25:40,339 - errorLogger - CRITICAL - https://maps.google.com/maps/place?cid=9203639176244539062
2014-09-15 07:25:47,369 - errorLogger - CRITICAL - https://maps.google.com/maps/place?cid=12747680584543904667
2014-09-15 07:25:53,078 - errorLogger - CRITICAL - https://maps.google.com/maps/place?cid=16257947273656382445
2014-09-15 07:25:53,342 - errorLogger - CRITICAL - https://maps.google.com/maps/place?cid=9203639176244539062
2014-09-15 07:25:57,133 - errorLogger - CRITICAL - https://maps.google.com/maps/place?cid=16257947273656382445
2014-09-15 07:26:03,890 - errorLogger - CRITICAL - https://maps.google.com/maps/place?cid=1654117041029430782
2014-09-15 07:26:04,139 - errorLogger - CRITICAL - https://maps.google.com/maps/place?cid=6939349097076134804
2014-09-15 07:28:45,049 - errorLogger - CRITICAL - ZERO_RESULTS: https://maps.googleapis.com/maps/api/place/nearbysearch/json?location=43.22753,-2.32696&radius=1500&types=establishment&language=en&sensor=false&key=AIzaSyD4dui7FVSpUwpnrTrMN6NVXoT-C3lYTuI 

2014-09-15 07:28:45,142 - errorLogger - CRITICAL - ZERO_RESULTS: https://maps.googleapis.com/maps/api/place/nearbysearch/json?location=43.2346,-2.32696&radius=1500&types=establishment&language=en&sensor=false&key=AIzaSyD4dui7FVSpUwpnrTrMN6NVXoT-C3lYTuI 

2014-09-15 07:29:52,577 - errorLogger - CRITICAL - https://maps.google.com/maps/place?cid=12307135931225911063
2014-09-15 07:30:47,961 - errorLogger - CRITICAL - https://maps.google.com/maps/place?cid=5809113712185766193
2014-09-15 07:30:49,639 - errorLogger - CRITICAL - https://maps.google.com/maps/place?cid=2682030789315510533
2014-09-15 07:30:50,368 - errorLogger - CRITICAL - ZERO_RESULTS: https://maps.googleapis.com/maps/api/place/nearbysearch/json?location=43.26995,-2.41887&radius=1500&types=establishment&language=en&sensor=false&key=AIzaSyD4dui7FVSpUwpnrTrMN6NVXoT-C3lYTuI 

2014-09-15 07:31:39,704 - errorLogger - CRITICAL - https://maps.google.com/maps/place?cid=633286347670499168
2014-09-15 07:39:34,586 - errorLogger - CRITICAL - https://maps.google.com/maps/place?cid=9695800388181185136
2014-09-15 07:40:18,873 - errorLogger - CRITICAL - https://maps.google.com/maps/place?cid=9695800388181185136
2014-09-15 07:40:50,463 - errorLogger - CRITICAL - https://maps.google.com/maps/place?cid=13416772804218519051
2014-09-15 07:40:54,786 - errorLogger - CRITICAL - https://maps.google.com/maps/place?cid=18129282235921723022
2014-09-15 07:40:55,969 - errorLogger - CRITICAL - https://maps.google.com/maps/place?cid=16719852831019361617
2014-09-15 07:41:05,905 - errorLogger - CRITICAL - https://maps.google.com/maps/place?cid=9695800388181185136
2014-09-15 07:41:36,715 - errorLogger - CRITICAL - https://maps.google.com/maps/place?cid=13416772804218519051
2014-09-15 07:41:41,838 - errorLogger - CRITICAL - https://maps.google.com/maps/place?cid=16719852831019361617
2014-09-15 07:41:49,377 - errorLogger - CRITICAL - https://maps.google.com/maps/place?cid=9695800388181185136
2014-09-15 07:42:16,040 - errorLogger - CRITICAL - https://maps.google.com/maps/place?cid=13416772804218519051
2014-09-15 07:42:31,301 - errorLogger - CRITICAL - https://maps.google.com/maps/place?cid=4564048787188961552
2014-09-15 07:42:32,836 - errorLogger - CRITICAL - https://maps.google.com/maps/place?cid=16113641964228325045
2014-09-15 07:43:30,065 - errorLogger - CRITICAL - https://maps.google.com/maps/place?cid=6215821887840576710
2014-09-15 07:46:09,961 - errorLogger - CRITICAL - ZERO_RESULTS: https://maps.googleapis.com/maps/api/place/nearbysearch/json?location=42.95887,-2.39766&radius=1500&types=establishment&language=en&sensor=false&key=AIzaSyD4dui7FVSpUwpnrTrMN6NVXoT-C3lYTuI 

2014-09-15 07:46:23,014 - errorLogger - CRITICAL - https://maps.google.com/maps/place?cid=9692380447805648505
2014-09-15 07:46:35,024 - errorLogger - CRITICAL - https://maps.google.com/maps/place?cid=9692380447805648505
2014-09-15 07:46:46,922 - errorLogger - CRITICAL - https://maps.google.com/maps/place?cid=9692380447805648505
2014-09-15 07:47:02,828 - errorLogger - CRITICAL - https://maps.google.com/maps/place?cid=4424605140116183017
2014-09-15 07:49:50,867 - errorLogger - CRITICAL - ZERO_RESULTS: https://maps.googleapis.com/maps/api/place/nearbysearch/json?location=43.05785,-2.39766&radius=1500&types=establishment&language=en&sensor=false&key=AIzaSyD4dui7FVSpUwpnrTrMN6NVXoT-C3lYTuI 

2014-09-15 07:50:18,527 - errorLogger - CRITICAL - https://maps.google.com/maps/place?cid=12332556395733085742
2014-09-15 07:50:57,689 - errorLogger - CRITICAL - https://maps.google.com/maps/place?cid=12332556395733085742
2014-09-15 07:55:09,244 - errorLogger - CRITICAL - https://maps.google.com/maps/place?cid=12601364423247682109
2014-09-15 07:55:13,306 - errorLogger - CRITICAL - https://maps.google.com/maps/place?cid=16208609259290529153
2014-09-15 07:55:13,612 - errorLogger - CRITICAL - https://maps.google.com/maps/place?cid=12601364423247682109
2014-09-15 07:55:14,763 - errorLogger - CRITICAL - https://maps.google.com/maps/place?cid=9527551472521974146
2014-09-15 07:55:25,964 - errorLogger - CRITICAL - https://maps.google.com/maps/place?cid=16208609259290529153
2014-09-15 07:55:26,744 - errorLogger - CRITICAL - https://maps.google.com/maps/place?cid=12601364423247682109
2014-09-15 07:55:28,132 - errorLogger - CRITICAL - https://maps.google.com/maps/place?cid=5752471974859248774
2014-09-15 07:55:28,991 - errorLogger - CRITICAL - https://maps.google.com/maps/place?cid=9527551472521974146
2014-09-15 07:55:29,776 - errorLogger - CRITICAL - https://maps.google.com/maps/place?cid=11783798825118142324
2014-09-15 08:03:24,978 - errorLogger - CRITICAL - https://maps.google.com/maps/place?cid=9695800388181185136
2014-09-15 08:04:11,264 - errorLogger - CRITICAL - https://maps.google.com/maps/place?cid=9695800388181185136
2014-09-15 08:05:01,611 - errorLogger - CRITICAL - https://maps.google.com/maps/place?cid=9695800388181185136
2014-09-15 08:05:49,664 - errorLogger - CRITICAL - https://maps.google.com/maps/place?cid=9695800388181185136
2014-09-15 08:06:32,455 - errorLogger - CRITICAL - https://maps.google.com/maps/place?cid=13416772804218519051
2014-09-15 08:07:37,111 - errorLogger - CRITICAL - ZERO_RESULTS: https://maps.googleapis.com/maps/api/place/nearbysearch/json?location=42.98008,-2.46129&radius=1500&types=establishment&language=en&sensor=false&key=AIzaSyD4dui7FVSpUwpnrTrMN6NVXoT-C3lYTuI 

2014-09-15 08:07:43,056 - errorLogger - CRITICAL - https://maps.google.com/maps/place?cid=13113898306103562628
2014-09-15 08:07:43,640 - errorLogger - CRITICAL - https://maps.google.com/maps/place?cid=3118436806949487892
2014-09-15 08:07:51,173 - errorLogger - CRITICAL - https://maps.google.com/maps/place?cid=13113898306103562628
2014-09-15 08:07:51,421 - errorLogger - CRITICAL - https://maps.google.com/maps/place?cid=3118436806949487892
2014-09-15 08:07:57,048 - errorLogger - CRITICAL - https://maps.google.com/maps/place?cid=13113898306103562628
2014-09-15 08:07:57,301 - errorLogger - CRITICAL - https://maps.google.com/maps/place?cid=3118436806949487892
2014-09-15 08:07:58,022 - errorLogger - CRITICAL - ZERO_RESULTS: https://maps.googleapis.com/maps/api/place/nearbysearch/json?location=42.95887,-2.44715&radius=1500&types=establishment&language=en&sensor=false&key=AIzaSyD4dui7FVSpUwpnrTrMN6NVXoT-C3lYTuI 

2014-09-15 08:07:58,118 - errorLogger - CRITICAL - ZERO_RESULTS: https://maps.googleapis.com/maps/api/place/nearbysearch/json?location=42.98008,-2.44715&radius=1500&types=establishment&language=en&sensor=false&key=AIzaSyD4dui7FVSpUwpnrTrMN6NVXoT-C3lYTuI 

2014-09-15 08:08:29,915 - errorLogger - CRITICAL - https://maps.google.com/maps/place?cid=4730456480689075712
2014-09-15 08:08:30,184 - errorLogger - CRITICAL - https://maps.google.com/maps/place?cid=230838805308610940
2014-09-15 08:08:30,444 - errorLogger - CRITICAL - https://maps.google.com/maps/place?cid=18233976262519723236
2014-09-15 08:08:34,654 - errorLogger - CRITICAL - https://maps.google.com/maps/place?cid=15344118923349005822
2014-09-15 08:09:17,216 - errorLogger - CRITICAL - https://maps.google.com/maps/place?cid=13113898306103562628
2014-09-15 08:09:17,467 - errorLogger - CRITICAL - https://maps.google.com/maps/place?cid=3118436806949487892
2014-09-15 08:09:19,721 - errorLogger - CRITICAL - https://maps.google.com/maps/place?q=Parque+Natural+Aizkorri-Aratz&ftid=0xd503ca560e278d3:0x7e6ca75182bad467
2014-09-15 08:09:25,877 - errorLogger - CRITICAL - https://maps.google.com/maps/place?cid=2429907142230680406
2014-09-15 08:09:30,953 - errorLogger - CRITICAL - https://maps.google.com/maps/place?cid=14708250943194840166
2014-09-15 08:09:31,216 - errorLogger - CRITICAL - https://maps.google.com/maps/place?cid=17929756959869279144
2014-09-15 08:09:32,982 - errorLogger - CRITICAL - https://maps.google.com/maps/place?cid=3205031835928779793
2014-09-15 08:10:17,242 - errorLogger - CRITICAL - https://maps.google.com/maps/place?cid=6958203626743853746
2014-09-15 08:10:22,378 - errorLogger - CRITICAL - ZERO_RESULTS: https://maps.googleapis.com/maps/api/place/nearbysearch/json?location=42.95887,-2.43301&radius=1500&types=establishment&language=en&sensor=false&key=AIzaSyD4dui7FVSpUwpnrTrMN6NVXoT-C3lYTuI 

2014-09-15 08:10:50,862 - errorLogger - CRITICAL - https://maps.google.com/maps/place?cid=14708250943194840166
2014-09-15 08:10:52,838 - errorLogger - CRITICAL - https://maps.google.com/maps/place?cid=17929756959869279144
2014-09-15 08:10:57,863 - errorLogger - CRITICAL - https://maps.google.com/maps/place?cid=3205031835928779793
2014-09-15 08:12:49,046 - errorLogger - CRITICAL - ZERO_RESULTS: https://maps.googleapis.com/maps/api/place/nearbysearch/json?location=43.25581,-2.41887&radius=1500&types=establishment&language=en&sensor=false&key=AIzaSyD4dui7FVSpUwpnrTrMN6NVXoT-C3lYTuI 

2014-09-15 08:12:49,164 - errorLogger - CRITICAL - ZERO_RESULTS: https://maps.googleapis.com/maps/api/place/nearbysearch/json?location=43.26288,-2.41887&radius=1500&types=establishment&language=en&sensor=false&key=AIzaSyD4dui7FVSpUwpnrTrMN6NVXoT-C3lYTuI 

2014-09-15 08:12:50,693 - errorLogger - CRITICAL - https://maps.google.com/maps/place?cid=18233976262519723236
2014-09-15 08:12:50,971 - errorLogger - CRITICAL - https://maps.google.com/maps/place?cid=10472965872030945390
2014-09-15 08:12:52,107 - errorLogger - CRITICAL - https://maps.google.com/maps/place?cid=9492986759217617003
2014-09-15 08:14:09,683 - errorLogger - CRITICAL - ZERO_RESULTS: https://maps.googleapis.com/maps/api/place/nearbysearch/json?location=43.05785,-2.40473&radius=1500&types=establishment&language=en&sensor=false&key=AIzaSyD4dui7FVSpUwpnrTrMN6NVXoT-C3lYTuI 

2014-09-15 08:14:18,990 - errorLogger - CRITICAL - https://maps.google.com/maps/place?cid=16208609259290529153
2014-09-15 08:14:19,266 - errorLogger - CRITICAL - https://maps.google.com/maps/place?cid=12601364423247682109
2014-09-15 08:14:20,280 - errorLogger - CRITICAL - https://maps.google.com/maps/place?cid=5752471974859248774
2014-09-15 08:14:20,559 - errorLogger - CRITICAL - https://maps.google.com/maps/place?cid=9527551472521974146
2014-09-15 08:14:20,844 - errorLogger - CRITICAL - https://maps.google.com/maps/place?cid=11783798825118142324
2014-09-15 08:15:37,652 - errorLogger - CRITICAL - https://maps.google.com/maps/place?cid=16208609259290529153
2014-09-15 08:15:37,913 - errorLogger - CRITICAL - https://maps.google.com/maps/place?cid=12601364423247682109
2014-09-15 08:15:38,837 - errorLogger - CRITICAL - https://maps.google.com/maps/place?cid=5752471974859248774
2014-09-15 08:15:39,100 - errorLogger - CRITICAL - https://maps.google.com/maps/place?cid=9527551472521974146
2014-09-15 08:15:39,445 - errorLogger - CRITICAL - https://maps.google.com/maps/place?cid=11783798825118142324
2014-09-15 08:16:09,478 - errorLogger - CRITICAL - https://maps.google.com/maps/place?cid=4424605140116183017
2014-09-15 08:16:32,505 - errorLogger - CRITICAL - https://maps.google.com/maps/place?cid=10082152051513406477
2014-09-15 08:16:39,768 - errorLogger - CRITICAL - https://maps.google.com/maps/place?cid=3924763599085401760
2014-09-15 08:16:40,027 - errorLogger - CRITICAL - https://maps.google.com/maps/place?cid=16386504659547746880
2014-09-15 08:17:03,281 - errorLogger - CRITICAL - https://maps.google.com/maps/place?cid=4424605140116183017
2014-09-15 08:17:26,629 - errorLogger - CRITICAL - https://maps.google.com/maps/place?cid=10082152051513406477
2014-09-15 08:17:33,350 - errorLogger - CRITICAL - https://maps.google.com/maps/place?cid=3924763599085401760
2014-09-15 08:17:33,620 - errorLogger - CRITICAL - https://maps.google.com/maps/place?cid=16386504659547746880
2014-09-15 08:17:50,525 - errorLogger - CRITICAL - https://maps.google.com/maps/place?cid=4424605140116183017
2014-09-15 08:18:17,997 - errorLogger - CRITICAL - https://maps.google.com/maps/place?cid=10082152051513406477
2014-09-15 08:18:54,418 - errorLogger - CRITICAL - https://maps.google.com/maps/place?cid=10082152051513406477
2014-09-15 08:19:04,754 - errorLogger - CRITICAL - https://maps.google.com/maps/place?cid=3924763599085401760
2014-09-15 08:19:12,065 - errorLogger - CRITICAL - https://maps.google.com/maps/place?cid=8508921052809212184
2014-09-15 08:20:05,414 - errorLogger - CRITICAL - https://maps.google.com/maps/place?cid=12332556395733085742
2014-09-15 08:21:04,844 - errorLogger - CRITICAL - https://maps.google.com/maps/place?cid=1332542814118409878
2014-09-15 08:21:05,133 - errorLogger - CRITICAL - https://maps.google.com/maps/place?cid=8314857637617528892
2014-09-15 08:21:16,492 - errorLogger - CRITICAL - https://maps.google.com/maps/place?cid=8314857637617528892
2014-09-15 08:21:17,515 - errorLogger - CRITICAL - https://maps.google.com/maps/place?cid=12689727489465173124
2014-09-15 08:22:02,832 - errorLogger - CRITICAL - https://maps.google.com/maps/place?cid=12689727489465173124
2014-09-15 08:22:05,966 - errorLogger - CRITICAL - https://maps.google.com/maps/place?cid=13801145168967857611
2014-09-15 08:22:06,180 - errorLogger - CRITICAL - https://maps.google.com/maps/place?cid=15049085058990498480
2014-09-15 08:24:51,979 - errorLogger - CRITICAL - https://maps.google.com/maps/place?q=Parque+Natural+Aralar&ftid=0xd50383f423291df:0xf817056d223bcddf
2014-09-15 08:24:53,141 - errorLogger - CRITICAL - https://maps.google.com/maps/place?cid=11203378745032039615
2014-09-15 08:24:54,764 - errorLogger - CRITICAL - https://maps.google.com/maps/place?q=Parque+Natural+Aralar&ftid=0xd50383f423291df:0xf817056d223bcddf
2014-09-15 08:24:57,010 - errorLogger - CRITICAL - https://maps.google.com/maps/place?cid=11203378745032039615
2014-09-15 08:24:58,288 - errorLogger - CRITICAL - https://maps.google.com/maps/place?q=Parque+Natural+Aralar&ftid=0xd50383f423291df:0xf817056d223bcddf
2014-09-15 08:24:59,772 - errorLogger - CRITICAL - https://maps.google.com/maps/place?q=Parque+Natural+Aralar&ftid=0xd50383f423291df:0xf817056d223bcddf
2014-09-15 08:25:00,965 - errorLogger - CRITICAL - https://maps.google.com/maps/place?q=Parque+Natural+Aralar&ftid=0xd50383f423291df:0xf817056d223bcddf
2014-09-15 08:27:09,282 - errorLogger - CRITICAL - https://maps.google.com/maps/place?cid=11173290958648505932
2014-09-15 08:27:10,519 - errorLogger - CRITICAL - https://maps.google.com/maps/place?cid=8751447832243401744
2014-09-15 08:27:17,080 - errorLogger - CRITICAL - https://maps.google.com/maps/place?cid=11772900940899909325
2014-09-15 08:27:23,597 - errorLogger - CRITICAL - https://maps.google.com/maps/place?cid=13874150508512566655
2014-09-15 08:27:24,144 - errorLogger - CRITICAL - https://maps.google.com/maps/place?cid=9129020045830543850
2014-09-15 08:27:29,646 - errorLogger - CRITICAL - https://maps.google.com/maps/place?cid=2411578930942325239
2014-09-15 08:27:29,925 - errorLogger - CRITICAL - https://maps.google.com/maps/place?cid=8708573370995059926
2014-09-15 08:27:45,553 - errorLogger - CRITICAL - https://maps.google.com/maps/place?cid=8751447832243401744
2014-09-15 08:27:50,131 - errorLogger - CRITICAL - https://maps.google.com/maps/place?cid=11772900940899909325
2014-09-15 08:27:52,406 - errorLogger - CRITICAL - https://maps.google.com/maps/place?cid=9129020045830543850
2014-09-15 08:27:56,367 - errorLogger - CRITICAL - https://maps.google.com/maps/place?cid=7367997469337455461
2014-09-15 08:28:22,057 - errorLogger - CRITICAL - https://maps.google.com/maps/place?cid=8751447832243401744
2014-09-15 08:28:25,919 - errorLogger - CRITICAL - https://maps.google.com/maps/place?cid=11772900940899909325
2014-09-15 08:28:27,602 - errorLogger - CRITICAL - https://maps.google.com/maps/place?cid=9129020045830543850
2014-09-15 08:28:31,265 - errorLogger - CRITICAL - https://maps.google.com/maps/place?cid=7367997469337455461
2014-09-15 08:28:43,930 - errorLogger - CRITICAL - https://maps.google.com/maps/place?cid=8751447832243401744
2014-09-15 08:28:49,754 - errorLogger - CRITICAL - https://maps.google.com/maps/place?cid=11772900940899909325
2014-09-15 08:28:51,573 - errorLogger - CRITICAL - https://maps.google.com/maps/place?cid=9129020045830543850
2014-09-15 08:28:55,516 - errorLogger - CRITICAL - https://maps.google.com/maps/place?cid=7367997469337455461
2014-09-15 08:28:59,709 - errorLogger - CRITICAL - ZERO_RESULTS: https://maps.googleapis.com/maps/api/place/nearbysearch/json?location=43.14976,-2.10779&radius=1500&types=establishment&language=en&sensor=false&key=AIzaSyD4dui7FVSpUwpnrTrMN6NVXoT-C3lYTuI 

2014-09-15 08:29:09,775 - errorLogger - CRITICAL - https://maps.google.com/maps/place?cid=4082441399432900182
2014-09-15 08:29:10,090 - errorLogger - CRITICAL - https://maps.google.com/maps/place?cid=6502427662257869146
2014-09-15 08:29:10,388 - errorLogger - CRITICAL - https://maps.google.com/maps/place?cid=11382588733166897307
2014-09-15 08:29:12,097 - errorLogger - CRITICAL - https://maps.google.com/maps/place?cid=2667576537750530235
2014-09-15 08:29:12,401 - errorLogger - CRITICAL - https://maps.google.com/maps/place?cid=3032043509034739365
2014-09-15 08:29:12,720 - errorLogger - CRITICAL - https://maps.google.com/maps/place?cid=7785121802871005657
2014-09-15 08:29:13,147 - errorLogger - CRITICAL - https://maps.google.com/maps/place?cid=8324148760188702702
2014-09-15 08:29:13,446 - errorLogger - CRITICAL - https://maps.google.com/maps/place?cid=11308007883390592444
2014-09-15 08:29:14,429 - errorLogger - CRITICAL - https://maps.google.com/maps/place?cid=13331958373939614073
2014-09-15 08:29:14,710 - errorLogger - CRITICAL - https://maps.google.com/maps/place?cid=4883660771476507772
2014-09-15 08:29:16,538 - errorLogger - CRITICAL - ZERO_RESULTS: https://maps.googleapis.com/maps/api/place/nearbysearch/json?location=43.01543,-2.10779&radius=1500&types=establishment&language=en&sensor=false&key=AIzaSyD4dui7FVSpUwpnrTrMN6NVXoT-C3lYTuI 

2014-09-15 08:29:35,186 - errorLogger - CRITICAL - https://maps.google.com/maps/place?cid=5077675327062332149
2014-09-15 08:29:52,564 - errorLogger - CRITICAL - https://maps.google.com/maps/place?cid=5077675327062332149
2014-09-15 08:30:06,226 - errorLogger - CRITICAL - https://maps.google.com/maps/place?cid=5077675327062332149
2014-09-15 08:30:18,870 - errorLogger - CRITICAL - https://maps.google.com/maps/place?cid=5077675327062332149
2014-09-15 08:30:26,890 - errorLogger - CRITICAL - https://maps.google.com/maps/place?cid=5759213758118944186
2014-09-15 08:45:01,757 - errorLogger - CRITICAL - https://maps.google.com/maps/place?cid=13501512785169646540
2014-09-15 08:45:02,020 - errorLogger - CRITICAL - https://maps.google.com/maps/place?cid=14098056964223733903
2014-09-15 08:45:06,979 - errorLogger - CRITICAL - https://maps.google.com/maps/place?cid=8125603376561437638
2014-09-15 08:45:09,242 - errorLogger - CRITICAL - https://maps.google.com/maps/place?cid=13501512785169646540
2014-09-15 08:45:09,531 - errorLogger - CRITICAL - https://maps.google.com/maps/place?cid=14098056964223733903
2014-09-15 08:45:15,361 - errorLogger - CRITICAL - https://maps.google.com/maps/place?cid=8125603376561437638
2014-09-15 08:45:17,017 - errorLogger - CRITICAL - https://maps.google.com/maps/place?cid=13501512785169646540
2014-09-15 08:45:17,325 - errorLogger - CRITICAL - https://maps.google.com/maps/place?cid=14098056964223733903
2014-09-15 08:45:22,937 - errorLogger - CRITICAL - https://maps.google.com/maps/place?cid=8125603376561437638
2014-09-15 08:45:24,411 - errorLogger - CRITICAL - https://maps.google.com/maps/place?cid=13501512785169646540
2014-09-15 08:45:24,676 - errorLogger - CRITICAL - https://maps.google.com/maps/place?cid=14098056964223733903
2014-09-15 08:45:30,995 - errorLogger - CRITICAL - https://maps.google.com/maps/place?cid=8125603376561437638
2014-09-15 08:45:49,144 - errorLogger - CRITICAL - https://maps.google.com/maps/place?cid=5153091270777793482
2014-09-15 08:45:49,432 - errorLogger - CRITICAL - https://maps.google.com/maps/place?cid=289144118374578543
2014-09-15 08:46:02,549 - errorLogger - CRITICAL - https://maps.google.com/maps/place?cid=16794682421673719010
2014-09-15 08:46:07,963 - errorLogger - CRITICAL - https://maps.google.com/maps/place?cid=10200743142631976292
2014-09-15 08:46:11,073 - errorLogger - CRITICAL - https://maps.google.com/maps/place?cid=7796799990394228447
2014-09-15 08:46:13,521 - errorLogger - CRITICAL - https://maps.google.com/maps/place?cid=5153091270777793482
2014-09-15 08:46:13,786 - errorLogger - CRITICAL - https://maps.google.com/maps/place?cid=289144118374578543
2014-09-15 08:46:14,062 - errorLogger - CRITICAL - https://maps.google.com/maps/place?cid=17342757174096899648
2014-09-15 08:46:15,105 - errorLogger - CRITICAL - https://maps.google.com/maps/place?cid=10891149020875655601
2014-09-15 08:46:30,445 - errorLogger - CRITICAL - https://maps.google.com/maps/place?cid=16794682421673719010
2014-09-15 08:46:32,208 - errorLogger - CRITICAL - https://maps.google.com/maps/place?cid=757079830673609578
2014-09-15 08:46:34,308 - errorLogger - CRITICAL - https://maps.google.com/maps/place?cid=10200743142631976292
2014-09-15 08:46:34,561 - errorLogger - CRITICAL - https://maps.google.com/maps/place?cid=8640771938588992911
2014-09-15 08:46:36,255 - errorLogger - CRITICAL - https://maps.google.com/maps/place?cid=7796799990394228447
2014-09-15 08:46:37,127 - errorLogger - CRITICAL - https://maps.google.com/maps/place?cid=8580932326670627269
2014-09-15 08:46:38,059 - errorLogger - CRITICAL - https://maps.google.com/maps/place?cid=5153091270777793482
2014-09-15 08:46:38,328 - errorLogger - CRITICAL - https://maps.google.com/maps/place?cid=289144118374578543
2014-09-15 08:46:38,626 - errorLogger - CRITICAL - https://maps.google.com/maps/place?cid=17342757174096899648
2014-09-15 08:46:39,615 - errorLogger - CRITICAL - https://maps.google.com/maps/place?cid=11231311670333017716
2014-09-15 08:46:39,908 - errorLogger - CRITICAL - https://maps.google.com/maps/place?cid=10891149020875655601
2014-09-15 08:47:35,613 - errorLogger - CRITICAL - https://maps.google.com/maps/place?cid=859732807051349066
2014-09-15 08:51:23,385 - errorLogger - CRITICAL - https://maps.google.com/maps/place?cid=16411132361312555657
2014-09-15 08:51:23,647 - errorLogger - CRITICAL - https://maps.google.com/maps/place?cid=11618534093065015699
2014-09-15 08:51:25,265 - errorLogger - CRITICAL - https://maps.google.com/maps/place?cid=9787748073357731945
2014-09-15 08:51:26,296 - errorLogger - CRITICAL - https://maps.google.com/maps/place?cid=14624660289510130623
2014-09-15 08:51:59,100 - errorLogger - CRITICAL - https://maps.google.com/maps/place?cid=859732807051349066
2014-09-15 08:52:18,073 - errorLogger - CRITICAL - ZERO_RESULTS: https://maps.googleapis.com/maps/api/place/nearbysearch/json?location=42.94473,-2.17849&radius=1500&types=establishment&language=en&sensor=false&key=AIzaSyD4dui7FVSpUwpnrTrMN6NVXoT-C3lYTuI 

2014-09-15 08:52:37,366 - errorLogger - CRITICAL - https://maps.google.com/maps/place?cid=14611791238191376304
2014-09-15 08:52:38,249 - errorLogger - CRITICAL - https://maps.google.com/maps/place?cid=5891516027913752665
2014-09-15 08:52:41,542 - errorLogger - CRITICAL - https://maps.google.com/maps/place?cid=9140591945714910045
2014-09-15 08:52:42,448 - errorLogger - CRITICAL - https://maps.google.com/maps/place?cid=5992210019935662801
2014-09-15 08:52:56,427 - errorLogger - CRITICAL - https://maps.google.com/maps/place?cid=2744641213342871126
2014-09-15 08:52:56,701 - errorLogger - CRITICAL - https://maps.google.com/maps/place?cid=7111194644846536065
2014-09-15 08:52:56,977 - errorLogger - CRITICAL - https://maps.google.com/maps/place?cid=9036115238293658300
2014-09-15 08:52:57,884 - errorLogger - CRITICAL - https://maps.google.com/maps/place?cid=16411132361312555657
2014-09-15 08:52:58,143 - errorLogger - CRITICAL - https://maps.google.com/maps/place?cid=11618534093065015699
2014-09-15 08:52:58,407 - errorLogger - CRITICAL - https://maps.google.com/maps/place?cid=13261356368977317954
2014-09-15 08:52:59,304 - errorLogger - CRITICAL - https://maps.google.com/maps/place?cid=17148539557608390489
2014-09-15 08:53:00,392 - errorLogger - CRITICAL - https://maps.google.com/maps/place?cid=9787748073357731945
2014-09-15 08:53:00,654 - errorLogger - CRITICAL - https://maps.google.com/maps/place?cid=3032043509034739365
2014-09-15 08:53:02,293 - errorLogger - CRITICAL - https://maps.google.com/maps/place?cid=17640251723785192585
2014-09-15 08:53:02,547 - errorLogger - CRITICAL - https://maps.google.com/maps/place?cid=14624660289510130623
2014-09-15 08:53:04,055 - errorLogger - CRITICAL - https://maps.google.com/maps/place?cid=11308007883390592444
2014-09-15 08:53:05,196 - errorLogger - CRITICAL - ZERO_RESULTS: https://maps.googleapis.com/maps/api/place/nearbysearch/json?location=42.94473,-2.17142&radius=1500&types=establishment&language=en&sensor=false&key=AIzaSyD4dui7FVSpUwpnrTrMN6NVXoT-C3lYTuI 

2014-09-15 08:53:24,797 - errorLogger - CRITICAL - https://maps.google.com/maps/place?cid=14611791238191376304
2014-09-15 08:53:25,710 - errorLogger - CRITICAL - https://maps.google.com/maps/place?cid=5891516027913752665
2014-09-15 08:53:31,542 - errorLogger - CRITICAL - https://maps.google.com/maps/place?cid=9140591945714910045
2014-09-15 08:53:32,736 - errorLogger - CRITICAL - https://maps.google.com/maps/place?cid=5992210019935662801
2014-09-15 08:53:46,363 - errorLogger - CRITICAL - https://maps.google.com/maps/place?cid=16064049096099356817
2014-09-15 08:53:47,956 - errorLogger - CRITICAL - https://maps.google.com/maps/place?cid=16725458772845826718
2014-09-15 08:53:50,270 - errorLogger - CRITICAL - https://maps.google.com/maps/place?cid=2550778070858138563
2014-09-15 09:00:23,174 - errorLogger - CRITICAL - https://maps.google.com/maps/place?cid=14475596588116215208
2014-09-15 09:00:27,187 - errorLogger - CRITICAL - https://maps.google.com/maps/place?cid=11857279521698931308
2014-09-15 09:00:27,482 - errorLogger - CRITICAL - https://maps.google.com/maps/place?cid=6356072189495468239
2014-09-15 09:00:27,783 - errorLogger - CRITICAL - https://maps.google.com/maps/place?cid=15341428604948105169
2014-09-15 09:00:28,138 - errorLogger - CRITICAL - https://maps.google.com/maps/place?cid=8793607232719057477
2014-09-15 09:00:28,480 - errorLogger - CRITICAL - https://maps.google.com/maps/place?cid=10807266744476840287
2014-09-15 09:00:28,835 - errorLogger - CRITICAL - https://maps.google.com/maps/place?cid=6958027144686673863
2014-09-15 09:00:29,109 - errorLogger - CRITICAL - https://maps.google.com/maps/place?cid=2933102557726643806
2014-09-15 09:00:29,383 - errorLogger - CRITICAL - https://maps.google.com/maps/place?cid=14475596588116215208
2014-09-15 09:00:34,598 - errorLogger - CRITICAL - https://maps.google.com/maps/place?cid=11857279521698931308
2014-09-15 09:00:34,871 - errorLogger - CRITICAL - https://maps.google.com/maps/place?cid=6356072189495468239
2014-09-15 09:00:35,147 - errorLogger - CRITICAL - https://maps.google.com/maps/place?cid=15341428604948105169
2014-09-15 09:00:35,433 - errorLogger - CRITICAL - https://maps.google.com/maps/place?cid=8793607232719057477
2014-09-15 09:00:35,765 - errorLogger - CRITICAL - https://maps.google.com/maps/place?cid=10807266744476840287
2014-09-15 09:00:36,058 - errorLogger - CRITICAL - https://maps.google.com/maps/place?cid=6958027144686673863
2014-09-15 09:00:36,358 - errorLogger - CRITICAL - https://maps.google.com/maps/place?cid=2933102557726643806
2014-09-15 09:00:36,636 - errorLogger - CRITICAL - https://maps.google.com/maps/place?cid=14475596588116215208
2014-09-15 09:00:42,902 - errorLogger - CRITICAL - https://maps.google.com/maps/place?cid=11857279521698931308
2014-09-15 09:00:43,269 - errorLogger - CRITICAL - https://maps.google.com/maps/place?cid=6356072189495468239
2014-09-15 09:00:43,650 - errorLogger - CRITICAL - https://maps.google.com/maps/place?cid=15341428604948105169
2014-09-15 09:00:46,702 - errorLogger - CRITICAL - https://maps.google.com/maps/place?cid=8793607232719057477
2014-09-15 09:00:46,993 - errorLogger - CRITICAL - https://maps.google.com/maps/place?cid=10807266744476840287
2014-09-15 09:00:47,261 - errorLogger - CRITICAL - https://maps.google.com/maps/place?cid=6958027144686673863
2014-09-15 09:00:47,637 - errorLogger - CRITICAL - https://maps.google.com/maps/place?cid=2933102557726643806
2014-09-15 09:00:47,947 - errorLogger - CRITICAL - https://maps.google.com/maps/place?cid=14475596588116215208
2014-09-15 09:00:56,614 - errorLogger - CRITICAL - https://maps.google.com/maps/place?cid=11857279521698931308
2014-09-15 09:00:57,833 - errorLogger - CRITICAL - https://maps.google.com/maps/place?cid=8793607232719057477
2014-09-15 09:00:58,139 - errorLogger - CRITICAL - https://maps.google.com/maps/place?cid=6958027144686673863
2014-09-15 09:00:58,425 - errorLogger - CRITICAL - https://maps.google.com/maps/place?cid=2933102557726643806
2014-09-15 09:01:04,804 - errorLogger - CRITICAL - ZERO_RESULTS: https://maps.googleapis.com/maps/api/place/nearbysearch/json?location=42.98008,-2.08658&radius=1500&types=establishment&language=en&sensor=false&key=AIzaSyD4dui7FVSpUwpnrTrMN6NVXoT-C3lYTuI 

2014-09-15 09:01:04,885 - errorLogger - CRITICAL - ZERO_RESULTS: https://maps.googleapis.com/maps/api/place/nearbysearch/json?location=42.98715,-2.08658&radius=1500&types=establishment&language=en&sensor=false&key=AIzaSyD4dui7FVSpUwpnrTrMN6NVXoT-C3lYTuI 

2014-09-15 09:01:04,998 - errorLogger - CRITICAL - ZERO_RESULTS: https://maps.googleapis.com/maps/api/place/nearbysearch/json?location=42.99422,-2.08658&radius=1500&types=establishment&language=en&sensor=false&key=AIzaSyD4dui7FVSpUwpnrTrMN6NVXoT-C3lYTuI 

2014-09-15 09:01:05,112 - errorLogger - CRITICAL - ZERO_RESULTS: https://maps.googleapis.com/maps/api/place/nearbysearch/json?location=43.00129,-2.08658&radius=1500&types=establishment&language=en&sensor=false&key=AIzaSyD4dui7FVSpUwpnrTrMN6NVXoT-C3lYTuI 

2014-09-15 09:01:05,240 - errorLogger - CRITICAL - ZERO_RESULTS: https://maps.googleapis.com/maps/api/place/nearbysearch/json?location=43.00836,-2.08658&radius=1500&types=establishment&language=en&sensor=false&key=AIzaSyD4dui7FVSpUwpnrTrMN6NVXoT-C3lYTuI 

2014-09-15 09:01:05,363 - errorLogger - CRITICAL - ZERO_RESULTS: https://maps.googleapis.com/maps/api/place/nearbysearch/json?location=43.01543,-2.08658&radius=1500&types=establishment&language=en&sensor=false&key=AIzaSyD4dui7FVSpUwpnrTrMN6NVXoT-C3lYTuI 

2014-09-15 09:01:05,484 - errorLogger - CRITICAL - ZERO_RESULTS: https://maps.googleapis.com/maps/api/place/nearbysearch/json?location=43.0225,-2.08658&radius=1500&types=establishment&language=en&sensor=false&key=AIzaSyD4dui7FVSpUwpnrTrMN6NVXoT-C3lYTuI 

2014-09-15 09:01:54,190 - errorLogger - CRITICAL - https://maps.google.com/maps/place?cid=9158474692264801602
2014-09-15 09:01:54,548 - errorLogger - CRITICAL - https://maps.google.com/maps/place?cid=11880871457382664816
2014-09-15 09:02:03,960 - errorLogger - CRITICAL - https://maps.google.com/maps/place?cid=2515600613882119024
2014-09-15 09:02:35,058 - errorLogger - CRITICAL - https://maps.google.com/maps/place?cid=7141355385309018897
2014-09-15 09:02:37,766 - errorLogger - CRITICAL - https://maps.google.com/maps/place?cid=3589602196041345919
2014-09-15 09:02:41,585 - errorLogger - CRITICAL - https://maps.google.com/maps/place?cid=5982719591344795068
2014-09-15 09:02:46,443 - errorLogger - CRITICAL - https://maps.google.com/maps/place?cid=9158474692264801602
2014-09-15 09:02:47,686 - errorLogger - CRITICAL - https://maps.google.com/maps/place?cid=11880871457382664816
2014-09-15 09:02:57,293 - errorLogger - CRITICAL - https://maps.google.com/maps/place?cid=2515600613882119024
2014-09-15 09:03:23,440 - errorLogger - CRITICAL - https://maps.google.com/maps/place?cid=7141355385309018897
2014-09-15 09:03:27,582 - errorLogger - CRITICAL - https://maps.google.com/maps/place?cid=3589602196041345919
2014-09-15 09:03:31,064 - errorLogger - CRITICAL - https://maps.google.com/maps/place?cid=5982719591344795068
2014-09-15 09:03:34,988 - errorLogger - CRITICAL - https://maps.google.com/maps/place?cid=9158474692264801602
2014-09-15 09:03:36,301 - errorLogger - CRITICAL - https://maps.google.com/maps/place?cid=11880871457382664816
2014-09-15 09:03:45,911 - errorLogger - CRITICAL - https://maps.google.com/maps/place?cid=2515600613882119024
2014-09-15 09:04:16,402 - errorLogger - CRITICAL - https://maps.google.com/maps/place?cid=7141355385309018897
2014-09-15 09:04:20,605 - errorLogger - CRITICAL - https://maps.google.com/maps/place?cid=3589602196041345919
2014-09-15 09:04:24,186 - errorLogger - CRITICAL - https://maps.google.com/maps/place?cid=5982719591344795068
2014-09-15 09:04:29,407 - errorLogger - CRITICAL - https://maps.google.com/maps/place?cid=814611018095474685
2014-09-15 09:04:31,520 - errorLogger - CRITICAL - https://maps.google.com/maps/place?cid=9158474692264801602
2014-09-15 09:04:32,127 - errorLogger - CRITICAL - https://maps.google.com/maps/place?cid=11553375708330993305
2014-09-15 09:04:34,016 - errorLogger - CRITICAL - https://maps.google.com/maps/place?cid=11880871457382664816
2014-09-15 09:04:38,048 - errorLogger - CRITICAL - https://maps.google.com/maps/place?cid=7141355385309018897
2014-09-15 09:04:38,733 - errorLogger - CRITICAL - https://maps.google.com/maps/place?cid=3589602196041345919
2014-09-15 09:04:39,659 - errorLogger - CRITICAL - https://maps.google.com/maps/place?cid=814611018095474685
2014-09-15 09:04:41,301 - errorLogger - CRITICAL - https://maps.google.com/maps/place?cid=11553375708330993305
2014-09-15 09:04:44,507 - errorLogger - CRITICAL - https://maps.google.com/maps/place?cid=814611018095474685
2014-09-15 09:04:45,261 - errorLogger - CRITICAL - https://maps.google.com/maps/place?cid=11553375708330993305
2014-09-15 09:05:27,052 - errorLogger - CRITICAL - https://maps.google.com/maps/place?cid=13270269593330953034
2014-09-15 09:05:33,285 - errorLogger - CRITICAL - https://maps.google.com/maps/place?cid=4539510766545176807
2014-09-15 09:28:22,014 - errorLogger - CRITICAL - ZERO_RESULTS: https://maps.googleapis.com/maps/api/place/nearbysearch/json?location=43.25581,-2.08658&radius=1500&types=establishment&language=en&sensor=false&key=AIzaSyD4dui7FVSpUwpnrTrMN6NVXoT-C3lYTuI 

2014-09-15 09:28:32,817 - errorLogger - CRITICAL - https://maps.google.com/maps/place?cid=7920064182246170623
2014-09-15 09:28:36,895 - errorLogger - CRITICAL - https://maps.google.com/maps/place?cid=11484269418244244230
2014-09-15 09:28:38,554 - errorLogger - CRITICAL - https://maps.google.com/maps/place?cid=4954174871208353041
2014-09-15 09:28:41,116 - errorLogger - CRITICAL - https://maps.google.com/maps/place?cid=17635031965480855372
2014-09-15 09:28:58,375 - errorLogger - CRITICAL - https://maps.google.com/maps/place?cid=8814909093324449873
2014-09-15 09:28:58,871 - errorLogger - CRITICAL - https://maps.google.com/maps/place?cid=11857279521698931308
2014-09-15 09:28:59,416 - errorLogger - CRITICAL - https://maps.google.com/maps/place?cid=6356072189495468239
2014-09-15 09:28:59,851 - errorLogger - CRITICAL - https://maps.google.com/maps/place?cid=7920064182246170623
2014-09-15 09:29:02,783 - errorLogger - CRITICAL - https://maps.google.com/maps/place?cid=15341428604948105169
2014-09-15 09:29:04,819 - errorLogger - CRITICAL - https://maps.google.com/maps/place?cid=11484269418244244230
2014-09-15 09:29:05,516 - errorLogger - CRITICAL - https://maps.google.com/maps/place?cid=2928053719303616044
2014-09-15 09:29:05,958 - errorLogger - CRITICAL - https://maps.google.com/maps/place?cid=8793607232719057477
2014-09-15 09:29:07,669 - errorLogger - CRITICAL - https://maps.google.com/maps/place?cid=4954174871208353041
2014-09-15 09:29:11,814 - errorLogger - CRITICAL - https://maps.google.com/maps/place?cid=17635031965480855372
2014-09-15 09:29:13,743 - errorLogger - CRITICAL - https://maps.google.com/maps/place?cid=6958027144686673863
2014-09-15 09:29:14,429 - errorLogger - CRITICAL - https://maps.google.com/maps/place?cid=2933102557726643806
2014-09-15 09:29:31,321 - errorLogger - CRITICAL - https://maps.google.com/maps/place?cid=8814909093324449873
2014-09-15 09:29:31,808 - errorLogger - CRITICAL - https://maps.google.com/maps/place?cid=11857279521698931308
2014-09-15 09:29:32,454 - errorLogger - CRITICAL - https://maps.google.com/maps/place?cid=6356072189495468239
2014-09-15 09:29:33,039 - errorLogger - CRITICAL - https://maps.google.com/maps/place?cid=7920064182246170623
2014-09-15 09:29:35,528 - errorLogger - CRITICAL - https://maps.google.com/maps/place?cid=15341428604948105169
2014-09-15 09:29:37,556 - errorLogger - CRITICAL - https://maps.google.com/maps/place?cid=11484269418244244230
2014-09-15 09:29:38,344 - errorLogger - CRITICAL - https://maps.google.com/maps/place?cid=2928053719303616044
2014-09-15 09:29:39,001 - errorLogger - CRITICAL - https://maps.google.com/maps/place?cid=8793607232719057477
2014-09-15 09:29:40,662 - errorLogger - CRITICAL - https://maps.google.com/maps/place?cid=4954174871208353041
2014-09-15 09:29:44,930 - errorLogger - CRITICAL - https://maps.google.com/maps/place?cid=17635031965480855372
2014-09-15 09:29:46,835 - errorLogger - CRITICAL - https://maps.google.com/maps/place?cid=6958027144686673863
2014-09-15 09:29:47,597 - errorLogger - CRITICAL - https://maps.google.com/maps/place?cid=2933102557726643806
2014-09-15 09:30:04,345 - errorLogger - CRITICAL - https://maps.google.com/maps/place?cid=8814909093324449873
2014-09-15 09:30:04,963 - errorLogger - CRITICAL - https://maps.google.com/maps/place?cid=11857279521698931308
2014-09-15 09:30:05,344 - errorLogger - CRITICAL - https://maps.google.com/maps/place?cid=6356072189495468239
2014-09-15 09:30:05,851 - errorLogger - CRITICAL - https://maps.google.com/maps/place?cid=7920064182246170623
2014-09-15 09:30:08,506 - errorLogger - CRITICAL - https://maps.google.com/maps/place?cid=15341428604948105169
2014-09-15 09:30:11,175 - errorLogger - CRITICAL - https://maps.google.com/maps/place?cid=11484269418244244230
2014-09-15 09:30:12,637 - errorLogger - CRITICAL - https://maps.google.com/maps/place?cid=2928053719303616044
2014-09-15 09:30:13,112 - errorLogger - CRITICAL - https://maps.google.com/maps/place?cid=8793607232719057477
2014-09-15 09:30:14,699 - errorLogger - CRITICAL - https://maps.google.com/maps/place?cid=4954174871208353041
2014-09-15 09:30:18,877 - errorLogger - CRITICAL - https://maps.google.com/maps/place?cid=17635031965480855372
2014-09-15 09:30:20,540 - errorLogger - CRITICAL - https://maps.google.com/maps/place?cid=6958027144686673863
2014-09-15 09:30:21,191 - errorLogger - CRITICAL - https://maps.google.com/maps/place?cid=2933102557726643806
2014-09-15 09:30:33,829 - errorLogger - CRITICAL - https://maps.google.com/maps/place?cid=11857279521698931308
2014-09-15 09:30:36,360 - errorLogger - CRITICAL - https://maps.google.com/maps/place?cid=8793607232719057477
2014-09-15 09:30:36,793 - errorLogger - CRITICAL - https://maps.google.com/maps/place?cid=6958027144686673863
2014-09-15 09:30:37,218 - errorLogger - CRITICAL - https://maps.google.com/maps/place?cid=2933102557726643806
2014-09-15 09:30:54,698 - errorLogger - CRITICAL - ZERO_RESULTS: https://maps.googleapis.com/maps/api/place/nearbysearch/json?location=42.98008,-2.07951&radius=1500&types=establishment&language=en&sensor=false&key=AIzaSyD4dui7FVSpUwpnrTrMN6NVXoT-C3lYTuI 

2014-09-15 09:30:54,808 - errorLogger - CRITICAL - ZERO_RESULTS: https://maps.googleapis.com/maps/api/place/nearbysearch/json?location=42.98715,-2.07951&radius=1500&types=establishment&language=en&sensor=false&key=AIzaSyD4dui7FVSpUwpnrTrMN6NVXoT-C3lYTuI 

2014-09-15 09:30:54,921 - errorLogger - CRITICAL - ZERO_RESULTS: https://maps.googleapis.com/maps/api/place/nearbysearch/json?location=42.99422,-2.07951&radius=1500&types=establishment&language=en&sensor=false&key=AIzaSyD4dui7FVSpUwpnrTrMN6NVXoT-C3lYTuI 

2014-09-15 09:30:55,099 - errorLogger - CRITICAL - ZERO_RESULTS: https://maps.googleapis.com/maps/api/place/nearbysearch/json?location=43.00129,-2.07951&radius=1500&types=establishment&language=en&sensor=false&key=AIzaSyD4dui7FVSpUwpnrTrMN6NVXoT-C3lYTuI 

2014-09-15 09:30:55,239 - errorLogger - CRITICAL - ZERO_RESULTS: https://maps.googleapis.com/maps/api/place/nearbysearch/json?location=43.00836,-2.07951&radius=1500&types=establishment&language=en&sensor=false&key=AIzaSyD4dui7FVSpUwpnrTrMN6NVXoT-C3lYTuI 

2014-09-15 09:30:55,376 - errorLogger - CRITICAL - ZERO_RESULTS: https://maps.googleapis.com/maps/api/place/nearbysearch/json?location=43.0225,-2.07951&radius=1500&types=establishment&language=en&sensor=false&key=AIzaSyD4dui7FVSpUwpnrTrMN6NVXoT-C3lYTuI 

2014-09-15 09:30:55,543 - errorLogger - CRITICAL - ZERO_RESULTS: https://maps.googleapis.com/maps/api/place/nearbysearch/json?location=43.02957,-2.07951&radius=1500&types=establishment&language=en&sensor=false&key=AIzaSyD4dui7FVSpUwpnrTrMN6NVXoT-C3lYTuI 

2014-09-15 09:31:38,567 - errorLogger - CRITICAL - https://maps.google.com/maps/place?cid=9158474692264801602
2014-09-15 09:31:39,327 - errorLogger - CRITICAL - https://maps.google.com/maps/place?cid=11880871457382664816
2014-09-15 09:31:54,798 - errorLogger - CRITICAL - https://maps.google.com/maps/place?cid=2515600613882119024
2014-09-15 09:32:37,877 - errorLogger - CRITICAL - https://maps.google.com/maps/place?cid=7141355385309018897
2014-09-15 09:32:42,559 - errorLogger - CRITICAL - https://maps.google.com/maps/place?cid=3589602196041345919
2014-09-15 09:32:46,060 - errorLogger - CRITICAL - https://maps.google.com/maps/place?cid=5982719591344795068
2014-09-15 09:32:51,453 - errorLogger - CRITICAL - https://maps.google.com/maps/place?cid=9158474692264801602
2014-09-15 09:32:53,351 - errorLogger - CRITICAL - https://maps.google.com/maps/place?cid=11880871457382664816
2014-09-15 09:33:05,309 - errorLogger - CRITICAL - https://maps.google.com/maps/place?cid=2515600613882119024
2014-09-15 09:33:35,551 - errorLogger - CRITICAL - https://maps.google.com/maps/place?cid=7141355385309018897
2014-09-15 09:33:40,525 - errorLogger - CRITICAL - https://maps.google.com/maps/place?cid=3589602196041345919
2014-09-15 09:33:43,487 - errorLogger - CRITICAL - https://maps.google.com/maps/place?cid=5982719591344795068
2014-09-15 09:33:58,407 - errorLogger - CRITICAL - https://maps.google.com/maps/place?cid=9158474692264801602
2014-09-15 09:34:00,654 - errorLogger - CRITICAL - https://maps.google.com/maps/place?cid=11880871457382664816
2014-09-15 09:34:13,982 - errorLogger - CRITICAL - https://maps.google.com/maps/place?cid=2515600613882119024
2014-09-15 09:34:48,510 - errorLogger - CRITICAL - https://maps.google.com/maps/place?cid=7141355385309018897
2014-09-15 09:34:51,655 - errorLogger - CRITICAL - https://maps.google.com/maps/place?cid=3589602196041345919
2014-09-15 09:34:54,610 - errorLogger - CRITICAL - https://maps.google.com/maps/place?cid=5982719591344795068
2014-09-15 09:34:58,659 - errorLogger - CRITICAL - https://maps.google.com/maps/place?cid=814611018095474685
2014-09-15 09:35:00,577 - errorLogger - CRITICAL - https://maps.google.com/maps/place?cid=9158474692264801602
2014-09-15 09:35:01,384 - errorLogger - CRITICAL - https://maps.google.com/maps/place?cid=11553375708330993305
2014-09-15 09:35:02,953 - errorLogger - CRITICAL - https://maps.google.com/maps/place?cid=11880871457382664816
2014-09-15 09:35:11,732 - errorLogger - CRITICAL - https://maps.google.com/maps/place?cid=7141355385309018897
2014-09-15 09:35:12,619 - errorLogger - CRITICAL - https://maps.google.com/maps/place?cid=3589602196041345919
2014-09-15 09:35:13,395 - errorLogger - CRITICAL - https://maps.google.com/maps/place?cid=814611018095474685
2014-09-15 09:35:15,208 - errorLogger - CRITICAL - https://maps.google.com/maps/place?cid=11553375708330993305
2014-09-15 09:35:17,846 - errorLogger - CRITICAL - https://maps.google.com/maps/place?cid=814611018095474685
2014-09-15 09:35:18,476 - errorLogger - CRITICAL - https://maps.google.com/maps/place?cid=11553375708330993305
2014-09-15 09:35:24,121 - errorLogger - CRITICAL - https://maps.google.com/maps/place?cid=814611018095474685
2014-09-15 09:35:25,396 - errorLogger - CRITICAL - https://maps.google.com/maps/place?cid=11553375708330993305
2014-09-15 09:36:11,904 - errorLogger - CRITICAL - https://maps.google.com/maps/place?cid=13270269593330953034
2014-09-15 09:36:17,041 - errorLogger - CRITICAL - https://maps.google.com/maps/place?cid=4539510766545176807
2014-09-15 09:37:40,613 - errorLogger - CRITICAL - https://maps.google.com/maps/place?cid=11173290958648505932
2014-09-15 09:37:46,606 - errorLogger - CRITICAL - https://maps.google.com/maps/place?cid=5994272214932635624
2014-09-15 09:37:48,095 - errorLogger - CRITICAL - https://maps.google.com/maps/place?cid=13270269593330953034
2014-09-15 09:38:57,158 - errorLogger - CRITICAL - https://maps.google.com/maps/place?cid=11173290958648505932
2014-09-15 09:39:02,978 - errorLogger - CRITICAL - https://maps.google.com/maps/place?cid=15801651603127194963
2014-09-15 09:39:04,587 - errorLogger - CRITICAL - https://maps.google.com/maps/place?cid=5994272214932635624
2014-09-15 09:39:06,324 - errorLogger - CRITICAL - https://maps.google.com/maps/place?cid=13270269593330953034
2014-09-15 09:40:18,747 - errorLogger - CRITICAL - https://maps.google.com/maps/place?cid=11173290958648505932
2014-09-15 09:40:22,526 - errorLogger - CRITICAL - https://maps.google.com/maps/place?cid=15801651603127194963
2014-09-15 09:40:24,456 - errorLogger - CRITICAL - https://maps.google.com/maps/place?cid=8358298612951141903
2014-09-15 09:40:25,020 - errorLogger - CRITICAL - https://maps.google.com/maps/place?cid=6169472003747463225
2014-09-15 09:40:25,500 - errorLogger - CRITICAL - https://maps.google.com/maps/place?cid=5994272214932635624
2014-09-15 09:48:45,880 - errorLogger - CRITICAL - https://maps.google.com/maps/place?cid=13366287741675368065
2014-09-15 09:48:47,769 - errorLogger - CRITICAL - https://maps.google.com/maps/place?cid=473216908880298171
2014-09-15 09:48:50,522 - errorLogger - CRITICAL - https://maps.google.com/maps/place?cid=8836899801569855934
2014-09-15 09:48:56,413 - errorLogger - CRITICAL - ZERO_RESULTS: https://maps.googleapis.com/maps/api/place/nearbysearch/json?location=43.22753,-2.07951&radius=1500&types=establishment&language=en&sensor=false&key=AIzaSyD4dui7FVSpUwpnrTrMN6NVXoT-C3lYTuI 

2014-09-15 09:48:56,523 - errorLogger - CRITICAL - ZERO_RESULTS: https://maps.googleapis.com/maps/api/place/nearbysearch/json?location=43.24167,-2.07951&radius=1500&types=establishment&language=en&sensor=false&key=AIzaSyD4dui7FVSpUwpnrTrMN6NVXoT-C3lYTuI 

2014-09-15 09:48:56,644 - errorLogger - CRITICAL - ZERO_RESULTS: https://maps.googleapis.com/maps/api/place/nearbysearch/json?location=43.24874,-2.07951&radius=1500&types=establishment&language=en&sensor=false&key=AIzaSyD4dui7FVSpUwpnrTrMN6NVXoT-C3lYTuI 

2014-09-15 09:49:23,211 - errorLogger - CRITICAL - https://maps.google.com/maps/place?cid=7920064182246170623
2014-09-15 09:49:27,767 - errorLogger - CRITICAL - https://maps.google.com/maps/place?cid=11484269418244244230
2014-09-15 09:49:29,558 - errorLogger - CRITICAL - https://maps.google.com/maps/place?cid=4954174871208353041
2014-09-15 09:49:33,649 - errorLogger - CRITICAL - https://maps.google.com/maps/place?cid=17635031965480855372
2014-09-15 09:50:01,478 - errorLogger - CRITICAL - https://maps.google.com/maps/place?cid=8814909093324449873
2014-09-15 09:50:02,591 - errorLogger - CRITICAL - https://maps.google.com/maps/place?cid=11857279521698931308
2014-09-15 09:50:03,931 - errorLogger - CRITICAL - https://maps.google.com/maps/place?cid=6356072189495468239
2014-09-15 09:50:05,236 - errorLogger - CRITICAL - https://maps.google.com/maps/place?cid=7920064182246170623
2014-09-15 09:50:10,648 - errorLogger - CRITICAL - https://maps.google.com/maps/place?cid=15341428604948105169
2014-09-15 09:50:14,651 - errorLogger - CRITICAL - https://maps.google.com/maps/place?cid=11484269418244244230
2014-09-15 09:50:16,012 - errorLogger - CRITICAL - https://maps.google.com/maps/place?cid=2928053719303616044
2014-09-15 09:50:16,967 - errorLogger - CRITICAL - https://maps.google.com/maps/place?cid=8793607232719057477
2014-09-15 09:50:19,534 - errorLogger - CRITICAL - https://maps.google.com/maps/place?cid=4954174871208353041
2014-09-15 09:50:25,879 - errorLogger - CRITICAL - https://maps.google.com/maps/place?cid=17635031965480855372
2014-09-15 09:50:28,430 - errorLogger - CRITICAL - https://maps.google.com/maps/place?cid=6958027144686673863
2014-09-15 09:50:28,933 - errorLogger - CRITICAL - https://maps.google.com/maps/place?cid=2933102557726643806
2014-09-15 09:50:51,795 - errorLogger - CRITICAL - https://maps.google.com/maps/place?cid=8814909093324449873
2014-09-15 09:50:52,491 - errorLogger - CRITICAL - https://maps.google.com/maps/place?cid=11857279521698931308
2014-09-15 09:50:53,316 - errorLogger - CRITICAL - https://maps.google.com/maps/place?cid=6356072189495468239
2014-09-15 09:50:53,850 - errorLogger - CRITICAL - https://maps.google.com/maps/place?cid=7920064182246170623
2014-09-15 09:50:57,982 - errorLogger - CRITICAL - https://maps.google.com/maps/place?cid=15341428604948105169
2014-09-15 09:51:01,006 - errorLogger - CRITICAL - https://maps.google.com/maps/place?cid=11484269418244244230
2014-09-15 09:51:01,514 - errorLogger - CRITICAL - https://maps.google.com/maps/place?cid=2928053719303616044
2014-09-15 09:51:02,263 - errorLogger - CRITICAL - https://maps.google.com/maps/place?cid=8793607232719057477
2014-09-15 09:51:03,869 - errorLogger - CRITICAL - https://maps.google.com/maps/place?cid=4954174871208353041
2014-09-15 09:51:08,519 - errorLogger - CRITICAL - https://maps.google.com/maps/place?cid=17635031965480855372
2014-09-15 09:51:10,282 - errorLogger - CRITICAL - https://maps.google.com/maps/place?cid=6958027144686673863
2014-09-15 09:51:11,380 - errorLogger - CRITICAL - https://maps.google.com/maps/place?cid=2933102557726643806
2014-09-15 09:51:33,142 - errorLogger - CRITICAL - https://maps.google.com/maps/place?cid=8814909093324449873
2014-09-15 09:51:33,777 - errorLogger - CRITICAL - https://maps.google.com/maps/place?cid=11857279521698931308
2014-09-15 09:51:34,447 - errorLogger - CRITICAL - https://maps.google.com/maps/place?cid=6356072189495468239
2014-09-15 09:51:35,216 - errorLogger - CRITICAL - https://maps.google.com/maps/place?cid=7920064182246170623
2014-09-15 09:51:39,476 - errorLogger - CRITICAL - https://maps.google.com/maps/place?cid=15341428604948105169
2014-09-15 09:51:42,187 - errorLogger - CRITICAL - https://maps.google.com/maps/place?cid=11484269418244244230
2014-09-15 09:51:43,832 - errorLogger - CRITICAL - https://maps.google.com/maps/place?cid=2928053719303616044
2014-09-15 09:51:44,341 - errorLogger - CRITICAL - https://maps.google.com/maps/place?cid=8793607232719057477
2014-09-15 09:51:46,167 - errorLogger - CRITICAL - https://maps.google.com/maps/place?cid=4954174871208353041
2014-09-15 09:51:50,387 - errorLogger - CRITICAL - https://maps.google.com/maps/place?cid=17635031965480855372
2014-09-15 09:51:52,165 - errorLogger - CRITICAL - https://maps.google.com/maps/place?cid=6958027144686673863
2014-09-15 09:51:53,147 - errorLogger - CRITICAL - https://maps.google.com/maps/place?cid=2933102557726643806
2014-09-15 09:52:08,252 - errorLogger - CRITICAL - https://maps.google.com/maps/place?cid=11857279521698931308
2014-09-15 09:52:14,938 - errorLogger - CRITICAL - https://maps.google.com/maps/place?cid=8793607232719057477
2014-09-15 09:52:16,015 - errorLogger - CRITICAL - https://maps.google.com/maps/place?cid=6958027144686673863
2014-09-15 09:52:16,494 - errorLogger - CRITICAL - https://maps.google.com/maps/place?cid=2933102557726643806
2014-09-15 09:52:51,136 - errorLogger - CRITICAL - ZERO_RESULTS: https://maps.googleapis.com/maps/api/place/nearbysearch/json?location=43.01543,-2.07244&radius=1500&types=establishment&language=en&sensor=false&key=AIzaSyD4dui7FVSpUwpnrTrMN6NVXoT-C3lYTuI 

2014-09-15 09:52:51,245 - errorLogger - CRITICAL - ZERO_RESULTS: https://maps.googleapis.com/maps/api/place/nearbysearch/json?location=43.0225,-2.07244&radius=1500&types=establishment&language=en&sensor=false&key=AIzaSyD4dui7FVSpUwpnrTrMN6NVXoT-C3lYTuI 

2014-09-15 09:52:51,348 - errorLogger - CRITICAL - ZERO_RESULTS: https://maps.googleapis.com/maps/api/place/nearbysearch/json?location=43.02957,-2.07244&radius=1500&types=establishment&language=en&sensor=false&key=AIzaSyD4dui7FVSpUwpnrTrMN6NVXoT-C3lYTuI 

2014-09-15 09:53:01,414 - errorLogger - CRITICAL - https://maps.google.com/maps/place?cid=2515600613882119024
2014-09-15 09:53:29,869 - errorLogger - CRITICAL - https://maps.google.com/maps/place?cid=7141355385309018897
2014-09-15 09:53:32,425 - errorLogger - CRITICAL - https://maps.google.com/maps/place?cid=3589602196041345919
2014-09-15 09:53:35,203 - errorLogger - CRITICAL - https://maps.google.com/maps/place?cid=5982719591344795068
2014-09-15 09:53:40,396 - errorLogger - CRITICAL - https://maps.google.com/maps/place?cid=9158474692264801602
2014-09-15 09:53:42,077 - errorLogger - CRITICAL - https://maps.google.com/maps/place?cid=11880871457382664816
2014-09-15 09:53:54,177 - errorLogger - CRITICAL - https://maps.google.com/maps/place?cid=2515600613882119024
2014-09-15 09:54:23,371 - errorLogger - CRITICAL - https://maps.google.com/maps/place?cid=7141355385309018897
2014-09-15 09:54:26,171 - errorLogger - CRITICAL - https://maps.google.com/maps/place?cid=3589602196041345919
2014-09-15 09:54:29,303 - errorLogger - CRITICAL - https://maps.google.com/maps/place?cid=5982719591344795068
2014-09-15 09:54:35,054 - errorLogger - CRITICAL - https://maps.google.com/maps/place?cid=9158474692264801602
2014-09-15 09:54:36,721 - errorLogger - CRITICAL - https://maps.google.com/maps/place?cid=11880871457382664816
2014-09-15 09:54:56,223 - errorLogger - CRITICAL - https://maps.google.com/maps/place?cid=2515600613882119024
2014-09-15 09:55:22,578 - errorLogger - CRITICAL - https://maps.google.com/maps/place?cid=7141355385309018897
2014-09-15 09:55:25,328 - errorLogger - CRITICAL - https://maps.google.com/maps/place?cid=3589602196041345919
2014-09-15 09:55:27,774 - errorLogger - CRITICAL - https://maps.google.com/maps/place?cid=5982719591344795068
2014-09-15 09:55:32,083 - errorLogger - CRITICAL - https://maps.google.com/maps/place?cid=814611018095474685
2014-09-15 09:55:35,086 - errorLogger - CRITICAL - https://maps.google.com/maps/place?cid=9158474692264801602
2014-09-15 09:55:36,003 - errorLogger - CRITICAL - https://maps.google.com/maps/place?cid=11553375708330993305
2014-09-15 09:55:38,204 - errorLogger - CRITICAL - https://maps.google.com/maps/place?cid=11880871457382664816
2014-09-15 09:55:43,733 - errorLogger - CRITICAL - https://maps.google.com/maps/place?cid=7141355385309018897
2014-09-15 09:55:45,018 - errorLogger - CRITICAL - https://maps.google.com/maps/place?cid=3589602196041345919
2014-09-15 09:55:46,180 - errorLogger - CRITICAL - https://maps.google.com/maps/place?cid=814611018095474685
2014-09-15 09:55:48,707 - errorLogger - CRITICAL - https://maps.google.com/maps/place?cid=11553375708330993305
2014-09-15 09:55:52,397 - errorLogger - CRITICAL - https://maps.google.com/maps/place?cid=814611018095474685
2014-09-15 09:55:53,892 - errorLogger - CRITICAL - https://maps.google.com/maps/place?cid=11553375708330993305
2014-09-15 09:56:00,372 - errorLogger - CRITICAL - https://maps.google.com/maps/place?cid=814611018095474685
2014-09-15 09:56:01,468 - errorLogger - CRITICAL - https://maps.google.com/maps/place?cid=11553375708330993305
2014-09-15 09:56:31,582 - errorLogger - CRITICAL - https://maps.google.com/maps/place?cid=5994272214932635624
2014-09-15 09:56:58,739 - errorLogger - CRITICAL - https://maps.google.com/maps/place?cid=15801651603127194963
2014-09-15 09:56:59,710 - errorLogger - CRITICAL - https://maps.google.com/maps/place?cid=5994272214932635624
2014-09-15 09:57:07,526 - errorLogger - CRITICAL - https://maps.google.com/maps/place?cid=13164739702946741270
2014-09-15 09:57:47,922 - errorLogger - CRITICAL - https://maps.google.com/maps/place?cid=15801651603127194963
2014-09-15 09:57:48,716 - errorLogger - CRITICAL - https://maps.google.com/maps/place?cid=8358298612951141903
2014-09-15 09:57:49,489 - errorLogger - CRITICAL - https://maps.google.com/maps/place?cid=9962776198582683237
2014-09-15 09:57:50,048 - errorLogger - CRITICAL - https://maps.google.com/maps/place?cid=6169472003747463225
2014-09-15 09:57:51,186 - errorLogger - CRITICAL - https://maps.google.com/maps/place?cid=5994272214932635624
2014-09-15 09:57:58,965 - errorLogger - CRITICAL - https://maps.google.com/maps/place?cid=13164739702946741270
2014-09-15 09:57:59,721 - errorLogger - CRITICAL - https://maps.google.com/maps/place?cid=1449330207094678076
2014-09-15 09:58:00,720 - errorLogger - CRITICAL - https://maps.google.com/maps/place?cid=17671407655438981322
2014-09-15 10:15:55,245 - errorLogger - CRITICAL - https://maps.google.com/maps/place?cid=13366287741675368065
2014-09-15 10:15:59,327 - errorLogger - CRITICAL - https://maps.google.com/maps/place?cid=473216908880298171
2014-09-15 10:16:03,771 - errorLogger - CRITICAL - https://maps.google.com/maps/place?cid=2830662944536896299
2014-09-15 10:16:08,538 - errorLogger - CRITICAL - https://maps.google.com/maps/place?cid=8836899801569855934
2014-09-15 10:16:36,665 - errorLogger - CRITICAL - https://maps.google.com/maps/place?cid=13366287741675368065
2014-09-15 10:16:37,285 - errorLogger - CRITICAL - https://maps.google.com/maps/place?cid=473216908880298171
2014-09-15 10:16:40,611 - errorLogger - CRITICAL - https://maps.google.com/maps/place?cid=8836899801569855934
2014-09-15 10:16:46,269 - errorLogger - CRITICAL - ZERO_RESULTS: https://maps.googleapis.com/maps/api/place/nearbysearch/json?location=43.22753,-2.07244&radius=1500&types=establishment&language=en&sensor=false&key=AIzaSyD4dui7FVSpUwpnrTrMN6NVXoT-C3lYTuI 

2014-09-15 10:16:46,393 - errorLogger - CRITICAL - ZERO_RESULTS: https://maps.googleapis.com/maps/api/place/nearbysearch/json?location=43.2346,-2.07244&radius=1500&types=establishment&language=en&sensor=false&key=AIzaSyD4dui7FVSpUwpnrTrMN6NVXoT-C3lYTuI 

2014-09-15 10:16:46,514 - errorLogger - CRITICAL - ZERO_RESULTS: https://maps.googleapis.com/maps/api/place/nearbysearch/json?location=43.24167,-2.07244&radius=1500&types=establishment&language=en&sensor=false&key=AIzaSyD4dui7FVSpUwpnrTrMN6NVXoT-C3lYTuI 

2014-09-15 10:16:46,610 - errorLogger - CRITICAL - ZERO_RESULTS: https://maps.googleapis.com/maps/api/place/nearbysearch/json?location=43.24874,-2.07244&radius=1500&types=establishment&language=en&sensor=false&key=AIzaSyD4dui7FVSpUwpnrTrMN6NVXoT-C3lYTuI 

2014-09-15 10:17:03,233 - errorLogger - CRITICAL - https://maps.google.com/maps/place?cid=8752601492561777515
2014-09-15 10:17:06,420 - errorLogger - CRITICAL - https://maps.google.com/maps/place?cid=11209685363602320173
2014-09-15 10:17:10,530 - errorLogger - CRITICAL - https://maps.google.com/maps/place?cid=17807709190326921329
2014-09-15 10:22:52,197 - errorLogger - CRITICAL - https://maps.google.com/maps/place?cid=6958027144686673863
2014-09-15 10:22:53,167 - errorLogger - CRITICAL - https://maps.google.com/maps/place?cid=2933102557726643806
2014-09-15 10:23:13,962 - errorLogger - CRITICAL - OVER_QUERY_LIMIT: https://maps.googleapis.com/maps/api/place/details/json?reference=CoQBdAAAABz5qcavENRW5RTCoybsi1-HjX3KQKo7S1jApF6Bq0v__UgofvC4XHQAdL0D8CV2jMaGw8YNJJMZT0CoWppORQtR6YMoXdAiD_6UOShFp0bZrqsWc8XhWp_qdlaHxMrnzgy82KsNE0ACbgf6pyjxUmjXhXU2Zp62IjV6zXwUnyLWEhD3cgaqC7z7h1fggwoLzjueGhSVd7tK-u5-Yvl2W50QwjRNCgtKDQ&laguage=en&sensor=false&key=AIzaSyD4dui7FVSpUwpnrTrMN6NVXoT-C3lYTuI 

2014-09-15 10:25:08,175 - errorLogger - CRITICAL - https://maps.google.com/maps/place?cid=15801651603127194963
2014-09-15 10:25:10,307 - errorLogger - CRITICAL - https://maps.google.com/maps/place?cid=13164739702946741270
2014-09-15 10:45:57,882 - errorLogger - CRITICAL - https://maps.google.com/maps/place?cid=10792935067326086954
2014-09-15 10:45:58,847 - errorLogger - CRITICAL - https://maps.google.com/maps/place?cid=15520591042935845425
2014-09-15 10:45:59,620 - errorLogger - CRITICAL - https://maps.google.com/maps/place?cid=13366287741675368065
2014-09-15 10:46:01,601 - errorLogger - CRITICAL - https://maps.google.com/maps/place?cid=2221087908751270324
2014-09-15 10:46:02,163 - errorLogger - CRITICAL - https://maps.google.com/maps/place?cid=473216908880298171
2014-09-15 10:46:07,491 - errorLogger - CRITICAL - https://maps.google.com/maps/place?cid=8836899801569855934
2014-09-15 10:46:08,165 - errorLogger - CRITICAL - https://maps.google.com/maps/place?cid=16719496674732242521
2014-09-15 10:46:16,528 - errorLogger - CRITICAL - ZERO_RESULTS: https://maps.googleapis.com/maps/api/place/nearbysearch/json?location=43.22753,-2.06537&radius=1500&types=establishment&language=en&sensor=false&key=AIzaSyCXOCzjUG83ysKqf4oEtgVlHoxWsC7iIVo 

2014-09-15 10:46:16,668 - errorLogger - CRITICAL - ZERO_RESULTS: https://maps.googleapis.com/maps/api/place/nearbysearch/json?location=43.2346,-2.06537&radius=1500&types=establishment&language=en&sensor=false&key=AIzaSyCXOCzjUG83ysKqf4oEtgVlHoxWsC7iIVo 

2014-09-15 10:46:16,823 - errorLogger - CRITICAL - ZERO_RESULTS: https://maps.googleapis.com/maps/api/place/nearbysearch/json?location=43.24874,-2.06537&radius=1500&types=establishment&language=en&sensor=false&key=AIzaSyCXOCzjUG83ysKqf4oEtgVlHoxWsC7iIVo 

2014-09-15 10:51:18,548 - errorLogger - CRITICAL - https://maps.google.com/maps/place?cid=6958027144686673863
2014-09-15 10:51:19,058 - errorLogger - CRITICAL - https://maps.google.com/maps/place?cid=2933102557726643806
