2014-09-12 07:01:15,632 - placesLogger - DEBUG - 43.02957,-2.46836
2014-09-12 07:01:15,772 - placesLogger - DEBUG -  #### FOUND 3 PLACES !! ####
2014-09-12 07:01:15,772 - placesLogger - DEBUG - {u'name': u'Banco Sabadell - Oficina de Aretxabaleta', u'reference': u'CpQBigAAAF4z34dyUn5bFKmXMhhtsjGtk0Y_g9dyjKzyzkdDtK_xI3dLMAK2JM2FHQEMxT909zYpkn6-h6PQ_I9k_Ri4CTRVoMb29C5yp3IONtkrf5VYSqzINvS57DQI2mEzpErBbZH9poc7Qtcw3qMyu0ItWVnDaTxufxh2AY5daY6aD_Xz4LqcLFhVEalKo6sLGZQ5gRIQ_3mxU4V3fxik0Cj303vhQBoUsCB4tvAuRU63pryAGt2YyeNkl7Q', u'geometry': {u'location': {u'lat': 43.022058, u'lng': -2.470305}}, u'opening_hours': {u'open_now': True}, u'place_id': u'ChIJxRI-Kh-NNg0R8TTjnKYOwGo', u'vicinity': u'Durana Kalea, 10, Aretxabaleta', u'scope': u'GOOGLE', u'id': u'440adaf108ce125ca135c1ed0eeb14a67cae442c', u'types': [u'bank', u'finance', u'establishment'], u'icon': u'http://maps.gstatic.com/mapfiles/place_api/icons/generic_business-71.png'}
2014-09-12 07:01:15,885 - placesLogger - DEBUG - UPDATING
2014-09-12 07:01:15,885 - placesLogger - DEBUG - 440adaf108ce125ca135c1ed0eeb14a67cae442c
2014-09-12 07:01:16,942 - placesLogger - DEBUG - {u'name': u'Casa Rural Areano', u'reference': u'CoQBdAAAAIdCIPUnCSOmYsQLnx9SDmd9Dv-qShJa8dtjtapVxMunyVG5Jk0QRGYK1l_vC8cliCuEl7Rj0Ghp6u_L63EuhN704wDQufZ5KTShGd_XnDxzv5KgiwGKgyPk0oLQ2Ga-v1NuBnYDL-PGDEmdIbOZzapAikE825pq_ZhDl3I19zkoEhB1Wcwy17wloq-S1welUSDkGhRRmAycHxxBqP5pckN2vAzwobCk5g', u'geometry': {u'location': {u'lat': 43.022058, u'lng': -2.470306}}, u'place_id': u'ChIJVVVVVcXXTw0Ri8598rZ11-8', u'vicinity': u'Lugar Mendiola Elizatea, 11, Mendiola', u'scope': u'GOOGLE', u'id': u'f89085512e49d27cd44e759fdd602fefdd019dde', u'types': [u'lodging', u'establishment'], u'icon': u'http://maps.gstatic.com/mapfiles/place_api/icons/lodging-71.png'}
2014-09-12 07:01:17,089 - placesLogger - DEBUG - UPDATING
2014-09-12 07:01:17,089 - placesLogger - DEBUG - f89085512e49d27cd44e759fdd602fefdd019dde
2014-09-12 07:01:18,472 - placesLogger - DEBUG - {u'name': u'Sabino Arenaza Erostarbe', u'reference': u'CoQBegAAAOui1HjzM1JxRb-UAjP-iqy8KtQXS4I1wPr8QyY4lGdBpd9FgF6_Xkkg-Pl7VhWWPz0w9vNHS_X6olsgmoqiwynyQSIA7H044lei5idVAEtKaVhBVh6MEeqoRQvllKSVf9qH2XdeJ3Jo7JrDDvf8DAyzpEysrtLLKwahmAgnG4mFEhCy3IaIi19gPqxbBy2UldSwGhSEi0NRyJwMO_t9gtQCBJ6RyzfKXA', u'geometry': {u'location': {u'lat': 43.03218, u'lng': -2.48182}}, u'place_id': u'ChIJVVVVVcXXTw0RzYItEqZxtlY', u'vicinity': u'Lugar Larrino Elizaurrea, 0 S/N, Larrino', u'scope': u'GOOGLE', u'id': u'd6264dbdc926edb6d272c1f0179dd00efb4abc39', u'types': [u'establishment'], u'icon': u'http://maps.gstatic.com/mapfiles/place_api/icons/generic_business-71.png'}
2014-09-12 07:01:18,612 - placesLogger - DEBUG - UPDATING
2014-09-12 07:01:18,613 - placesLogger - DEBUG - d6264dbdc926edb6d272c1f0179dd00efb4abc39
2014-09-12 07:01:19,151 - placesLogger - DEBUG - 43.03664,-2.46836
2014-09-12 07:01:19,273 - placesLogger - DEBUG -  #### FOUND 2 PLACES !! ####
2014-09-12 07:01:19,273 - placesLogger - DEBUG - {u'name': u'Restaurante Errasticua', u'reference': u'CoQBeQAAANYLuORh1jZVcVi0L_5xs8trjTZtqvHeofDpdSmHk4Cf2LEsLNrVlXZbW86GKp9QBs19GPv1VTFGimgD6Go6GA5QN3nTL849EhlWlMmq_T08M1oG1kspTLhr5cL6rVJI2_Xfw5OEiHjnMPJ2S73RgMh3_OZyBwatvMUVM3_QgTwkEhChnKiPU4yyiHxoDaYFXNL0GhS5uqxT_bGbSJoDb9lg7dSBL-2Ezw', u'geometry': {u'location': {u'lat': 43.046031, u'lng': -2.481455}}, u'opening_hours': {u'open_now': True}, u'place_id': u'ChIJFx2e2kbWTw0RVM2qdlPuwck', u'vicinity': u'Calle Barrio Bedo\xf1a Auzoa 18, 20500, Mondrag\xf3n, Guip\xfazcoa', u'scope': u'GOOGLE', u'id': u'd17216cfba775c01c4bfe131e533c7fcdf8d68f7', u'types': [u'restaurant', u'food', u'establishment'], u'icon': u'http://maps.gstatic.com/mapfiles/place_api/icons/restaurant-71.png'}
2014-09-12 07:01:19,431 - placesLogger - DEBUG - UPDATING
2014-09-12 07:01:19,431 - placesLogger - DEBUG - d17216cfba775c01c4bfe131e533c7fcdf8d68f7
2014-09-12 07:01:20,415 - placesLogger - DEBUG - {u'name': u'Sabino Arenaza Erostarbe', u'reference': u'CoQBegAAAAjP9XQTEb-J6S60ewEHS5F8jbyUaVqBI1RYNK9D5MUkUWbHGX8fBlcwToH-eFt1yd1TWODZmnEYscadlgNGtLr-By3SUBZSbxEDWOpqKj1T5NrAISqimYwZOj4W3sr1CHWA0ystDCdnyJJD9UyyOKiIz_6SZJHVWXxYl8BIfjZ1EhCtoQpXPAYxzRvAbYBMOEcfGhSXleePBOAXVikrPcR6DDeuLiUCxg', u'geometry': {u'location': {u'lat': 43.03218, u'lng': -2.48182}}, u'place_id': u'ChIJVVVVVcXXTw0RzYItEqZxtlY', u'vicinity': u'Lugar Larrino Elizaurrea, 0 S/N, Larrino', u'scope': u'GOOGLE', u'id': u'd6264dbdc926edb6d272c1f0179dd00efb4abc39', u'types': [u'establishment'], u'icon': u'http://maps.gstatic.com/mapfiles/place_api/icons/generic_business-71.png'}
2014-09-12 07:01:20,505 - placesLogger - DEBUG - UPDATING
2014-09-12 07:01:20,506 - placesLogger - DEBUG - d6264dbdc926edb6d272c1f0179dd00efb4abc39
2014-09-12 07:01:20,906 - placesLogger - DEBUG - 43.04371,-2.46836
2014-09-12 07:01:21,003 - placesLogger - DEBUG -  #### FOUND 2 PLACES !! ####
2014-09-12 07:01:21,003 - placesLogger - DEBUG - {u'name': u'Restaurante Errasticua', u'reference': u'CoQBeAAAAMssU8sh0YFR8VcnPpK8X8Ba4JWZQhQ2iWjLCBkYKyr3zf1DlKX8VAt5JMsgIcuIBNApFCxvYtREMk_MR0rxIPsbHuqTwVaCF5zJbfol63SmisQK_Cpo7IYv5O8Cg_JrQti-exoT3AwzYQHDwxNfuSIPUZilpYQ7WeHRNsmE986sEhB0E5AfWB80nwO8Q6797XZVGhS2r-RPEco1qitXRG3i-l_Vq4HDDQ', u'geometry': {u'location': {u'lat': 43.046031, u'lng': -2.481455}}, u'opening_hours': {u'open_now': True}, u'place_id': u'ChIJFx2e2kbWTw0RVM2qdlPuwck', u'vicinity': u'Calle Barrio Bedo\xf1a Auzoa 18, 20500, Mondrag\xf3n, Guip\xfazcoa', u'scope': u'GOOGLE', u'id': u'd17216cfba775c01c4bfe131e533c7fcdf8d68f7', u'types': [u'restaurant', u'food', u'establishment'], u'icon': u'http://maps.gstatic.com/mapfiles/place_api/icons/restaurant-71.png'}
2014-09-12 07:01:21,114 - placesLogger - DEBUG - UPDATING
2014-09-12 07:01:21,114 - placesLogger - DEBUG - d17216cfba775c01c4bfe131e533c7fcdf8d68f7
2014-09-12 07:01:21,998 - placesLogger - DEBUG - {u'name': u'Sabino Arenaza Erostarbe', u'reference': u'CoQBeQAAAGw78f4CxOgNfiWNZpcgSaqxvBeANl3xVwTyneYwfYtgXg1UurjWz6IF5-N-hn8JTvAg5UjV5-V0oL-II-Q0ZJ8C3yAR3VFJpYuTNgBjVK-gS8TLNQU7YWGbiczdeT0E1yIGon5UJ2kKqkViNtqMjOZleLpgJ3uZxh9EUbdlV-xqEhC5FDcNzNVteQX_ujLdKEjvGhRg1IDiDzdDpQCD8hvSJ1oBNwYTVw', u'geometry': {u'location': {u'lat': 43.03218, u'lng': -2.48182}}, u'place_id': u'ChIJVVVVVcXXTw0RzYItEqZxtlY', u'vicinity': u'Lugar Larrino Elizaurrea, 0 S/N, Larrino', u'scope': u'GOOGLE', u'id': u'd6264dbdc926edb6d272c1f0179dd00efb4abc39', u'types': [u'establishment'], u'icon': u'http://maps.gstatic.com/mapfiles/place_api/icons/generic_business-71.png'}
2014-09-12 07:01:22,088 - placesLogger - DEBUG - UPDATING
2014-09-12 07:01:22,089 - placesLogger - DEBUG - d6264dbdc926edb6d272c1f0179dd00efb4abc39
2014-09-12 07:01:22,834 - placesLogger - DEBUG - 43.05078,-2.46836
