2014-09-12 07:02:24,970 - placesLogger - DEBUG - 43.15683,-2.36938
2014-09-12 07:02:25,068 - placesLogger - DEBUG - 43.00836,-2.3411
2014-09-12 07:02:25,151 - placesLogger - DEBUG -  #### FOUND 5 PLACES !! ####
2014-09-12 07:02:25,151 - placesLogger - DEBUG - {u'name': u'Restaurante Mirandaola Jatetxea C.B.', u'reference': u'CpQBhwAAAPgB_CKvOACRhBjfOORz4MTNJJI86lNaSif82YhF0L4i7NeC1dKMYijZT35xa69LWwxhTYyN6OTWwKJIA0IoHVVW7420hZ5UNInibHmt4Xswm4t28v7O3zkv0nCynD4ee-3qaCld-mglw-iw3fHQhpD5rrd8iCQpwc5O54HwAYu8sxcXWNwo9Z3xwbPM3qttQhIQw91B_rSXWoF9duNpMHfJnRoU2M6KZY0BcX2r8cCXK7f4-80JQoQ', u'geometry': {u'location': {u'lat': 43.005526, u'lng': -2.332024}}, u'place_id': u'ChIJY-ZRXrcvUA0R4XcomyWNvI8', u'vicinity': u'Calle de Telleriarte Diseminado, Telleriarte', u'scope': u'GOOGLE', u'id': u'd69be1a02ce40154c58dd31ff49121a0285d945e', u'types': [u'restaurant', u'food', u'establishment'], u'icon': u'http://maps.gstatic.com/mapfiles/place_api/icons/restaurant-71.png'}
2014-09-12 07:02:25,258 - placesLogger - DEBUG - INSERTING
2014-09-12 07:02:25,259 - placesLogger - DEBUG - d69be1a02ce40154c58dd31ff49121a0285d945e
2014-09-12 07:02:25,993 - placesLogger - DEBUG - {u'name': u'Cultural Recreativa Nekazari Anaidia', u'reference': u'CpQBhwAAANHSKj2sTeCSTrtROYfjezc5tQ2lwm6CkTkBmqEI9CSpFfBqh6oK0Z5bIzpJNCL0JGLO1-X_Mj0lod2AT78d7mbbdsTx1mwybnT-ETb4DZTNehWzvg-XMVYeyn-qJXAXsnlSPgyYnE9ui_cO_eCx9x_JBAX0m7KVxPp3hZwaL2DSo3UK7cUvscZFepHzXZkyoBIQ8uYbiSBLd1gq7kFizH2jDhoUu2DHLEsG40w3GjVQywDZhjPL-ZA', u'geometry': {u'location': {u'lat': 43.005526, u'lng': -2.332024}}, u'place_id': u'ChIJ_SKTj6kvUA0Rtd9D7OfuNKY', u'vicinity': u'Lugar Telleriarte, 8, Telleriarte', u'scope': u'GOOGLE', u'id': u'db6cb834ec64e3c4984e0db16fd768cb7ba8d4c3', u'types': [u'establishment'], u'icon': u'http://maps.gstatic.com/mapfiles/place_api/icons/generic_business-71.png'}
2014-09-12 07:02:26,109 - placesLogger - DEBUG - INSERTING
2014-09-12 07:02:26,109 - placesLogger - DEBUG - db6cb834ec64e3c4984e0db16fd768cb7ba8d4c3
2014-09-12 07:02:26,671 - placesLogger - DEBUG - {u'name': u'Brinkolako Geltokia', u'reference': u'CoQBdgAAAAa0Wx_AiR1ro0GRZE7x2YNFyGPnf7YchWAG9TEIfc9KUo795ClyHOaAox0aLGPJqy1W7ywftR1-QYZXw_cYZYDqUQeuGzXgQOjQ_rsJlNyf4iwkA33ZIBVKIfhKolglO1g_bzIyR0IySLujc6bANDVk-jhwfD06bnwaJnO090z0EhDidFHzjV2mKOtTUQXkuk2SGhQP98aUbrmFLOdFa4zs8Mqey9XWmw', u'geometry': {u'location': {u'lat': 43.018852, u'lng': -2.334591}}, u'place_id': u'ChIJL8eOn6MvUA0RVdSCtJqiE58', u'vicinity': u'Spain', u'scope': u'GOOGLE', u'id': u'67620526db92a5ed1f67047717f4eadb35dc3f1c', u'types': [u'train_station', u'establishment'], u'icon': u'http://maps.gstatic.com/mapfiles/place_api/icons/generic_business-71.png'}
2014-09-12 07:02:26,777 - placesLogger - DEBUG - INSERTING
2014-09-12 07:02:26,777 - placesLogger - DEBUG - 67620526db92a5ed1f67047717f4eadb35dc3f1c
2014-09-12 07:02:26,899 - placesLogger - DEBUG - {u'name': u'M Luisa Ceberio Urbizu', u'reference': u'CoQBeAAAAKscnjVfgHWH8o3ZHqOrbA5jd-cVorjbsu7Y2WsVQUmvuDCEwySYSIBqrOriZom1M5e-f1erYB38V6w490tdkO_y4r0v8i-_JeyFdK9npPPG0U8MNnI0fKzWUuRkRNRzKFeadlJN5KGWKudieGM96JaTv9D-xIlt5KydF42DK9pTEhCM70epMGVuJ3E9vL1e4spZGhQsV-O16QyxlVptgyR3MfNwxu6PvQ', u'geometry': {u'location': {u'lat': 43.009876, u'lng': -2.33096}}, u'place_id': u'ChIJKUYLt5AvUA0RkYg75Wwymls', u'vicinity': u'Brinkola Diseminado Barreiatua, Brinkola', u'scope': u'GOOGLE', u'id': u'b175040d0dfe36ff5798cfc41a4381bbb51d16f6', u'types': [u'establishment'], u'icon': u'http://maps.gstatic.com/mapfiles/place_api/icons/generic_business-71.png'}
2014-09-12 07:02:27,008 - placesLogger - DEBUG - INSERTING
2014-09-12 07:02:27,008 - placesLogger - DEBUG - b175040d0dfe36ff5798cfc41a4381bbb51d16f6
2014-09-12 07:02:27,923 - placesLogger - DEBUG - {u'name': u'M Ar\xe1nzazu Odriozola Ugarte', u'reference': u'CoQBfgAAAIFZW1V5t5NdlSHD4qp75nL_9JO3b33_9Tb5A3ONavLaWDf9BeEXbVCOuy6FzrG_XrUwgxapHaoGSTr2vV8mMmOZNIxZvUpjwVzmxmrDKaTUmkjGiyFOIvTosRUIqBINNvXkqK5cpU5uarmVbEKyZT5sIvduRzro4QtOoqDPEQKrEhDUp0DaUAi5XY1GoipeNJ8TGhT1QDDPoDk5vmWwe2zNnkIBXMcJYA', u'geometry': {u'location': {u'lat': 43.009876, u'lng': -2.33096}}, u'place_id': u'ChIJKUYLt5AvUA0Ro3YNIlvZDmY', u'vicinity': u'Brinkola Diseminado Barreiatua, Brinkola', u'scope': u'GOOGLE', u'id': u'4575ae4774d9fa534199f30ed1346c3ef22d6d2d', u'types': [u'establishment'], u'icon': u'http://maps.gstatic.com/mapfiles/place_api/icons/generic_business-71.png'}
2014-09-12 07:02:28,050 - placesLogger - DEBUG - INSERTING
2014-09-12 07:02:28,050 - placesLogger - DEBUG - 4575ae4774d9fa534199f30ed1346c3ef22d6d2d
2014-09-12 07:02:28,618 - placesLogger - DEBUG - 43.1639,-2.36938
2014-09-12 07:02:28,743 - placesLogger - DEBUG - 43.17097,-2.36938
2014-09-12 07:02:28,866 - placesLogger - DEBUG - 43.17804,-2.36938
2014-09-12 07:02:28,991 - placesLogger - DEBUG - 43.18511,-2.36938
2014-09-12 07:02:29,147 - placesLogger - DEBUG - 43.19218,-2.36938
2014-09-12 07:02:29,290 - placesLogger - DEBUG - 43.19925,-2.36938
2014-09-12 07:02:29,416 - placesLogger - DEBUG - 43.20632,-2.36938
2014-09-12 07:02:29,552 - placesLogger - DEBUG - 43.21339,-2.36938
2014-09-12 07:02:29,672 - placesLogger - DEBUG - 43.22046,-2.36938
2014-09-12 07:02:29,786 - placesLogger - DEBUG - 43.22753,-2.36938
2014-09-12 07:02:29,879 - placesLogger - DEBUG - 43.2346,-2.36938
2014-09-12 07:02:30,026 - placesLogger - DEBUG - 43.24167,-2.36938
2014-09-12 07:02:30,203 - placesLogger - DEBUG -  #### FOUND 20 PLACES !! ####
2014-09-12 07:02:30,204 - placesLogger - DEBUG - {u'rating': 4.4, u'name': u'Landa Restaurante', u'reference': u'CoQBcwAAAJJBFUqX32bqBNap6C1WTbzQGdMdJd59cdOc26kaZzLfVwby-O9fSVnwHSVg9biG3TWk_Q_c2fVPWzuYh3KCF9AALkXu0ny4CbLX3zDNoaMbuA_nakWeFzgrxY_6FMBci4iqUJYCB2uIb3Qy83w38taJtCkYmpZ8LBOesfeNvbYZEhA9a61Zezmy52zpaqyQ1yTYGhRLnNDLGrqFYiYJzPOn3B4onTKTfQ', u'geometry': {u'location': {u'lat': 43.251588, u'lng': -2.382964}}, u'place_id': u'ChIJLVX2YcvWUQ0RVBihNgRvhHY', u'vicinity': u'Calle Garagarza, 32, Garagartza', u'photos': [{u'photo_reference': u'CpQBgwAAABXsbuPOrGTWe_XkvoaKhMRuSJ-ahnRx6oX1dvkaCck6iaMruy6kxsIIoYY7c-aqzKmuJ9N89gehKCalIDs7IfHaRyM3FWz9Oj6xvUVF3RXmBE_hj6sPltjsvOG9LlH3GyZtjUgbfjWp2XLqQpYrZSdRxb0AOsW2zh4Stfq0Cqcs6s4XX_8iaizeOGlCtqD1FhIQjYoGFTXowNJnQFcCeyuz9RoUvmwDu0P1opZjHPsp8RdfuSqENIU', u'width': 384, u'html_attributions': [u'From a Google User'], u'height': 512}], u'scope': u'GOOGLE', u'id': u'71b5f52cd3e0159c9408123b532da163228e77e4', u'types': [u'restaurant', u'food', u'establishment'], u'icon': u'http://maps.gstatic.com/mapfiles/place_api/icons/restaurant-71.png'}
2014-09-12 07:02:30,395 - placesLogger - DEBUG - INSERTING
2014-09-12 07:02:30,395 - placesLogger - DEBUG - 71b5f52cd3e0159c9408123b532da163228e77e4
2014-09-12 07:02:31,348 - placesLogger - DEBUG - {u'name': u'Hospital de Mendaro', u'reference': u'CoQBdQAAAOFpYXPeFWX_x78ox4HZ5v65c5Ts5VhBc-SR7DEFXFB6W_jtZHh2ejyQMu5zSfJ37__c3c-u4eRp03HsncDgSiRMyEASZ_vQTCd0TjI8YmZOHY0poQGnVTx97aLrsUWc8PFC4IPjf1UlurByNlDv88obrwDAr_Zc4_LP8za3a4FHEhC3OI_HyeHCaNRVgTF2CUsCGhSjtsYa-yWfbYT01oWYLQlfq0HU1g', u'geometry': {u'location': {u'lat': 43.250251, u'lng': -2.385348}}, u'place_id': u'ChIJa-zCKcnWUQ0RF-1TMmsfxi0', u'vicinity': u'Mendarozabal Kalea, s/n', u'scope': u'GOOGLE', u'id': u'20b246bf175919eb5328a7015b8bcd0793611344', u'types': [u'hospital', u'establishment'], u'icon': u'http://maps.gstatic.com/mapfiles/place_api/icons/generic_business-71.png'}
2014-09-12 07:02:31,556 - placesLogger - DEBUG - INSERTING
2014-09-12 07:02:31,556 - placesLogger - DEBUG - 20b246bf175919eb5328a7015b8bcd0793611344
2014-09-12 07:02:32,644 - placesLogger - DEBUG - {u'name': u'Aneikutz Musika Eskola', u'reference': u'CoQBeAAAAPkrLxiwHbKI7rb2rl7FC0GtjVMi1_IouXsyojiPmuKHfiXmAo9OiaeLVXbvmXQ6ennVkv4XXvAg1uwlZNef0FvxuaWtu4wltG1Wn7b8iXkPUSDwKqdZijV1pDedia9Ztg_U_Hk6grfp_8VCb3fIc9vzSQnvwTGHBABjEDKFGFgNEhB9CBpfscGxf9v2w1bJgtuOGhQVaE1CTptEy8g1FrYqxe5oCrVt6w', u'geometry': {u'location': {u'lat': 43.251896, u'lng': -2.382716}}, u'place_id': u'ChIJrYPlXMvWUQ0ROFObcbtKEHA', u'vicinity': u'Calle Garagarza, 23, Garagartza', u'scope': u'GOOGLE', u'id': u'4af03664ef7b9af48b3c2f8a280f57720cb3592d', u'types': [u'establishment'], u'icon': u'http://maps.gstatic.com/mapfiles/place_api/icons/generic_business-71.png'}
2014-09-12 07:02:32,797 - placesLogger - DEBUG - INSERTING
2014-09-12 07:02:32,797 - placesLogger - DEBUG - 4af03664ef7b9af48b3c2f8a280f57720cb3592d
2014-09-12 07:02:33,412 - placesLogger - DEBUG - {u'name': u'Projekta Contract SCP', u'reference': u'CoQBeAAAAAqwFB_2SxNz_0iGWCyn2hRbPKutt4JKd5y9ogl0f54UzZ0HH22-hG7aYTbIhKsvCFP8158yUCDQzf_11OW_ghHIEqYeSAjFeQt8L66mA_nsB_sbYMHCayQj3shR3oo-nTeZEIEmmRi2EI0p35blYau18msrtx-ESNJTpotQKBzrEhCzBMdqSgQK2QgBnWXQzNIYGhRSwT20ULIFYMbW9ey48pGNMQfrjw', u'geometry': {u'location': {u'lat': 43.252103, u'lng': -2.383131}}, u'opening_hours': {u'open_now': True}, u'place_id': u'ChIJF_PqmszWUQ0RgcrnnUcsY-g', u'vicinity': u'Calle Garagarza, 22', u'photos': [{u'photo_reference': u'CnRmAAAARnMWhUB3QrxojxYW0HCzfTAGoC9y2cHiqN4uWzEeFJEoHh-refHTalbEc28Ezf6yOb4I0AGG_oysDB93VFD86utxuLxVtxmNM1gTn4LOlFv-k_Zt4nBrI1CTK4xhejI80-C8DyPSfoHYvo86W-eqthIQjhUoQ3o3LPIh1RzCYs518xoUbby8BAEkFWvPweT7T1dhX6cXh9o', u'width': 200, u'html_attributions': [], u'height': 99}], u'scope': u'GOOGLE', u'id': u'cca5edef66cd4e0ad5aebdb5d72db9a320c8d578', u'types': [u'establishment'], u'icon': u'http://maps.gstatic.com/mapfiles/place_api/icons/generic_business-71.png'}
2014-09-12 07:02:33,552 - placesLogger - DEBUG - INSERTING
2014-09-12 07:02:33,552 - placesLogger - DEBUG - cca5edef66cd4e0ad5aebdb5d72db9a320c8d578
2014-09-12 07:02:34,264 - placesLogger - DEBUG - {u'name': u'KZgunea Mendaro', u'reference': u'CoQBcgAAAG-WRFYxWaUBAYc4clH6j5OXcRxec9bQ8zT-F29O6tTCFcGgqSXDziYANYZN4weHAlIULxwum6bfXixnoiGXCHfN_IOpVROTMqP0NY0sY-qjW4NVZpoP3RhdkDOjr0O2XXB6nk955npepVTCGhUUh8neb6GCMaxUD8FjGZMwLW7GEhDI1GoljQ0TLrsqUjQK-q9UGhT1q56_9bIoBX1b5w_UR_K14jmjyg', u'geometry': {u'location': {u'lat': 43.252436, u'lng': -2.385642}}, u'place_id': u'ChIJkZPJEMzWUQ0RO2NC_7vf2do', u'vicinity': u'Herriko Enparantza Plaza, 1', u'scope': u'GOOGLE', u'id': u'0f9e203e8a52e0adb1138ac872a842a7a0e64d4e', u'types': [u'establishment'], u'icon': u'http://maps.gstatic.com/mapfiles/place_api/icons/generic_business-71.png'}
2014-09-12 07:02:34,375 - placesLogger - DEBUG - INSERTING
2014-09-12 07:02:34,375 - placesLogger - DEBUG - 0f9e203e8a52e0adb1138ac872a842a7a0e64d4e
2014-09-12 07:02:35,043 - placesLogger - DEBUG - {u'name': u'Kutxabank S.A.', u'reference': u'CoQBcQAAAGrT7lHrGqk79ZRXc4a1t7SIgP3RB4hs4V__PHVbq7J4vpCiEbotNI92mKqA5W6fNGpOYGM97lfo6dB-u-2M5lIAS6IeS-hcKOaW0ENFSssvX84cQG2jFHUxc1Ti6AANE_xmyzfV14UIsZpIfSDm6JVVBNs6gp-oIKBrEVw-exT9EhDlEJeTFmh0dPpnbK7p7JijGhS7FW48YNHP5TVU9JheTmUl6QhUCg', u'geometry': {u'location': {u'lat': 43.25287, u'lng': -2.385786}}, u'place_id': u'ChIJl_kBI8zWUQ0Rxm5MJ2eLRuc', u'vicinity': u'Herriko Enparantza Plaza, 2', u'scope': u'GOOGLE', u'id': u'1e2590a8beea7c408f9b13f30b1005c282e91c5e', u'types': [u'bank', u'finance', u'establishment'], u'icon': u'http://maps.gstatic.com/mapfiles/place_api/icons/generic_business-71.png'}
2014-09-12 07:02:35,207 - placesLogger - DEBUG - INSERTING
2014-09-12 07:02:35,207 - placesLogger - DEBUG - 1e2590a8beea7c408f9b13f30b1005c282e91c5e
2014-09-12 07:02:36,003 - placesLogger - DEBUG - {u'name': u'Hospital Komarcala', u'reference': u'CoQBdQAAABmbAV0InOeYb0B_f1YzRyTTHsJhV-6LFp7Xn733CdJJ4LLunNkLQKaXqpLiRoXQGLzTFL2sxjrKCtYls9bm-qwUVf77NNGYrF6sGuQZHZj60NpXIqRZYILSIT7KiEk5f2olm6YDg_mf0HvqVpyeCvoSdxp-BdFq80Mp_CgHadRGEhBSuTxoLPYj0_vr2R9Hm2pnGhQ_M-Py3BSZmw31rbFdsZ2mbCHglg', u'geometry': {u'location': {u'lat': 43.250166, u'lng': -2.385827}}, u'place_id': u'ChIJeSjXxsvWUQ0Rdf6vPnzvt_s', u'vicinity': u'Spain', u'scope': u'GOOGLE', u'id': u'1eb5aed5a909199e84b7273b9b037ff5d90b1348', u'types': [u'hospital', u'establishment'], u'icon': u'http://maps.gstatic.com/mapfiles/place_api/icons/generic_business-71.png'}
2014-09-12 07:02:36,106 - placesLogger - DEBUG - INSERTING
2014-09-12 07:02:36,106 - placesLogger - DEBUG - 1eb5aed5a909199e84b7273b9b037ff5d90b1348
2014-09-12 07:02:37,128 - placesLogger - DEBUG - {u'name': u'Excavaciones Bergaretxe, S. L.', u'reference': u'CoQBgAAAAG1XgJyU0OU2GGcB8OA8Jy62fexcprNBYm3MID-cK2_E4lx8yz4_HzazrabW7kHUnqBki6Jo0aFeOmma7-WFxCgcC5UKEBaHlLMtbO_QkrcarPl-bDeP_ad1g-Lh0L5YkrkVTYzqKYfo_QJ4a1UGhtRdxk0FD-Yodi6Oh8UZ6vwkEhDEItBRaWWfL2BJQyqW9cvKGhTWMXlp1a-aon6RFUoccJvsCbDKYg', u'geometry': {u'location': {u'lat': 43.252133, u'lng': -2.382919}}, u'place_id': u'ChIJh2jEXcvWUQ0Rbk6kbEIF508', u'vicinity': u'Calle Garagarza, 21, Garagartza', u'scope': u'GOOGLE', u'id': u'd42e6d1bb893f044440adf395f12adc735dffdce', u'types': [u'establishment'], u'icon': u'http://maps.gstatic.com/mapfiles/place_api/icons/generic_business-71.png'}
2014-09-12 07:02:37,230 - placesLogger - DEBUG - INSERTING
2014-09-12 07:02:37,230 - placesLogger - DEBUG - d42e6d1bb893f044440adf395f12adc735dffdce
2014-09-12 07:02:37,928 - placesLogger - DEBUG - {u'name': u'Ayuntamiento de Mendaro Centralita', u'reference': u'CpQBhAAAAFPA98cZKKeyMffxI-0m7Ge1jVuX77fuH6mcGJmKZlJdaL0k9KrEuVgeS3XckKrrRyLPlc17BYO_x2tbZP2R3ANiFX-8vReGF_vsvkCFkYiVtgtlVjWGKMTjZnt7LG2L-4mM9VXSrMb6qHHBhuqysurzUQOfNZD70WyvYUQ6Si_mIGtwTnUATSO1rpmrmBFNnRIQsWtpLJXYwi5wL4m69Ts7JhoUGK6bfLMaKXJLS4l45PnjCUFKvjU', u'geometry': {u'location': {u'lat': 43.252835, u'lng': -2.385536}}, u'place_id': u'ChIJb5qoPczWUQ0R7IUva62Woh4', u'vicinity': u'Herriko Enparantza Plaza, 1', u'scope': u'GOOGLE', u'id': u'42991972167c9707a06c293801657023c6f9b086', u'types': [u'establishment'], u'icon': u'http://maps.gstatic.com/mapfiles/place_api/icons/generic_business-71.png'}
2014-09-12 07:02:38,095 - placesLogger - DEBUG - INSERTING
2014-09-12 07:02:38,095 - placesLogger - DEBUG - 42991972167c9707a06c293801657023c6f9b086
2014-09-12 07:02:38,837 - placesLogger - DEBUG - {u'name': u'Consultorio Local Mendaro', u'reference': u'CoQBfAAAAMOAbsmIkwZzwT3wh7UE7qI3ANzgyG8NTCW4soVuYADotEMaHw0z8bzkOdM-QbYZO9S3xuVJukHyGwMWKpeUxq1gHdAf6f1yq0a2YXlKTaGI8iKuOFMYzgORAd3-3zuhsPS9-kedOfIVtIiaDG0ppQ-gAGv18FJRHUHy_ExdD9s3EhAPlvUjpdJc4_bXhSjT-cjcGhS2DmFstnnRa90esdZPBf2MNgJZYQ', u'geometry': {u'location': {u'lat': 43.251413, u'lng': -2.383496}}, u'place_id': u'ChIJcxXIe8zWUQ0Rnti6mIpg2PI', u'vicinity': u'Av de Kilimon, 27, Garagartza', u'scope': u'GOOGLE', u'id': u'f90d5ac6f75261b7092235fce22d2a4ff9bca095', u'types': [u'establishment'], u'icon': u'http://maps.gstatic.com/mapfiles/place_api/icons/generic_business-71.png'}
2014-09-12 07:02:39,055 - placesLogger - DEBUG - INSERTING
2014-09-12 07:02:39,055 - placesLogger - DEBUG - f90d5ac6f75261b7092235fce22d2a4ff9bca095
2014-09-12 07:02:39,957 - placesLogger - DEBUG - {u'name': u'Escuela Privada de M\xfasica Ameikutz', u'reference': u'CpQBhQAAAHD8cYRPE43HXbZ38gPAmzO4LS7OX5qJa-MxdZ83n47wdzze-uG3piFWPB4AipSlNVrkpZ7_c0a02-nyP3d3YG-eIZgSSq6Sb65Xz3YyREvid6eFXVZ9fZvWcQyuxsSLno71-JK7xew6OzFSso2dX6qDFPGfd4AwaVV0_KI--TXzrpzqXfEEvpZu5y3oHdW1tBIQYWlP63ECQEOyocDg4zlNOxoUq1PyOCZfonB0q3KDChg2IEW7-mM', u'geometry': {u'location': {u'lat': 43.252706, u'lng': -2.384682}}, u'place_id': u'ChIJZTOIZ8zWUQ0RjNe2sbNNhCY', u'vicinity': u'Calle Garagarza, 0, Garagartza', u'scope': u'GOOGLE', u'id': u'53da43b984ad3d9c1e9884931feb702645219c2f', u'types': [u'establishment'], u'icon': u'http://maps.gstatic.com/mapfiles/place_api/icons/generic_business-71.png'}
2014-09-12 07:02:40,121 - placesLogger - DEBUG - INSERTING
2014-09-12 07:02:40,121 - placesLogger - DEBUG - 53da43b984ad3d9c1e9884931feb702645219c2f
2014-09-12 07:02:40,791 - placesLogger - DEBUG - {u'name': u'Artfruit C.B.', u'reference': u'CnRwAAAAc1lGncZzG5GLDpb-8S0BgHyVOFcN8zYo8ZzwKzQwleCg0RCxG5Hwl9eVFuqMcQnb1saRJip2b94LPXpYWEw_UbJ0bIGpH2ftRBNsmLIM96pQD-TOCmn06FHYr7Gq7eQf2kPa2pbZyCevwTG0OckffhIQkcu68fO19rePuzXf4dJB0hoUIvAZ2PRbBbz0gy-ooRallJfU8GY', u'geometry': {u'location': {u'lat': 43.253221, u'lng': -2.386094}}, u'place_id': u'ChIJy3LzFszWUQ0R41ZWfGy_284', u'vicinity': u'Plaza Herriko, Garagartza', u'scope': u'GOOGLE', u'id': u'80e63d47b9741a9f84304582b346277bd3c78ec8', u'types': [u'food', u'store', u'establishment'], u'icon': u'http://maps.gstatic.com/mapfiles/place_api/icons/generic_business-71.png'}
2014-09-12 07:02:40,932 - placesLogger - DEBUG - INSERTING
2014-09-12 07:02:40,932 - placesLogger - DEBUG - 80e63d47b9741a9f84304582b346277bd3c78ec8
2014-09-12 07:02:41,912 - placesLogger - DEBUG - {u'name': u'Farmacia Fern\xe1ndez Sevillano', u'reference': u'CoQBfwAAALeOm-Z_leo3vBXPzmWuW1zvLUiGPoiOcVMeA7lYB_65dlbt_uijQ9CEmRKIdrzoGLew4fZqkxnRGHXzyFO5TOjsekdTDZmXk-_vZ250YJHW8c0Rm1xUnp_xzhuqW2NWWueLgLbR164MPOFSUVzQfFH3vgDAsQunCsN93pJq9Ng4EhAydUMBN1ccuWNi4ZxXqSbiGhQskX-vBij8MwPPeOoChCCCWj6OTA', u'geometry': {u'location': {u'lat': 43.25251, u'lng': -2.38604}}, u'place_id': u'ChIJcSGRHszWUQ0Rcv8wk4AMtjw', u'vicinity': u'Plaza Herriko, 4 Garagarza', u'scope': u'GOOGLE', u'id': u'a8b3a6dad6cf4e973416e6d32ef009f2f8a3bee6', u'types': [u'pharmacy', u'store', u'health', u'establishment'], u'icon': u'http://maps.gstatic.com/mapfiles/place_api/icons/generic_business-71.png'}
2014-09-12 07:02:42,125 - placesLogger - DEBUG - INSERTING
2014-09-12 07:02:42,125 - placesLogger - DEBUG - a8b3a6dad6cf4e973416e6d32ef009f2f8a3bee6
2014-09-12 07:02:43,230 - placesLogger - DEBUG - {u'name': u'Casa Rural Atxuri', u'reference': u'CoQBdAAAAJQS0JCW20RDJfvjXSwuEL9iERmblHXJBfF0fYHWlxI3_hk6cznDf5Z-iYKo0qDjKvEx7EOumiOzmj55QuCk9eZLY4fNF1_cdxHjIdotkWnfY61OzUPCesTOVi6uhyatjRka4hEHmxcmXc-NchFNoAgZH1-LLK0s6KkB34x8_49JEhCzCFAQ9Kl59xMA92FwWoDVGhRNvNuj0pLayp7sTraLuxqDQKLDoQ', u'geometry': {u'location': {u'lat': 43.252701, u'lng': -2.384683}}, u'place_id': u'ChIJD1hxQszWUQ0RCe9f6-9vTcY', u'vicinity': u'Calle Garagarza, 0', u'scope': u'GOOGLE', u'id': u'b2ef5d9d9d5d1ac1eea748707987af3756f85752', u'types': [u'establishment'], u'icon': u'http://maps.gstatic.com/mapfiles/place_api/icons/generic_business-71.png'}
2014-09-12 07:02:43,342 - placesLogger - DEBUG - INSERTING
2014-09-12 07:02:43,342 - placesLogger - DEBUG - b2ef5d9d9d5d1ac1eea748707987af3756f85752
2014-09-12 07:02:43,994 - placesLogger - DEBUG - {u'name': u'Escuela de Educaci\xf3n Infantil Mendaroko Haurreskola', u'reference': u'CqQBmAAAALyNy5mAZhPFM7CdWLbqSvY-Sp1GVYX2D0IJfxTN-qY7tR8AseFtFpgS_O-7zffFAstcqs55A9y--9riHZ-rqwwXZXy_Cktr8FeE077K_EvSu-8ARUmRSyA6VA6apUS-ZnLzZMr3HFPd7SzzbjplZRIYYzDOC49DjwZ-sQrMrmIF0VBQYIiZo4BlDqmmCRkD8QE_Rp1X0frKoPCIdIv69jESELq72Va5ZjLPMEBeImZRbJoaFA96dydzqRkURJs1_BnKqj4uljRA', u'geometry': {u'location': {u'lat': 43.253169, u'lng': -2.385383}}, u'place_id': u'ChIJwzBhJczWUQ0Ry1uA8Puj98k', u'vicinity': u'Calle Garagarza, 5, Garagartza', u'scope': u'GOOGLE', u'id': u'5220cb8364f9f5c549ba4cb9c79b78e820b12002', u'types': [u'establishment'], u'icon': u'http://maps.gstatic.com/mapfiles/place_api/icons/generic_business-71.png'}
2014-09-12 07:02:44,197 - placesLogger - DEBUG - INSERTING
2014-09-12 07:02:44,197 - placesLogger - DEBUG - 5220cb8364f9f5c549ba4cb9c79b78e820b12002
2014-09-12 07:02:44,961 - placesLogger - DEBUG - {u'name': u'Mauricio Mayora Arratibel', u'reference': u'CoQBfAAAAMSv6KVgG4mbxF6Wa8Y8JDEsp3KKdgaDj1yfdmQFjtm5NVV8-o_Fb5N_vzgCXBwUI03JOLzUS6rwkDL0tLxgBINqMdFRShaW92nfzL76pNz2o84MtqLEkKQJ8InI5SY7K8dQqucSCgrpfFp86RB3DCq-PUZzT0i3FyvbA_B5oRPTEhClq3TgOd3MojuFKH0Qy81JGhS21euEFMqiE04z6aM-Fnl1w5ZHag', u'geometry': {u'location': {u'lat': 43.252195, u'lng': -2.383553}}, u'place_id': u'ChIJ1alQiMzWUQ0R51zWYZ-w6ck', u'vicinity': u'Calle de la Trinidad, Garagartza', u'scope': u'GOOGLE', u'id': u'1c1096e91a9b5d72ca0ada57d4603b39c9d07a44', u'types': [u'food', u'store', u'establishment'], u'icon': u'http://maps.gstatic.com/mapfiles/place_api/icons/generic_business-71.png'}
2014-09-12 07:02:45,133 - placesLogger - DEBUG - INSERTING
2014-09-12 07:02:45,133 - placesLogger - DEBUG - 1c1096e91a9b5d72ca0ada57d4603b39c9d07a44
2014-09-12 07:02:45,911 - placesLogger - DEBUG - {u'name': u'Antonio Mar\xeda Albizu Iriondo', u'reference': u'CoQBgAAAAGRB1o2KhPbhytAKjzVuwlRb0PLKD10Hyo2p2j6D8yQ4JBwY-FRJCtPni_zJMk3h4SelQCGOJcA9t1_C5mbrmgtgkN3VpupKnkDsZYMPQb_O4TVe6lFHPIpaAa2LfJqtMbXimpT5VJuIuA7zvOQdD6n4HfZlWKtLIKLJr6T5GxWiEhDdfuI648kmLjUUQT4911S2GhRV3JcXKMaeLix0lmEiX1ce4_QZCg', u'geometry': {u'location': {u'lat': 43.251899, u'lng': -2.382895}}, u'place_id': u'ChIJcYHlXMvWUQ0RGrr70rteSbA', u'vicinity': u'Calle Garagarza, 23, Garagartza', u'scope': u'GOOGLE', u'id': u'aea8344d334c45fe78626e0db85af578964b8c4c', u'types': [u'food', u'store', u'establishment'], u'icon': u'http://maps.gstatic.com/mapfiles/place_api/icons/generic_business-71.png'}
2014-09-12 07:02:46,052 - placesLogger - DEBUG - INSERTING
2014-09-12 07:02:46,052 - placesLogger - DEBUG - aea8344d334c45fe78626e0db85af578964b8c4c
2014-09-12 07:02:46,887 - placesLogger - DEBUG - {u'name': u'Ermita de San Antonio', u'reference': u'CoQBdwAAAKnpJv2hgtsFNaHz6X_MtMsw2Gg_1K-qkYITtgpxpymLOFc1ZgYG9GWsZkDcDrsz1AHkycrnbl6sIJftI7dszrmn3noNx5n9AYr3NVZxMjcZQLkfVZe8B6aPs3iUvevOSw4ks7SSL9Drr8iV4ggLstR8JS6aC7PZ1f-Vz7glp0F4EhC8VbMC8C-08YVHYz9qDx_GGhRGvXTWuXMzKvt1ctAvxBYB_VH2Qg', u'geometry': {u'location': {u'lat': 43.254088, u'lng': -2.385854}}, u'place_id': u'ChIJ58UA083WUQ0Rjm28MVqbFSE', u'vicinity': u'Spain', u'scope': u'GOOGLE', u'id': u'52fa010810f2d894e11711e7669a3e372a276457', u'types': [u'church', u'place_of_worship', u'establishment'], u'icon': u'http://maps.gstatic.com/mapfiles/place_api/icons/worship_general-71.png'}
2014-09-12 07:02:47,065 - placesLogger - DEBUG - INSERTING
2014-09-12 07:02:47,065 - placesLogger - DEBUG - 52fa010810f2d894e11711e7669a3e372a276457
2014-09-12 07:02:47,947 - placesLogger - DEBUG - {u'name': u'Ustergui', u'reference': u'CnRqAAAAJW8zj0k9Q1H8EMiOFqb4-cBDO8oNe_-F71cRd72KaoZR5umh17ZtmGn1iiyrg-r-d8-4Plc2bd3GuRX16aT5pPeokfkc2NupL1uDGW5y0h71jObcoWs0jTnRSTbDBinI_zlbBfxG_wLECRVaqi5fKBIQaahkvUESez6xUIsHmisVqRoUvjybuetYlH6iBl6H1ffo6Y_2haQ', u'geometry': {u'location': {u'lat': 43.253221, u'lng': -2.386094}}, u'place_id': u'ChIJy3LzFszWUQ0Ri8Quc1EH9WM', u'vicinity': u'Plaza Herriko, Garagartza', u'scope': u'GOOGLE', u'id': u'd7540c2fe2b514b467479931a56ea3145b879f1b', u'types': [u'cafe', u'food', u'establishment'], u'icon': u'http://maps.gstatic.com/mapfiles/place_api/icons/cafe-71.png'}
2014-09-12 07:02:48,102 - placesLogger - DEBUG - INSERTING
2014-09-12 07:02:48,102 - placesLogger - DEBUG - d7540c2fe2b514b467479931a56ea3145b879f1b
2014-09-12 07:02:48,736 - placesLogger - DEBUG - {u'name': u'Carpinter\xeda Arriola', u'reference': u'CoQBdwAAAHfrOqV86fnidE43vba6t66jCvQXUFNVXtw6jvrUur9apDD0590fO1Yd152YPVltkfYVGExCj37d60_qgePYT3LJry5ygnIwfH5HmmFbewOzKxjRX5FyVYFpSRg9gEm2sr5DnkJR8cxC9CVKsYi5mHlQgKzwa3UZAn4cIJGk-luJEhBSeLq8HyG1DWI4iekD3WhuGhSubrbVYkq5IcW_-nzBMOEZ4kok0w', u'geometry': {u'location': {u'lat': 43.251204, u'lng': -2.382555}}, u'place_id': u'ChIJwfiRXcvWUQ0R4_dL22T0N9Q', u'vicinity': u'Calle Garagarza, 44', u'scope': u'GOOGLE', u'id': u'75a45b2b5ce03220a0e1b4add9ea98f2c697d4b6', u'types': [u'establishment'], u'icon': u'http://maps.gstatic.com/mapfiles/place_api/icons/generic_business-71.png'}
2014-09-12 07:02:48,840 - placesLogger - DEBUG - INSERTING
2014-09-12 07:02:48,840 - placesLogger - DEBUG - 75a45b2b5ce03220a0e1b4add9ea98f2c697d4b6
2014-09-12 07:02:49,592 - placesLogger - DEBUG -  #### FOUND 12 PLACES !! ####
2014-09-12 07:02:49,592 - placesLogger - DEBUG - {u'name': u'Elkar Autoserbitzuak, S.L.', u'reference': u'CoQBfAAAALH8rwj4SjfBEWUjOFC5q4w1NTqVCZPbb3I2P7YvLjAfQF5LPft_S9SELN8ZjknC6KarWCKfilSwryGXhZh33qgy1ZevwJDnHCNmRfL9mNxAlAOozhL121-Spi5wXhUghiHTmdf2rBxBzrqn0jRS7V0Ms8XDCmCI3qsqcRzOYk5SEhCbwR_zwR0hb1eA-zy2-gA9GhRuz96SKTHxKn9ziAGn1a4VJW0I5g', u'geometry': {u'location': {u'lat': 43.251964, u'lng': -2.386988}}, u'place_id': u'ChIJS2I2sM7WUQ0RDfIABh51yhs', u'vicinity': u'Kilimon Hiribidea, 5', u'scope': u'GOOGLE', u'id': u'1d7c0218c5adae8ea54b613ef24fdc0a11b5928c', u'types': [u'establishment'], u'icon': u'http://maps.gstatic.com/mapfiles/place_api/icons/generic_business-71.png'}
2014-09-12 07:02:49,694 - placesLogger - DEBUG - INSERTING
2014-09-12 07:02:49,694 - placesLogger - DEBUG - 1d7c0218c5adae8ea54b613ef24fdc0a11b5928c
2014-09-12 07:02:50,418 - placesLogger - DEBUG - {u'name': u'Binala 2000 S L', u'reference': u'CoQBcgAAAAqSjwhxfZHFsiB_Fdlmjwx6tzQ6xOgFwUjvZqPtiw0H2RUHWtlGtZU4n7wDSh0MVfMiwEnXkxtNC-FccGQVFFl6f93a08TqBD672hv_15w8sEaBtDVBmXbMXYaoMH-YLXJ1xiJlRkYAnbdBZ1GFNiv1wFxBgsk_XOtV0x5_7nLnEhBVc96kZhDxRIgMpgYF6Dv9GhQKKgjleysqQFWj_hqwlgUm5lv1Ig', u'geometry': {u'location': {u'lat': 43.25128, u'lng': -2.386395}}, u'place_id': u'ChIJBdPAVcnWUQ0RIfA03Hvn-Mo', u'vicinity': u'Andoneikua Hiribidea, 42', u'scope': u'GOOGLE', u'id': u'33f940eaadf3cf21a9786c8469d002f76a6045e3', u'types': [u'establishment'], u'icon': u'http://maps.gstatic.com/mapfiles/place_api/icons/generic_business-71.png'}
2014-09-12 07:02:50,540 - placesLogger - DEBUG - INSERTING
2014-09-12 07:02:50,540 - placesLogger - DEBUG - 33f940eaadf3cf21a9786c8469d002f76a6045e3
2014-09-12 07:02:51,174 - placesLogger - DEBUG - {u'name': u'Morroskillo', u'reference': u'CnRtAAAAdwDWAt-zxxO1-KuDpljNl9f-U-UnyNDfqurXI3j8D5FlLk7EH9I1C4vlW5CXIic5ZWLsBgR-jlArKfse9wszm6L3QchdWKek1i2d-WcqEpKmYmAdRAVF3VUqknuK6AOOnv80MecVsoMRChrkg_wcQhIQffvHIqjACkbfHGW47mrvdxoUQSp8LUj6qwthro6oBgfGEg80Lrs', u'geometry': {u'location': {u'lat': 43.252141, u'lng': -2.386512}}, u'place_id': u'ChIJi_IRps7WUQ0RAdIYt0NkpnU', u'vicinity': u'Herriko Enparantza Plaza, 18', u'scope': u'GOOGLE', u'id': u'a842daa5b5e38ae63ea8fdcb433c415095304236', u'types': [u'establishment'], u'icon': u'http://maps.gstatic.com/mapfiles/place_api/icons/generic_business-71.png'}
2014-09-12 07:02:51,284 - placesLogger - DEBUG - INSERTING
2014-09-12 07:02:51,284 - placesLogger - DEBUG - a842daa5b5e38ae63ea8fdcb433c415095304236
2014-09-12 07:02:52,006 - placesLogger - DEBUG - {u'name': u'Mendaroko Ospitalea', u'reference': u'CoQBdgAAAHUrRnfPZsu6NluPR_pbufbkbFuPc7ixXyTsULJP5ZTlyAgVqXGXqPHRjTJ5jzJiPRTzbA_EhtG6nxU7SFw7sacR89RwbvmC2Hwh_8alBhdhvf5M7x_jWa1dbz63wX_A3R2O0uF3lp5SDqu0jPTPS8SKba_b5vIRFpFe_N0G08msEhD5hwyZ5FiFhD3Xq152J6WIGhRI9_paUsa1mIHMfSiyegVA4_HfqA', u'geometry': {u'location': {u'lat': 43.250855, u'lng': -2.385579}}, u'place_id': u'ChIJl27H78vWUQ0RKsxDA1EuEqw', u'vicinity': u'Spain', u'scope': u'GOOGLE', u'id': u'bffd809719e1b079b1404096fc51256f8398f464', u'types': [u'bus_station', u'transit_station', u'establishment'], u'icon': u'http://maps.gstatic.com/mapfiles/place_api/icons/generic_business-71.png'}
2014-09-12 07:02:52,120 - placesLogger - DEBUG - INSERTING
2014-09-12 07:02:52,120 - placesLogger - DEBUG - bffd809719e1b079b1404096fc51256f8398f464
2014-09-12 07:02:52,350 - placesLogger - DEBUG - {u'name': u'Axier S. L.', u'reference': u'CnRuAAAARdLIJoH0whud9tg4Hnwuf1TaXEt-hMCz6GdM8aCFLtoQ7A3D87UzUIWI5TNEXzWW1yls9LIwvJhMZCNBIRv9WKb2Yob131g7tkBW8JDqteM6y0IitmUmHT7gHjZgL6Eo99Wy99Mtubto5JKN-gJnaxIQYOK9z37qFnU3B6Z8Jkk6CxoUNRbyZsjbEoYs1Va8FnSpr4ObJMo', u'geometry': {u'location': {u'lat': 43.252706, u'lng': -2.384682}}, u'place_id': u'ChIJmetxQszWUQ0Rt8o5tEWiTdw', u'vicinity': u'Calle Garagarza, 0', u'scope': u'GOOGLE', u'id': u'4f42fe82b5701d9a40fba5019da7b0d2d0263e63', u'types': [u'establishment'], u'icon': u'http://maps.gstatic.com/mapfiles/place_api/icons/generic_business-71.png'}
2014-09-12 07:02:52,489 - placesLogger - DEBUG - INSERTING
2014-09-12 07:02:52,489 - placesLogger - DEBUG - 4f42fe82b5701d9a40fba5019da7b0d2d0263e63
2014-09-12 07:02:53,406 - placesLogger - DEBUG - {u'name': u'Reformas Asketa S L', u'reference': u'CoQBdQAAAFMsJyYfs6sIWeA0PBfMesY58a9uzDgx7mKP67JpJes79Z4AlT-tobNiSxtSmxX_YqLCAmEqecKD7N89czWf9lfKvKimiH8bdca4TvK6yK40U9MspHhZVx_b-HMhCY3yLOTwDHrIM2oHGNtY7DFcBwUqDLsNj_SAvLK_8iX6kb2fEhDJjQ6lPGvx2uyCsWwiAwtSGhRepVdKA58U9BKKzD9zFRW-C4fCHg', u'geometry': {u'location': {u'lat': 43.251364, u'lng': -2.386094}}, u'place_id': u'ChIJU1vi_svWUQ0RTcd-scYKMn8', u'vicinity': u'Andoneikua Hiribidea, 48', u'scope': u'GOOGLE', u'id': u'0ab2bd945d60bfcd91dde2b7bb059bec008fdb47', u'types': [u'establishment'], u'icon': u'http://maps.gstatic.com/mapfiles/place_api/icons/generic_business-71.png'}
2014-09-12 07:02:53,604 - placesLogger - DEBUG - INSERTING
2014-09-12 07:02:53,604 - placesLogger - DEBUG - 0ab2bd945d60bfcd91dde2b7bb059bec008fdb47
2014-09-12 07:02:54,138 - placesLogger - DEBUG - {u'name': u'Clic Idea Promocional S L', u'reference': u'CoQBfAAAAJSdrEuzqyV9jkE1MxYj482mJj3JxzNFDyFSEfnqpQ3r1aq86FeMlzg6iOmFmIMWgdx_Vs_SY3falnVUNiuV_aH7LGQm3kHjBf9pUkdtH5stKYwtXUhTRt46rvsWMJtmt6dir1BpfUJoQTcM0JCkkOU5TejJpNoL0ctQ4zOeQUGxEhBHnPrPzi7eiBax0GT-xw1eGhS8RaD5veT217OKc8oeOyZvGzJzzA', u'geometry': {u'location': {u'lat': 43.25128, u'lng': -2.386395}}, u'place_id': u'ChIJBdPAVcnWUQ0RCobZv1wLt5A', u'vicinity': u'Andoneikua Hiribidea, 42', u'scope': u'GOOGLE', u'id': u'1de98d52d0beb81a444e61163c815809ddd7a45e', u'types': [u'establishment'], u'icon': u'http://maps.gstatic.com/mapfiles/place_api/icons/generic_business-71.png'}
2014-09-12 07:02:54,253 - placesLogger - DEBUG - INSERTING
2014-09-12 07:02:54,253 - placesLogger - DEBUG - 1de98d52d0beb81a444e61163c815809ddd7a45e
2014-09-12 07:02:54,892 - placesLogger - DEBUG - {u'name': u'Biblioteca P\xfablica Municipal Mendaroko Udal Liburutegia', u'reference': u'CqQBnAAAAMyjaeH8EzlC-CYrvu-HRwM494WahGhIV7nBZdR8H0Vy9xDALaNNDHioYrOOucg7GNouKKwrx7pOoXRVKO-Gnzy-ctDcyRTW4HsaMWmdRXp3UUNBq3PrF3NVmu0ESlKoWnfJlPhCfXOSJ6bWsuPDMxcH-14yodbt0zbcmh6qV8tluZTTBdSgJ3gjcxSt5o52UPqVLjomV2tVfbFZ0yPO4MwSEENqQAX9-evsWNvsi0l6PMgaFK8wdzSeX8xV5FDBsLT-xJcqjA2g', u'geometry': {u'location': {u'lat': 43.252594, u'lng': -2.386061}}, u'place_id': u'ChIJOYUaH8zWUQ0RG3n-jZR4SY8', u'vicinity': u'Herriko Enparantza Plaza, 8', u'scope': u'GOOGLE', u'id': u'ea95f58ccfed09ff51c45054d1aa3ff8226afbc8', u'types': [u'establishment'], u'icon': u'http://maps.gstatic.com/mapfiles/place_api/icons/generic_business-71.png'}
2014-09-12 07:02:55,026 - placesLogger - DEBUG - INSERTING
2014-09-12 07:02:55,027 - placesLogger - DEBUG - ea95f58ccfed09ff51c45054d1aa3ff8226afbc8
2014-09-12 07:02:55,669 - placesLogger - DEBUG - {u'name': u'Euskaltel S A', u'reference': u'CnRwAAAAtlzIGZ59wqE6SbzEsZnF9rFnkNPN3vs1inaFl5iUvvyVqn4PB4QBVaRlXPlBtgcoemWfrhJMCAoS4Bpn8KC3Gqo2G17azGJfpxWoWjspUEgkGSeysNzIHAqSrW89_hJhdCL-1TNRxw9gNZtt0ExFOhIQK-kil77Iaxce8w7mE-088RoUelgV0lppIgYLUxxEdYp4TXmiUVE', u'geometry': {u'location': {u'lat': 43.252888, u'lng': -2.385818}}, u'place_id': u'ChIJl_kBI8zWUQ0RTUaCNwMamJU', u'vicinity': u'Herriko Enparantza Plaza, 2', u'scope': u'GOOGLE', u'id': u'd4b7dab69541f6a24c632a75d59908527169d48f', u'types': [u'establishment'], u'icon': u'http://maps.gstatic.com/mapfiles/place_api/icons/generic_business-71.png'}
2014-09-12 07:02:55,772 - placesLogger - DEBUG - INSERTING
2014-09-12 07:02:55,772 - placesLogger - DEBUG - d4b7dab69541f6a24c632a75d59908527169d48f
2014-09-12 07:02:56,488 - placesLogger - DEBUG - {u'name': u'Kontxi Urain Larra\xf1aga', u'reference': u'CoQBeQAAAO2fwKcltT8rkfZv72t7_JlcSBHtsWK8K_ZiCD5VwL1nGzXrqO01x5BWbE59Ab-tVw-boBRhObpR89fIf8ql6c8AwET7kyDxDnHocWEFgGflxhk2wKPC-KeF9lAE9U3LsDMGzu7OhtEjFO2sMWblDhFN2cORH9hYKCUPPWDlpQdLEhB-476m__cWcrYLhdOXl_1aGhTQ4-ciJm_1TCcha7HApbQE0imkwQ', u'geometry': {u'location': {u'lat': 43.252639, u'lng': -2.383332}}, u'place_id': u'ChIJt-4HjczWUQ0RJyzj39YqVk8', u'vicinity': u'Calle Garagarza, 17', u'scope': u'GOOGLE', u'id': u'2377e943086f579adc83a548133dd2ddbe1ab587', u'types': [u'establishment'], u'icon': u'http://maps.gstatic.com/mapfiles/place_api/icons/generic_business-71.png'}
2014-09-12 07:02:56,607 - placesLogger - DEBUG - INSERTING
2014-09-12 07:02:56,607 - placesLogger - DEBUG - 2377e943086f579adc83a548133dd2ddbe1ab587
2014-09-12 07:02:57,232 - placesLogger - DEBUG - {u'name': u'Ederki Salud Y Belleza', u'reference': u'CoQBeAAAAN8-Bxs3ARVd8wSXYC92oJRvwVWyAf0PnZXg_dtVj3ZZkn_oc-J0RntQBHRyfEzCbMilCUyklufd3dHdnb96sHGFZWKl-B-_KGyUWaFPI4DNczrPILo-ove-emwxkBzj2PZTlMLLm8JKWAru6iO4RBGL348hGTTpg21Cy_yNnUhdEhCUPye7lv5VDgTwe-19jFpdGhT9Byb7t_TT_QSUBdbjgihc0oHHuQ', u'geometry': {u'location': {u'lat': 43.252798, u'lng': -2.385902}}, u'place_id': u'ChIJB61rIszWUQ0RiieMmsVquEw', u'vicinity': u'Herriko Enparantza Plaza, 4', u'scope': u'GOOGLE', u'id': u'6bc59148166855fe13b30791a77dca0093749ca8', u'types': [u'establishment'], u'icon': u'http://maps.gstatic.com/mapfiles/place_api/icons/generic_business-71.png'}
2014-09-12 07:02:57,346 - placesLogger - DEBUG - INSERTING
2014-09-12 07:02:57,346 - placesLogger - DEBUG - 6bc59148166855fe13b30791a77dca0093749ca8
2014-09-12 07:02:58,202 - placesLogger - DEBUG - {u'name': u'Lagun Betikoak', u'reference': u'CnRwAAAAJf3Qe679xbcz5F41UmIbxj5VqkYw6NOFlTni36KZEMSydEP1f4LX6CfLE6iqh9a6ar0TR5r6uhKE9Kk9TIiDir0jnERF2WsPJ0r7QoDp_9tfa_w5fcomGYdRwNRgy1t7BgCGpsJocYBHhHTXf5_VxBIQfh8scwTRMJBB_3dhbXaCxxoUZQKX1LdYR8FkkYNC87YAsa8pmm4', u'geometry': {u'location': {u'lat': 43.252269, u'lng': -2.386461}}, u'place_id': u'ChIJeYb_ps7WUQ0RXxVsvcHsf1Y', u'vicinity': u'Herriko Enparantza Plaza, 16', u'scope': u'GOOGLE', u'id': u'fd1ec24aa72fc0c5ad5870a2eafba26ae791bce3', u'types': [u'establishment'], u'icon': u'http://maps.gstatic.com/mapfiles/place_api/icons/generic_business-71.png'}
2014-09-12 07:02:58,381 - placesLogger - DEBUG - INSERTING
2014-09-12 07:02:58,381 - placesLogger - DEBUG - fd1ec24aa72fc0c5ad5870a2eafba26ae791bce3
2014-09-12 07:02:59,061 - placesLogger - DEBUG - 43.24874,-2.36938
2014-09-12 07:02:59,260 - placesLogger - DEBUG -  #### FOUND 20 PLACES !! ####
2014-09-12 07:02:59,260 - placesLogger - DEBUG - {u'rating': 4.4, u'name': u'Landa Restaurante', u'reference': u'CoQBcwAAADmBh-KdWNWC8k1oIa-Fe3HHI4Tp1NBB7cj4mzFk99ZVGiJeRI_wjLKRi9eNTlp3MAgMo5VZuAx5_lSTW9VxHLIoMes1hmnaWnU9IVi2E8O8QJts-VUC_vqQAPSLjCAAXH06JuDqgiXlZhPE0oBgolBTl6Tlr_QaeSDkoIoeo7i_EhDfmFYIf3TkckEJIdX9i7RNGhQruESBQcftqDUJIXpfV8Ok2Ukaxw', u'geometry': {u'location': {u'lat': 43.251588, u'lng': -2.382964}}, u'place_id': u'ChIJLVX2YcvWUQ0RVBihNgRvhHY', u'vicinity': u'Calle Garagarza, 32, Garagartza', u'photos': [{u'photo_reference': u'CpQBgwAAADHzulBSBuyHNuepgfQZkVg0jmQEvjeKQUzCOz2BJzE6u_js-AczmGPbJAxxIsC24H-Wd4fvh0fWJfT7NsBdCBnqomAv7UqPxgeu80ApcQFmdgWrwwd06XlnVGHInhXTSekqLMutcwTvmbDEs1FNytitGZz1ByAC2L1cSosmR82TULtswl0z3Dp93bCJfykDoxIQ8uiMCMyLUSATxHIec2Sn0BoUGMhjlQxoCZE8AkwlSGD1rgt0cIU', u'width': 384, u'html_attributions': [u'From a Google User'], u'height': 512}], u'scope': u'GOOGLE', u'id': u'71b5f52cd3e0159c9408123b532da163228e77e4', u'types': [u'restaurant', u'food', u'establishment'], u'icon': u'http://maps.gstatic.com/mapfiles/place_api/icons/restaurant-71.png'}
2014-09-12 07:02:59,411 - placesLogger - DEBUG - UPDATING
2014-09-12 07:02:59,412 - placesLogger - DEBUG - 71b5f52cd3e0159c9408123b532da163228e77e4
2014-09-12 07:03:00,717 - placesLogger - DEBUG - {u'name': u'Hospital de Mendaro', u'reference': u'CoQBdQAAAC1z7uakliAWayUGedh-2gaYM-uCe_KsDV1LH20eyUp-m9AfUFE2EUM7n0EkSPCrNtt3aCLUFVQXNMS9tlH1osON1oalF4w_1nmUKdx-CWZCMFpxvDRYsZt_vcpo8s8aK-BUIW4YQMj9FdWyJ_aEVfrv83B5xFwCDNw3VLxaS2dAEhDNxgTlC6V-j1xt8cMnC7ZdGhQk1saeopMrbr4l5VW6KCiLmpLDhQ', u'geometry': {u'location': {u'lat': 43.250251, u'lng': -2.385348}}, u'place_id': u'ChIJa-zCKcnWUQ0RF-1TMmsfxi0', u'vicinity': u'Mendarozabal Kalea, s/n', u'scope': u'GOOGLE', u'id': u'20b246bf175919eb5328a7015b8bcd0793611344', u'types': [u'hospital', u'establishment'], u'icon': u'http://maps.gstatic.com/mapfiles/place_api/icons/generic_business-71.png'}
2014-09-12 07:03:00,870 - placesLogger - DEBUG - UPDATING
2014-09-12 07:03:00,870 - placesLogger - DEBUG - 20b246bf175919eb5328a7015b8bcd0793611344
2014-09-12 07:03:01,915 - placesLogger - DEBUG - {u'name': u'Aneikutz Musika Eskola', u'reference': u'CoQBeAAAAEBsMD83iqVQ2R_r26UMwYeFUTxrG7yQDvOgCwFhjk90-ZPAKnmWBJ9vqzPcZqKQm267hIOKCnBoNLNpQ6PXgWovobQJWwyQ8OqOMUDxsDfHnALpHz1HGZOuEVyF8Pko8-VdI-tc29SqKRMnVK4ryxIr1GUsSYPGgWOkAbnBPRFAEhDnVQpNxegjmENHTEpdiKbHGhTDypa391EuC7IOt5JSUMUqhDtP7w', u'geometry': {u'location': {u'lat': 43.251896, u'lng': -2.382716}}, u'place_id': u'ChIJrYPlXMvWUQ0ROFObcbtKEHA', u'vicinity': u'Calle Garagarza, 23, Garagartza', u'scope': u'GOOGLE', u'id': u'4af03664ef7b9af48b3c2f8a280f57720cb3592d', u'types': [u'establishment'], u'icon': u'http://maps.gstatic.com/mapfiles/place_api/icons/generic_business-71.png'}
2014-09-12 07:03:02,071 - placesLogger - DEBUG - UPDATING
2014-09-12 07:03:02,071 - placesLogger - DEBUG - 4af03664ef7b9af48b3c2f8a280f57720cb3592d
2014-09-12 07:03:03,015 - placesLogger - DEBUG - {u'name': u'Projekta Contract SCP', u'reference': u'CoQBeAAAAKyoYRU5vAoYZAj7QdvtChjexeR04fbjx2OROrdZRnhFnrguiF3ysTUB3hSRvI_3allCk2VzQaO9hrxHtMyHCyMvBdcX7t6lbw5kyNVxKMpOUlvu71IiBMdDQtgJEvjX0b3bZzVvxV2oQVQEzcweqwfCVuMXnCxd6fkVAAnT1IFuEhDUQVB2uPbPA4PXxokVesO3GhQtB3eddn_121fvFez7W60NN37VTg', u'geometry': {u'location': {u'lat': 43.252103, u'lng': -2.383131}}, u'opening_hours': {u'open_now': True}, u'place_id': u'ChIJF_PqmszWUQ0RgcrnnUcsY-g', u'vicinity': u'Calle Garagarza, 22', u'photos': [{u'photo_reference': u'CnRmAAAAz_hd_77ibOgVZiIJCjYmEeQK_6NBZIz2oepX18o7Cr0LtjyDfxikbOKYp4QhNyNVVwvVXXh3urao2zOIZKk3OlVx3KN1RX5ijM-wsRfo6AP5KgNKirEtgaZTBGKk1FZ8GOu0QcYOSC6g0FrN_WNiXBIQcD-0ztXjdUdnFcku0K1SShoUBwRbvGYdsD8jEKDIXSEVzKelCtE', u'width': 200, u'html_attributions': [], u'height': 99}], u'scope': u'GOOGLE', u'id': u'cca5edef66cd4e0ad5aebdb5d72db9a320c8d578', u'types': [u'establishment'], u'icon': u'http://maps.gstatic.com/mapfiles/place_api/icons/generic_business-71.png'}
2014-09-12 07:03:03,196 - placesLogger - DEBUG - UPDATING
2014-09-12 07:03:03,197 - placesLogger - DEBUG - cca5edef66cd4e0ad5aebdb5d72db9a320c8d578
2014-09-12 07:03:03,956 - placesLogger - DEBUG - {u'name': u'KZgunea Mendaro', u'reference': u'CoQBcgAAAM07MY_v8QNwE262RLrKjbvTatQEbNa13oOV600F6eSntJwFbWTIuchY5YFf4awe0wl_z-GocrvX2wTN_olUgvhawagLhdsnjboEAa7LOUhLsZAv5bPU0OYLVHSPGGN9hlneo0l1bwJoKZcRVeQevx-IYTrX6cQ-gvjrreIy8jeAEhDmbHjTMYX34l7LID2mysM6GhRHnoT8dVmmLh-TE66aou-DcP1Msg', u'geometry': {u'location': {u'lat': 43.252436, u'lng': -2.385642}}, u'place_id': u'ChIJkZPJEMzWUQ0RO2NC_7vf2do', u'vicinity': u'Herriko Enparantza Plaza, 1', u'scope': u'GOOGLE', u'id': u'0f9e203e8a52e0adb1138ac872a842a7a0e64d4e', u'types': [u'establishment'], u'icon': u'http://maps.gstatic.com/mapfiles/place_api/icons/generic_business-71.png'}
2014-09-12 07:03:04,094 - placesLogger - DEBUG - UPDATING
2014-09-12 07:03:04,094 - placesLogger - DEBUG - 0f9e203e8a52e0adb1138ac872a842a7a0e64d4e
2014-09-12 07:03:04,692 - placesLogger - DEBUG - {u'name': u'Kutxabank S.A.', u'reference': u'CoQBcQAAAKW18UYsLFoERLEdBJKSgBKwET6QSPfbSO_oWgbq9e7WhnRFRwFXEdOiAn9oBa0T5LDNj0AoEoF9Eo7RC2oyzllcIYglHVLOtQ2uGv5b9OB9X10Pyo__R2_y4x8W2DMm6WR_DWEUqc0URieb0V7ocCzfKdCdFWor3k_t5xYDwtCiEhAeG52dyv9SFsUs6-I-wr1UGhTBj5oEKo93cyuDGGEE28R_fPAaxw', u'geometry': {u'location': {u'lat': 43.25287, u'lng': -2.385786}}, u'place_id': u'ChIJl_kBI8zWUQ0Rxm5MJ2eLRuc', u'vicinity': u'Herriko Enparantza Plaza, 2', u'scope': u'GOOGLE', u'id': u'1e2590a8beea7c408f9b13f30b1005c282e91c5e', u'types': [u'bank', u'finance', u'establishment'], u'icon': u'http://maps.gstatic.com/mapfiles/place_api/icons/generic_business-71.png'}
2014-09-12 07:03:04,804 - placesLogger - DEBUG - UPDATING
2014-09-12 07:03:04,804 - placesLogger - DEBUG - 1e2590a8beea7c408f9b13f30b1005c282e91c5e
2014-09-12 07:03:05,680 - placesLogger - DEBUG - {u'name': u'Hospital Komarcala', u'reference': u'CoQBdQAAANOgB85eHVE7aCI1IZd8pr6TPya7qS4UEt-EOAMUTcB35Pj0Rovr-7DtZgU46oK3ynFsb3zh0MC1CDJcUb7vIsvB8JYCZt-G_u-Y9wQUQ7tgHSC9_oZN_jXp4rmny2pP1sB5xqVEY-stiaP2x_332-D6wYQKAH9H9_WAl06xgb35EhCa8L4p3YysNUbKJb-u2MmKGhSxfq-70YxcXV6dqLhrXt8X0ZRWfA', u'geometry': {u'location': {u'lat': 43.250166, u'lng': -2.385827}}, u'place_id': u'ChIJeSjXxsvWUQ0Rdf6vPnzvt_s', u'vicinity': u'Spain', u'scope': u'GOOGLE', u'id': u'1eb5aed5a909199e84b7273b9b037ff5d90b1348', u'types': [u'hospital', u'establishment'], u'icon': u'http://maps.gstatic.com/mapfiles/place_api/icons/generic_business-71.png'}
2014-09-12 07:03:05,787 - placesLogger - DEBUG - UPDATING
2014-09-12 07:03:05,787 - placesLogger - DEBUG - 1eb5aed5a909199e84b7273b9b037ff5d90b1348
2014-09-12 07:03:06,553 - placesLogger - DEBUG - {u'name': u'Excavaciones Bergaretxe, S. L.', u'reference': u'CoQBgAAAAI5dP2dzId859MlaIpaYhLO3FJeYtl2YCmKUL4wvqYPqals3VcVBJLdpAn-Gz5qgyc3uQLLTsTUQ_Cj2X6kllhdtPoHhOGLft-uD_CSLLtmz8V-RGtWnamIK9U3nX_aPftzJrAmUkmCW2AM0g-3X7KbO7kyV2ySuVe3DFeD5tgXAEhBYzkBI0iMS7axZLO44HbWwGhTSRpDc_DjJfzPgFb4ZaW2QyiG9Ug', u'geometry': {u'location': {u'lat': 43.252133, u'lng': -2.382919}}, u'place_id': u'ChIJh2jEXcvWUQ0Rbk6kbEIF508', u'vicinity': u'Calle Garagarza, 21, Garagartza', u'scope': u'GOOGLE', u'id': u'd42e6d1bb893f044440adf395f12adc735dffdce', u'types': [u'establishment'], u'icon': u'http://maps.gstatic.com/mapfiles/place_api/icons/generic_business-71.png'}
2014-09-12 07:03:06,667 - placesLogger - DEBUG - UPDATING
2014-09-12 07:03:06,667 - placesLogger - DEBUG - d42e6d1bb893f044440adf395f12adc735dffdce
2014-09-12 07:03:07,434 - placesLogger - DEBUG - {u'name': u'Ayuntamiento de Mendaro Centralita', u'reference': u'CpQBhAAAAOplji-elFgJgsT4NEYnzpq2v3ixhq-it9eAVg3Gy3pRa7A_8sz-fjX5qYLX6CZJrvsIu04ECSjea2B0ORp4qnzKK87jy7QtmXBmebeNZOMdYIKW_y8ag2PLLbVnYIoXPRm-hIqllfw9SSBvY6-Z459KL-Gu33zIWaLqgSw90WgXhag6VfMoXyT16ZljIm82TRIQBtGL-6VXev8_FeMAVvUwgBoU1oqvd1boBjWkfli4GShj0Nzpqg4', u'geometry': {u'location': {u'lat': 43.252835, u'lng': -2.385536}}, u'place_id': u'ChIJb5qoPczWUQ0R7IUva62Woh4', u'vicinity': u'Herriko Enparantza Plaza, 1', u'scope': u'GOOGLE', u'id': u'42991972167c9707a06c293801657023c6f9b086', u'types': [u'establishment'], u'icon': u'http://maps.gstatic.com/mapfiles/place_api/icons/generic_business-71.png'}
2014-09-12 07:03:07,561 - placesLogger - DEBUG - UPDATING
2014-09-12 07:03:07,561 - placesLogger - DEBUG - 42991972167c9707a06c293801657023c6f9b086
2014-09-12 07:03:08,186 - placesLogger - DEBUG - {u'name': u'Consultorio Local Mendaro', u'reference': u'CoQBfAAAAK33iYcRhvbWqAx22gLX6sp0wZDfr2_a9Cik6QQH9cDxKPJWGRvjxsmPOSW9MeesVAiDiEi0OTj773-MrO3VgpSyFvtAHvx5SFr7bErp28yo_DRa7Mj-4UUYtMMOKYXHkIJ9OJX82cmMDeGHv8fFZsIvPGKKQhgPbpTiDQ1zRiW_EhACr1picR6yNi5ZsovXX4QnGhSN3IqZa2SMqRkcNZCxwEltCOeygg', u'geometry': {u'location': {u'lat': 43.251413, u'lng': -2.383496}}, u'place_id': u'ChIJcxXIe8zWUQ0Rnti6mIpg2PI', u'vicinity': u'Av de Kilimon, 27, Garagartza', u'scope': u'GOOGLE', u'id': u'f90d5ac6f75261b7092235fce22d2a4ff9bca095', u'types': [u'establishment'], u'icon': u'http://maps.gstatic.com/mapfiles/place_api/icons/generic_business-71.png'}
2014-09-12 07:03:08,279 - placesLogger - DEBUG - UPDATING
2014-09-12 07:03:08,279 - placesLogger - DEBUG - f90d5ac6f75261b7092235fce22d2a4ff9bca095
2014-09-12 07:03:08,935 - placesLogger - DEBUG - {u'name': u'Escuela Privada de M\xfasica Ameikutz', u'reference': u'CpQBhQAAAFrJU5zEcEkgWpwkvA2bKbh6czCJNBSWNbJ4grEsBVS7N1HCm_gCSNZQevsSIfdAjBDRrt2mt9J9BwyvnL5kmC8qEPgRQhuqfbUJOfq4l39Zrzf03XRN1XAlh8UEE5hdqcUjezPebRZ6AH4sNNmf69AzMvWCtf6Go2rCmHQN0texg3jIJR3IL-DmqZVavWBlmhIQeJuwfHPEkDCwnr73I4TNZxoUl-FLAlBzozYEEERYppqijsPRdVY', u'geometry': {u'location': {u'lat': 43.252706, u'lng': -2.384682}}, u'place_id': u'ChIJZTOIZ8zWUQ0RjNe2sbNNhCY', u'vicinity': u'Calle Garagarza, 0, Garagartza', u'scope': u'GOOGLE', u'id': u'53da43b984ad3d9c1e9884931feb702645219c2f', u'types': [u'establishment'], u'icon': u'http://maps.gstatic.com/mapfiles/place_api/icons/generic_business-71.png'}
2014-09-12 07:03:09,031 - placesLogger - DEBUG - UPDATING
2014-09-12 07:03:09,031 - placesLogger - DEBUG - 53da43b984ad3d9c1e9884931feb702645219c2f
2014-09-12 07:03:09,657 - placesLogger - DEBUG - {u'name': u'Artfruit C.B.', u'reference': u'CnRwAAAALDiaP4cRgWZrxWl1X1LUf1Uox_96GDtkmGB6U3bYZMnNIMUKw9JvXXrjd9SgbBhtgbRJfa_yMTMSwYo5G1ECYRuPi0pZSW5yetwTl1RofokXFMheI2oSsz9OPps2mKCoa51XQRC-JdPwzg68MHlnZxIQTNPgRU3kGY7EC7RsOrdUdBoUCslVxZj2Tg_94C88jAVMFIPGAmc', u'geometry': {u'location': {u'lat': 43.253221, u'lng': -2.386094}}, u'place_id': u'ChIJy3LzFszWUQ0R41ZWfGy_284', u'vicinity': u'Plaza Herriko, Garagartza', u'scope': u'GOOGLE', u'id': u'80e63d47b9741a9f84304582b346277bd3c78ec8', u'types': [u'food', u'store', u'establishment'], u'icon': u'http://maps.gstatic.com/mapfiles/place_api/icons/generic_business-71.png'}
2014-09-12 07:03:09,837 - placesLogger - DEBUG - UPDATING
2014-09-12 07:03:09,837 - placesLogger - DEBUG - 80e63d47b9741a9f84304582b346277bd3c78ec8
2014-09-12 07:03:10,915 - placesLogger - DEBUG - {u'name': u'Farmacia Fern\xe1ndez Sevillano', u'reference': u'CoQBfwAAACf45RPnPRli4PGZMTY9DQKO-HjVFGDP4HNN9HfIqOLi2dWN6DNHjezPHk-jPbEKLpZLmFyK14EJhf0IaWIAcwUGJpvswofKxF81mTthgu2jJbi8cO7ELgQrLm8VCxwohjYoN5HS4Oi9o0ZBAB3W_UYFdNWZmk5HHIDTBKg4enDQEhBVxPmGvpyzLU1sLXLd14PIGhQX2sg2QQUteDgtAZ9PwJLU1S-tKg', u'geometry': {u'location': {u'lat': 43.25251, u'lng': -2.38604}}, u'place_id': u'ChIJcSGRHszWUQ0Rcv8wk4AMtjw', u'vicinity': u'Plaza Herriko, 4 Garagarza', u'scope': u'GOOGLE', u'id': u'a8b3a6dad6cf4e973416e6d32ef009f2f8a3bee6', u'types': [u'pharmacy', u'store', u'health', u'establishment'], u'icon': u'http://maps.gstatic.com/mapfiles/place_api/icons/generic_business-71.png'}
2014-09-12 07:03:11,051 - placesLogger - DEBUG - UPDATING
2014-09-12 07:03:11,051 - placesLogger - DEBUG - a8b3a6dad6cf4e973416e6d32ef009f2f8a3bee6
2014-09-12 07:03:12,052 - placesLogger - DEBUG - {u'name': u'Casa Rural Atxuri', u'reference': u'CoQBdAAAAIJSYojRObND9jYGpACwGyrJrzk7Di_2V87mVeGjkwSXVgEsJWF4aXlSUE2yir8LNHfhLvoVo2uJRHapt7HS_gnP3Ocq8ckTaZsFA611NPfV_NTeC93Dk_RfUe3eOt53aBNCJjCCjTlYD8JaMm7if935N_I0ULbAlLrCjUvahKXEEhBCAjEfv3zf1fRpJNfblnddGhT1FEGnJylGGbCIb_Bu3ii487KaUQ', u'geometry': {u'location': {u'lat': 43.252701, u'lng': -2.384683}}, u'place_id': u'ChIJD1hxQszWUQ0RCe9f6-9vTcY', u'vicinity': u'Calle Garagarza, 0', u'scope': u'GOOGLE', u'id': u'b2ef5d9d9d5d1ac1eea748707987af3756f85752', u'types': [u'establishment'], u'icon': u'http://maps.gstatic.com/mapfiles/place_api/icons/generic_business-71.png'}
2014-09-12 07:03:12,256 - placesLogger - DEBUG - UPDATING
2014-09-12 07:03:12,256 - placesLogger - DEBUG - b2ef5d9d9d5d1ac1eea748707987af3756f85752
2014-09-12 07:03:13,177 - placesLogger - DEBUG - {u'name': u'Escuela de Educaci\xf3n Infantil Mendaroko Haurreskola', u'reference': u'CqQBmAAAAEk1OObGFgQ8qX73jhHKkwXqBqOQaOBbvPvTA3EHSN-uZg5UhHdyisA0NspPSIg1hi1ENvgYQ9qvMxQawL_fpVaXea8Ff5KFSTW5pLxTVQ494pzCQhWbBUcVhqKjZWXYK1VUjkrLZYBHA0jHmvcmNl8ytmAA0VtzLWyktdylZipvRiOMzbiqED_WypPE2uX9Yra-DDOyp8sCrtmaK-ro1YkSEMJKJADOWK1VX2OBmHu4vYoaFCRXP5wZKScrghtnQNtvVkxKG9FX', u'geometry': {u'location': {u'lat': 43.253169, u'lng': -2.385383}}, u'place_id': u'ChIJwzBhJczWUQ0Ry1uA8Puj98k', u'vicinity': u'Calle Garagarza, 5, Garagartza', u'scope': u'GOOGLE', u'id': u'5220cb8364f9f5c549ba4cb9c79b78e820b12002', u'types': [u'establishment'], u'icon': u'http://maps.gstatic.com/mapfiles/place_api/icons/generic_business-71.png'}
2014-09-12 07:03:13,371 - placesLogger - DEBUG - UPDATING
2014-09-12 07:03:13,371 - placesLogger - DEBUG - 5220cb8364f9f5c549ba4cb9c79b78e820b12002
2014-09-12 07:03:13,979 - placesLogger - DEBUG - {u'name': u'Mauricio Mayora Arratibel', u'reference': u'CoQBfAAAAGQa4V81XFEJwWS35u2xuTmRlffXl5nTqJbWFFh2atnOwtk13NtNnmKRJRWnQJ0BpopWgoPsCx_toXfchlaME2j013rAC9yWzkQg75QmVY7hjuXrsLAoQ4blGLckY-yu_MzYExqM2AqoxZANqfv66SWO-8zHDiuPs_v9wc7RuynyEhCe3WEP4HpBLXuM35RG8n9jGhRI4c4rp6Due2ZaE_79IaDfO6mpVQ', u'geometry': {u'location': {u'lat': 43.252195, u'lng': -2.383553}}, u'place_id': u'ChIJ1alQiMzWUQ0R51zWYZ-w6ck', u'vicinity': u'Calle de la Trinidad, Garagartza', u'scope': u'GOOGLE', u'id': u'1c1096e91a9b5d72ca0ada57d4603b39c9d07a44', u'types': [u'food', u'store', u'establishment'], u'icon': u'http://maps.gstatic.com/mapfiles/place_api/icons/generic_business-71.png'}
2014-09-12 07:03:14,096 - placesLogger - DEBUG - UPDATING
2014-09-12 07:03:14,096 - placesLogger - DEBUG - 1c1096e91a9b5d72ca0ada57d4603b39c9d07a44
2014-09-12 07:03:14,750 - placesLogger - DEBUG - {u'name': u'Antonio Mar\xeda Albizu Iriondo', u'reference': u'CoQBgAAAAOCRWIuZdU3AVImYs7JvCeI7rKkn1BI4VKByooCJ6RzHlpn7-b_cQMNLi4EkV8XIDWbufWnrIWlf-wqenFundvCDXF5xXjwpI4Qt01hciqHmwv_Nmm8J4URdxgN8ZaltdMWc-louXvO0n8nll8gUDqdjFiUgM8ByrQHqaBtl-DP-EhD3f1K4ASiZfMA3z2RNLH_GGhQupRDYWq_7DC1a1kgrX_92DKQ7uw', u'geometry': {u'location': {u'lat': 43.251899, u'lng': -2.382895}}, u'place_id': u'ChIJcYHlXMvWUQ0RGrr70rteSbA', u'vicinity': u'Calle Garagarza, 23, Garagartza', u'scope': u'GOOGLE', u'id': u'aea8344d334c45fe78626e0db85af578964b8c4c', u'types': [u'food', u'store', u'establishment'], u'icon': u'http://maps.gstatic.com/mapfiles/place_api/icons/generic_business-71.png'}
2014-09-12 07:03:14,886 - placesLogger - DEBUG - UPDATING
2014-09-12 07:03:14,887 - placesLogger - DEBUG - aea8344d334c45fe78626e0db85af578964b8c4c
2014-09-12 07:03:15,610 - placesLogger - DEBUG - {u'name': u'Ermita de San Antonio', u'reference': u'CoQBdwAAANEj7uMf6UQoRNxy8NOcgv83EeJvx7VnMQXcJwKnA677S-ZuUASJ3HPeZEfZpaA3ENhuL8wvIHAeBqcR4orMsPzo5n5f3UgblI8ehaJ05-8Zr8mGJaNcoxGRXsLsDiY3BI_aKqIsmgJ25jjanG92Dot8k22Czkuh_b2XgOJzI45AEhC1fADxPhXFqm4-5y6G0ApEGhRhjQaxn5cJ0fUNw3Yf5HBigszhFA', u'geometry': {u'location': {u'lat': 43.254088, u'lng': -2.385854}}, u'place_id': u'ChIJ58UA083WUQ0Rjm28MVqbFSE', u'vicinity': u'Spain', u'scope': u'GOOGLE', u'id': u'52fa010810f2d894e11711e7669a3e372a276457', u'types': [u'church', u'place_of_worship', u'establishment'], u'icon': u'http://maps.gstatic.com/mapfiles/place_api/icons/worship_general-71.png'}
2014-09-12 07:03:15,726 - placesLogger - DEBUG - UPDATING
2014-09-12 07:03:15,727 - placesLogger - DEBUG - 52fa010810f2d894e11711e7669a3e372a276457
