2014-09-12 07:02:28,455 - placesLogger - DEBUG - 43.01543,-2.29868
2014-09-12 07:02:28,565 - placesLogger - DEBUG -  #### FOUND 2 PLACES !! ####
2014-09-12 07:02:28,565 - placesLogger - DEBUG - {u'name': u'Centro de Interpretaci\xf3n de las minas de Aizpea: Aizpitta', u'reference': u'CqQBnQAAAOyaZU-xK3l9awLgndgGnn9ASsIvuCFXUV4_kZWys-G1g8wM9CUyO-cQ8ZEqxA7rIzRBVk91fV2APwJb44jd1powjASbwszXToQpSEHy0CQ-a37NU9EOMbAQNDnarcwxv9oNH5LdDs0DkI4ENofr2_79A8WNTx4dDUV-L5CwV2BBiL10geUYmtgNPV95eRmEtlOf9QuzD7Q1HiseRIQDf9cSEC2TmnC_lcceieI_sK_KtOoaFFucNqdNKN-H3Ol926NSUwlf7-2a', u'geometry': {u'location': {u'lat': 43.016821, u'lng': -2.301706}}, u'opening_hours': {u'open_now': False}, u'place_id': u'ChIJU_SCESAwUA0RJz0AYNfPrlE', u'vicinity': u'Aizpea Auzoa, Zerain', u'photos': [{u'photo_reference': u'CnRnAAAAeYvhVnMGQ4bJJaKOgSKI_xNNHndMqi-UM4ShAMBoDI86UttefynJ-wez_ZJ-J0UdZ9bnV4T7iAKm1l_7yo_u_dukjsuNIuxTevEJnOMBDUSR76MkmTIyjiSHUOeDNmWAnEYRmZbaFbga0r9P2bjEexIQGP4oV7wm7kkfoXk9HG_7QxoU4YZNWZfrMAB2iBblhMsUgqolhfU', u'width': 2048, u'html_attributions': [], u'height': 1536}], u'scope': u'GOOGLE', u'id': u'f946dcbe4faddb0ebcfdf4b180d8d667cb5b9a42', u'types': [u'establishment'], u'icon': u'http://maps.gstatic.com/mapfiles/place_api/icons/generic_business-71.png'}
2014-09-12 07:02:28,707 - placesLogger - DEBUG - INSERTING
2014-09-12 07:02:28,707 - placesLogger - DEBUG - f946dcbe4faddb0ebcfdf4b180d8d667cb5b9a42
2014-09-12 07:02:29,600 - placesLogger - DEBUG - {u'name': u'Casa Rural Tellerine', u'reference': u'CoQBdwAAADf7MCYYEKKp-bUv_hcin0ua9i_cWrOa1pDELdijEOZAzC-qxLvG8NU-e07ZEE8f0djrhrMO2QPPWBHg4NC6F80qFN100mQ-Ek0AiaTiO1GshVs50OMYkenhWLhWtVst0V3u3NNR-efFtt12fQ8UCs3vJ4LKHtSsGOlB-GwZHeHoEhD1vQDe0g-suuekgYePU_z2GhT1YPVlIXfWJgqIA-muuVij20ylYA', u'geometry': {u'location': {u'lat': 43.020306, u'lng': -2.298889}}, u'place_id': u'ChIJSwHLIGYwUA0RvClu7JeD0L0', u'vicinity': u'Lugar Barrio Aizpea, 0, Zerain', u'scope': u'GOOGLE', u'id': u'c5859d52685d98a960d0acaf1a7846fbb4b9037d', u'types': [u'establishment'], u'icon': u'http://maps.gstatic.com/mapfiles/place_api/icons/generic_business-71.png'}
2014-09-12 07:02:29,785 - placesLogger - DEBUG - INSERTING
2014-09-12 07:02:29,785 - placesLogger - DEBUG - c5859d52685d98a960d0acaf1a7846fbb4b9037d
2014-09-12 07:02:30,362 - placesLogger - DEBUG - 43.0225,-2.29868
2014-09-12 07:02:30,441 - placesLogger - DEBUG -  #### FOUND 5 PLACES !! ####
2014-09-12 07:02:30,441 - placesLogger - DEBUG - {u'name': u'Orue Landetxea', u'reference': u'CoQBcQAAAC0OiApFq4pnhEZ2PPJCJyY5tE6Q1-3oJBZSjCydErWUi1FousOFGNrIoSvjOdEnDGOr9QSzVWpTR8oxcsRoMHvZHv1bJwFF8DDQ-Cm_iG6cl6HHtNa2Q_upRMzYVyLqZ_cd9Dz-p4Ct3tyimXAtxwd35hxXx75u4BlshvN3t_GLEhAmmTAWF10ab9KCli9EcqDiGhRGIRKrLuWfY-IgU_VkrixpuBpg8Q', u'geometry': {u'location': {u'lat': 43.030375, u'lng': -2.294179}}, u'place_id': u'ChIJTcuRdi4wUA0RkH_Bx_9IdIQ', u'vicinity': u'Barrio Ergoena, 28, Mutiloa', u'photos': [{u'photo_reference': u'CnRnAAAAfJLBAwnsi5_Pe5-UIffACj9WaMk6YhmPxeVyCS1T2YOJef_RoSVNRyGfpSvdpS0E8pgM8hjeubGXb5yfG2Ew5yRNbt37jL1OJbntrdV3nGAhOM91EfHXcNveCplk3Ncmy9f0BDtfzUc7xg2yY-ph1xIQb7hcjvzJTG2dzn0GgP5woRoUtUee4qXFS8PqfcBJqCZnR_gWeJI', u'width': 512, u'html_attributions': [], u'height': 341}], u'scope': u'GOOGLE', u'id': u'6fdcede714509ff4d5bc86eb6d9d9ee42d4dc3d2', u'types': [u'restaurant', u'lodging', u'food', u'establishment'], u'icon': u'http://maps.gstatic.com/mapfiles/place_api/icons/restaurant-71.png'}
2014-09-12 07:02:30,576 - placesLogger - DEBUG - INSERTING
2014-09-12 07:02:30,576 - placesLogger - DEBUG - 6fdcede714509ff4d5bc86eb6d9d9ee42d4dc3d2
2014-09-12 07:02:31,671 - placesLogger - DEBUG - {u'name': u'Centro de Interpretaci\xf3n de las minas de Aizpea: Aizpitta', u'reference': u'CqQBnQAAADu1Itt0HuQ9NEd6jXQitGsMmxuHAqVhPwSW7MLeydSg4Yf1uJjiD0TEb_gCT7rgQ_VVnlHhJmpM0MkIDm6Lox1ZDCGVz5JqUFtfkZIDMST7b0kv2epjn6n6sM4eKs9St-yeSMQ0FtTUmlKCvuUj2wDCEaYqvqBC-kTZOCH58R1Z0MiBHto-jmzHxU0zszF5xls8T_jEWWUVYoKXgpXZYvUSEOZqZYITx7vD8z0YyfJAhzsaFBRnxxYtsPwb61bBck_paYTfoh53', u'geometry': {u'location': {u'lat': 43.016821, u'lng': -2.301706}}, u'opening_hours': {u'open_now': False}, u'place_id': u'ChIJU_SCESAwUA0RJz0AYNfPrlE', u'vicinity': u'Aizpea Auzoa, Zerain', u'photos': [{u'photo_reference': u'CnRnAAAAApqAsO2Mae32jbLh0as0urDXS1ueYYNJZ8DFJ0haD69Q1kxGODIrvLFiFMdNGGwE2bHwRRZERJI5e6lsUrqChgdSGYGzpCW5aXTYSK_4tj1hU3jBM3MLUhfXQ8LORuJwzV28kA9fEDaEW4r--6Z6YBIQFLWwVhp4Z4ACDqgXMfQ86BoUWQAxBxvQ5UDbPuQREh0KBFbmu78', u'width': 2048, u'html_attributions': [], u'height': 1536}], u'scope': u'GOOGLE', u'id': u'f946dcbe4faddb0ebcfdf4b180d8d667cb5b9a42', u'types': [u'establishment'], u'icon': u'http://maps.gstatic.com/mapfiles/place_api/icons/generic_business-71.png'}
2014-09-12 07:02:31,751 - placesLogger - DEBUG - UPDATING
2014-09-12 07:02:31,751 - placesLogger - DEBUG - f946dcbe4faddb0ebcfdf4b180d8d667cb5b9a42
2014-09-12 07:02:32,674 - placesLogger - DEBUG - {u'name': u'Restaurante Aztiria', u'reference': u'CoQBdgAAAHrU09b63EiSo910Zy-HpM2NTgzTicfeLCEcCPabHL9LpFfV4TITAHHssPauGFE72CQzAJiTNoVrtssao1EQEi9RmlxPD4DeLtKYlkGLvoeiP6yMwRH6fnnjxvV3e4VQGCT2kRXQf5_is3lNyx2HzV1_dw7oZclwPKmUSdmh-0FLEhBGnW1AztH5t2l-PeBYwfdeGhTPajOl8-_qfHTcqXAWj0sOaZvz0w', u'geometry': {u'location': {u'lat': 43.033487, u'lng': -2.311186}}, u'opening_hours': {u'open_now': False}, u'place_id': u'ChIJ4YNloy0uUA0RGJX3MzLDz7E', u'vicinity': u'Calle Aztiria Auzoa, s/n, Aztiria', u'scope': u'GOOGLE', u'id': u'08973661c693d68b73a01e521050429936768c32', u'types': [u'restaurant', u'food', u'establishment'], u'icon': u'http://maps.gstatic.com/mapfiles/place_api/icons/restaurant-71.png'}
2014-09-12 07:02:32,828 - placesLogger - DEBUG - INSERTING
2014-09-12 07:02:32,828 - placesLogger - DEBUG - 08973661c693d68b73a01e521050429936768c32
2014-09-12 07:02:35,357 - placesLogger - DEBUG - {u'name': u'Santa Marina', u'reference': u'CnRvAAAAnbgY60hA4TM35o-3YJQYcCQWjpcv5EtE2qHSe2R-0Ul_coyh8qZUvVMK8FlS5Z0e-E4QfaAbJ9Bq5fAINXRJA-_N9CMOT2ixITKmko87G282aVxKr3sjmQWY1zLI2GuwTdZ9EgNQiN20FfP4RCzGBRIQwlFxy6TJ4tn2FYF6wlUkrBoUeHw5N6bK3ISSpiqKjrlWEAwdvic', u'geometry': {u'location': {u'lat': 43.033477, u'lng': -2.310491}}, u'place_id': u'ChIJM5Bl79IvUA0RRTTevg0tjKA', u'vicinity': u'Spain', u'scope': u'GOOGLE', u'id': u'576d13dbe97cc8bac48b413b166a8bab9de40575', u'types': [u'church', u'place_of_worship', u'establishment'], u'icon': u'http://maps.gstatic.com/mapfiles/place_api/icons/worship_general-71.png'}
2014-09-12 07:02:35,458 - placesLogger - DEBUG - INSERTING
2014-09-12 07:02:35,459 - placesLogger - DEBUG - 576d13dbe97cc8bac48b413b166a8bab9de40575
2014-09-12 07:02:36,599 - placesLogger - DEBUG - {u'name': u'Casa Rural Tellerine', u'reference': u'CoQBdwAAAEBO9dNLYHitzfmOdTpdLzYujX0G0Dtx22mpjv3Dedw7ehPCtF9D2uRpjaZ2MEWBMsckV_HbWXl8mlPrHERxYPirFq8BB25sW1JayJHZfcEJ1Gr78FUpr0hoczwPkN0BCdcJo2uj6uUuuqu4wN6-0LmsDQ8-0jySFnjIDiVkhMwoEhDGffkhEDiINN6wdZ8H6rccGhQVbEkXkJpzeEWYKYr8Xw4h2HxoWQ', u'geometry': {u'location': {u'lat': 43.020306, u'lng': -2.298889}}, u'place_id': u'ChIJSwHLIGYwUA0RvClu7JeD0L0', u'vicinity': u'Lugar Barrio Aizpea, 0, Zerain', u'scope': u'GOOGLE', u'id': u'c5859d52685d98a960d0acaf1a7846fbb4b9037d', u'types': [u'establishment'], u'icon': u'http://maps.gstatic.com/mapfiles/place_api/icons/generic_business-71.png'}
2014-09-12 07:02:36,739 - placesLogger - DEBUG - UPDATING
2014-09-12 07:02:36,739 - placesLogger - DEBUG - c5859d52685d98a960d0acaf1a7846fbb4b9037d
2014-09-12 07:02:37,606 - placesLogger - DEBUG - 43.03664,-2.29868
2014-09-12 07:02:37,729 - placesLogger - DEBUG -  #### FOUND 5 PLACES !! ####
2014-09-12 07:02:37,729 - placesLogger - DEBUG - {u'name': u'Orue Landetxea', u'reference': u'CnRwAAAAOGpkQdqTcCRRCv-vmrQv7jBP4jRuPhJ4m11KELuYaNQNg68ItV4jYHAFbma-88w8urmtXgiF3VfLblok-5fYZIsFVAvK2lVWVsreueX1wESSX78AVmqY2iTIko8fLloEKibdnne8FnPNDQWr9fyfbxIQJEoAsFM9YH6B0QED1JbhXRoUEoAP7hRWKLox_s-oK1Jj7ldJy44', u'geometry': {u'location': {u'lat': 43.030375, u'lng': -2.294179}}, u'place_id': u'ChIJTcuRdi4wUA0RkH_Bx_9IdIQ', u'vicinity': u'Barrio Ergoena, 28, Mutiloa', u'photos': [{u'photo_reference': u'CnRnAAAA9bDfGacTYLV_sUDG2haBOQFVd3TYSNbfekxPAKqEVJN5JJJqW8VarbkJUOjbxao-iflG6S_d23nqXAS0ARXDtOatJLZM2rIcGUVvnK_GbKRI1JKd8ikzBurhlbPLkAZ4WV7y8mFtRvXRskmBWfCuWBIQbhAG5lMv_0Ew7X3vj0rdNxoUuqfn3Lz22RjCii-8Wjix17f1V0Q', u'width': 512, u'html_attributions': [], u'height': 341}], u'scope': u'GOOGLE', u'id': u'6fdcede714509ff4d5bc86eb6d9d9ee42d4dc3d2', u'types': [u'restaurant', u'lodging', u'food', u'establishment'], u'icon': u'http://maps.gstatic.com/mapfiles/place_api/icons/restaurant-71.png'}
2014-09-12 07:02:37,882 - placesLogger - DEBUG - UPDATING
2014-09-12 07:02:37,882 - placesLogger - DEBUG - 6fdcede714509ff4d5bc86eb6d9d9ee42d4dc3d2
2014-09-12 07:02:38,935 - placesLogger - DEBUG - {u'name': u'Restaurante Aztiria', u'reference': u'CoQBdQAAAEVWBbui1fxEhmL3yBgY82myj3n1JoPIDE-Ms1b0E0iE1YcfH1fwexeNtdLnOoiF4kvqKEQ1_r0OSwUqzJ8ODs8m36SLD1_tiwQO6gc5TAd_qZA0JdO0g1u9ulyMVE5tFcC0YU77ipwF7P9484gGyO4jm6tSart-5FoWmV8l9D7aEhCWICn0vQjQTFpN7KZwdkuEGhSSkSDrZLZ8UhmQu6JVEmpycB_0OA', u'geometry': {u'location': {u'lat': 43.033487, u'lng': -2.311186}}, u'opening_hours': {u'open_now': False}, u'place_id': u'ChIJ4YNloy0uUA0RGJX3MzLDz7E', u'vicinity': u'Calle Aztiria Auzoa, s/n, Aztiria', u'scope': u'GOOGLE', u'id': u'08973661c693d68b73a01e521050429936768c32', u'types': [u'restaurant', u'food', u'establishment'], u'icon': u'http://maps.gstatic.com/mapfiles/place_api/icons/restaurant-71.png'}
2014-09-12 07:02:39,114 - placesLogger - DEBUG - UPDATING
2014-09-12 07:02:39,114 - placesLogger - DEBUG - 08973661c693d68b73a01e521050429936768c32
2014-09-12 07:02:39,993 - placesLogger - DEBUG - {u'name': u'Edersal - Mosaicos de vidrio para revestimientos piscinas', u'reference': u'CqQBnAAAAF3nACpgjs72al9nLeSM6IPzYgB8R4StZUEBsLRhiVK64gx07R_erlgtocmmSdxeDVk0mwmNakHAoWyZGsaQWkwic7cGacFtonCiuQhpsQu1gmDlNleaZks1Syz4TB4v9MGiH8cyXk8U4cWa6XNBS3wmtHlaKQt-oPaiEqXjLcbPhbcyhsb5LxvM9qKV2n8TVYpjpKhH2MERkiR92c9dLlASEE31g6DlzF6FjwbXPzS5TXUaFHpXQmhZdnyYReZXf2pHgSU1SEUx', u'geometry': {u'location': {u'lat': 43.049047, u'lng': -2.291282}}, u'place_id': u'ChIJpdW_lcQxUA0RE0JD9cz_lbY', u'vicinity': u'Barrio Ugaran, s/n, Gabiria', u'photos': [{u'photo_reference': u'CnRnAAAAjIbLOfpnFrSX0KALzsBpJMt4exfXT_EasO8JEwS_G-TZiuh9S4kLtUUapDESLDxyDKZlVGXs47pFitjHQBqVo4sneSkByJMsmatfAs1MpPC7Q48XyKuxrJTbRiZ5NHY1_8fFubFwrR7qROY6KVAVdBIQ0x4R0AdjWdIz6Z9gfQouexoUUIqimxzyBICXN99k54v2GABJ6Ns', u'width': 162, u'html_attributions': [], u'height': 162}], u'scope': u'GOOGLE', u'id': u'3efef78953325495e190c663491078125a3b6f39', u'types': [u'establishment'], u'icon': u'http://maps.gstatic.com/mapfiles/place_api/icons/generic_business-71.png'}
2014-09-12 07:02:40,182 - placesLogger - DEBUG - INSERTING
2014-09-12 07:02:40,182 - placesLogger - DEBUG - 3efef78953325495e190c663491078125a3b6f39
2014-09-12 07:02:40,897 - placesLogger - DEBUG - {u'name': u'Restaurante Benta Lehor', u'reference': u'CoQBeAAAAFCdBrDdwilk6FLkvMIfE_5VjZRTZhhOnXqv8hb07tYc6vjEY51lGm0BRTN51TMVoNVKRBG6PMghfXun2qf4dvE6UxkZNAI-ZhTEwge-8dSqfhnzZmfckcz7DDKUwX8AHc5CSrloonUtGLZ6cy0D2ack0g0wBBS-ndwSY8tqr-lKEhC5_qpZcE1QYa3Qb3yw01sCGhTCaAuh-cR6R9Nx1PIWtWxoIRTS8w', u'geometry': {u'location': {u'lat': 43.03802, u'lng': -2.3108}}, u'place_id': u'ChIJ4YNloy0uUA0RVUbBle6UWh4', u'vicinity': u'Diseminado Aztiria, 0 s-n, Aztiria', u'scope': u'GOOGLE', u'id': u'1795c1698be036be03947121a6f25ae0a8c64c50', u'types': [u'restaurant', u'food', u'establishment'], u'icon': u'http://maps.gstatic.com/mapfiles/place_api/icons/restaurant-71.png'}
2014-09-12 07:02:41,031 - placesLogger - DEBUG - INSERTING
2014-09-12 07:02:41,031 - placesLogger - DEBUG - 1795c1698be036be03947121a6f25ae0a8c64c50
2014-09-12 07:02:41,940 - placesLogger - DEBUG - {u'name': u'Santa Marina', u'reference': u'CnRuAAAAR9qjEMPXuEIPaB58Xd9sv_pDH9-MaEt709AB_1j2r-Zk7N0s1MLvirgY9siedRxqOkcDf4Se5vzlDibrvjn22-Fchba4uNyI-7R1OhHtAM1kd8f6OJQZQtjgfMXzpwYrlFvXsyKg6ulvu-X15B-WIRIQeFRoFgauQuzdeYBJV7GWvBoUtHLM7PqxXR0qUAh62QULuJjDuIc', u'geometry': {u'location': {u'lat': 43.033477, u'lng': -2.310491}}, u'place_id': u'ChIJM5Bl79IvUA0RRTTevg0tjKA', u'vicinity': u'Spain', u'scope': u'GOOGLE', u'id': u'576d13dbe97cc8bac48b413b166a8bab9de40575', u'types': [u'church', u'place_of_worship', u'establishment'], u'icon': u'http://maps.gstatic.com/mapfiles/place_api/icons/worship_general-71.png'}
2014-09-12 07:02:42,136 - placesLogger - DEBUG - UPDATING
2014-09-12 07:02:42,136 - placesLogger - DEBUG - 576d13dbe97cc8bac48b413b166a8bab9de40575
2014-09-12 07:02:43,200 - placesLogger - DEBUG - 43.04371,-2.29868
2014-09-12 07:02:43,300 - placesLogger - DEBUG -  #### FOUND 7 PLACES !! ####
2014-09-12 07:02:43,300 - placesLogger - DEBUG - {u'name': u'Orue Landetxea', u'reference': u'CoQBcQAAAN4Xf9by4Vlin78BU-gpoB198Jh53A-2ssW-zpB9VBHpmkYjdw1vMCpzuduFQ4o6HGrtb2yG1cvWcXeaHrZGseLUUKLaNv6aPrVO4athGz7ifXxiaK5IfswHzPrxU3S-wnW7S0w7Q8twF3fDznJRPxJX_MSyYdJpQMsN1WCxxHaAEhDFTwKhp18E9AtufAuByCmDGhSLrY3JsGmIsxZsUbkC36Db4JgcWA', u'geometry': {u'location': {u'lat': 43.030375, u'lng': -2.294179}}, u'place_id': u'ChIJTcuRdi4wUA0RkH_Bx_9IdIQ', u'vicinity': u'Barrio Ergoena, 28, Mutiloa', u'photos': [{u'photo_reference': u'CnRnAAAA6sSW4JG9P-4lEnh6jtagfMoJ64ydkMGaxQBuInO-m0voYXSWCiK2o0V2tL53OaOrT5vphb4e5qWOcHvjX2vlYyoT_-rEz7NuFFh96VxS1uVfpiQ1pjbIM5FoBMQJ-CkGmQVpS6RExw-eLneyFGpz1RIQRNj9OPx4jKo2EwHdMv34MhoUWQaNzATf2SVT80wTjumU8BxmUtI', u'width': 512, u'html_attributions': [], u'height': 341}], u'scope': u'GOOGLE', u'id': u'6fdcede714509ff4d5bc86eb6d9d9ee42d4dc3d2', u'types': [u'restaurant', u'lodging', u'food', u'establishment'], u'icon': u'http://maps.gstatic.com/mapfiles/place_api/icons/restaurant-71.png'}
2014-09-12 07:02:43,398 - placesLogger - DEBUG - UPDATING
2014-09-12 07:02:43,398 - placesLogger - DEBUG - 6fdcede714509ff4d5bc86eb6d9d9ee42d4dc3d2
2014-09-12 07:02:44,368 - placesLogger - DEBUG - {u'name': u'Restaurante Aztiria', u'reference': u'CoQBdgAAAFgVQHBx_FgrMmYegCW2LTEJQhWKdPNGFdm5yCa6blOy-og3XbKNxgan1DVnMqayc_1SxHLVf2-0lDZ5LSkwA4FP1w_nMcpVt9AGt0yHU7JsH_KZ16_krpmmnm7ZHqwiIFRlPrqt8WaeGk0SP-qaftBhWbU3__Mv8nBZss_9spb3EhC4nF-IEDkQjot1g06zNwplGhQIOLNTdJzwa03Br5IzzBAjBdqoSw', u'geometry': {u'location': {u'lat': 43.033487, u'lng': -2.311186}}, u'opening_hours': {u'open_now': False}, u'place_id': u'ChIJ4YNloy0uUA0RGJX3MzLDz7E', u'vicinity': u'Calle Aztiria Auzoa, s/n, Aztiria', u'scope': u'GOOGLE', u'id': u'08973661c693d68b73a01e521050429936768c32', u'types': [u'restaurant', u'food', u'establishment'], u'icon': u'http://maps.gstatic.com/mapfiles/place_api/icons/restaurant-71.png'}
2014-09-12 07:02:44,466 - placesLogger - DEBUG - UPDATING
2014-09-12 07:02:44,466 - placesLogger - DEBUG - 08973661c693d68b73a01e521050429936768c32
2014-09-12 07:02:45,362 - placesLogger - DEBUG - {u'name': u'Edersal - Mosaicos de vidrio para revestimientos piscinas', u'reference': u'CqQBnQAAADVfonlyn6uR1FWRAuvF5YKIpUdmw9GawCDHseFrV6eudz9ltPtsgSXPkHOvq1BTr4IPoRhO7Z_UPCnIDhGlAsWbVrvRXORpI3OB-Vrnic7neK9l3K3A-z53TK8duPsgbSoh5PKGwei-5EFYhQ_gybhg0c8db8EwwFtycG8HSs2aZKkrvuvHtPwKYkN7uneETyOKh08IgvA1mPKsU5pXgzsSEG4Xp9SDpYSBsZWfCMr1QBUaFHXrbE9oOjKpbIIdGsU7QMX8w40Z', u'geometry': {u'location': {u'lat': 43.049047, u'lng': -2.291282}}, u'place_id': u'ChIJpdW_lcQxUA0RE0JD9cz_lbY', u'vicinity': u'Barrio Ugaran, s/n, Gabiria', u'photos': [{u'photo_reference': u'CnRnAAAAxeCV8eHC5PC4ZkM3Gxhxg_7QwZYgIfKSjhTNsoCqud3ckGVapCykHYUBjLrlodwmn3RD43WBmDNvuAgM6LaICcxVm3l-4-0zmel9ViSzMMUfm3czpjsPzJbVcxj-2FAXWL-JFwPfJEOFmzwdi7yLoxIQZbhtvddTGSVNz_DG5SZmVBoUKef9lDH21ZmPVjiCAP3uk2Pj36g', u'width': 162, u'html_attributions': [], u'height': 162}], u'scope': u'GOOGLE', u'id': u'3efef78953325495e190c663491078125a3b6f39', u'types': [u'establishment'], u'icon': u'http://maps.gstatic.com/mapfiles/place_api/icons/generic_business-71.png'}
2014-09-12 07:02:45,467 - placesLogger - DEBUG - UPDATING
2014-09-12 07:02:45,467 - placesLogger - DEBUG - 3efef78953325495e190c663491078125a3b6f39
2014-09-12 07:02:46,218 - placesLogger - DEBUG - {u'name': u'KZgunea Gabiria', u'reference': u'CoQBcgAAAP7gmGu1_4qs-wNLFdt6149sD32V4elPGPb_6p9hMvAh8ol5IIcK6m2DKULED8skfkHZAwBBZuLuHVZjT9sqU94-OpNXlRByjXEzts2Qi_PgrZnj93EKRAXUc4jzCLUrUK0T2SNSIZf60QVRxblqUgefHvtSHu-yqc9qeLyeFarcEhBZGWndDd40k5dnYQZiTq2LGhS_lKGLIL7LLPE2tFHyRFV21SOPew', u'geometry': {u'location': {u'lat': 43.050133, u'lng': -2.280227}}, u'place_id': u'ChIJD9-OKrkxUA0RLklm1InZboc', u'vicinity': u'c/ Gabiria, 5, Gabiria', u'scope': u'GOOGLE', u'id': u'c028341e4946f4fc4d69006144ebdd0aa313811c', u'types': [u'establishment'], u'icon': u'http://maps.gstatic.com/mapfiles/place_api/icons/generic_business-71.png'}
2014-09-12 07:02:46,334 - placesLogger - DEBUG - INSERTING
2014-09-12 07:02:46,334 - placesLogger - DEBUG - c028341e4946f4fc4d69006144ebdd0aa313811c
2014-09-12 07:02:47,252 - placesLogger - DEBUG - {u'name': u'Restaurante Benta Lehor', u'reference': u'CoQBeQAAAI_7m_riS0dP2_q52tgIvZmVB91xS66yMHYo6isp0ujReXP7TLXW4D_fG8hSMn1QFAFPD-KWeZHj1DmVVFN9rc3MaL9Qs-sOcHsRIndy6P1ksWjQik8nIQKIy_UQaPAV_5-fw65genlLDi7rkuuHLCPFrrZtHqmLVFhDpp5w-jE_EhBDLh3iAGW5VYnwnVpMR9NsGhS9n_PaslfhxDeUk3_Zn-3UfsncpQ', u'geometry': {u'location': {u'lat': 43.03802, u'lng': -2.3108}}, u'place_id': u'ChIJ4YNloy0uUA0RVUbBle6UWh4', u'vicinity': u'Diseminado Aztiria, 0 s-n, Aztiria', u'scope': u'GOOGLE', u'id': u'1795c1698be036be03947121a6f25ae0a8c64c50', u'types': [u'restaurant', u'food', u'establishment'], u'icon': u'http://maps.gstatic.com/mapfiles/place_api/icons/restaurant-71.png'}
2014-09-12 07:02:47,373 - placesLogger - DEBUG - UPDATING
2014-09-12 07:02:47,373 - placesLogger - DEBUG - 1795c1698be036be03947121a6f25ae0a8c64c50
2014-09-12 07:02:48,139 - placesLogger - DEBUG - {u'name': u'Santa Marina', u'reference': u'CnRvAAAAaNQSO9j0UeUTf-C4fVlH_dmG7EGZnEEebAZBvs7EcgAEjc8LQiMCrsmC-cozADM1lK9xw8yLbGP-iP3pbtYmQCFLorBUzz280Q2UeaZTuyyTtUK2ySWmTXuzM0IolNdU3mezwwhRUmxDyU_sepOUcRIQQDGcRewel8gqj6cDCfDBBxoUbQf6acX6W2oquaf5_31I7asyWIM', u'geometry': {u'location': {u'lat': 43.033477, u'lng': -2.310491}}, u'place_id': u'ChIJM5Bl79IvUA0RRTTevg0tjKA', u'vicinity': u'Spain', u'scope': u'GOOGLE', u'id': u'576d13dbe97cc8bac48b413b166a8bab9de40575', u'types': [u'church', u'place_of_worship', u'establishment'], u'icon': u'http://maps.gstatic.com/mapfiles/place_api/icons/worship_general-71.png'}
2014-09-12 07:02:48,237 - placesLogger - DEBUG - UPDATING
2014-09-12 07:02:48,237 - placesLogger - DEBUG - 576d13dbe97cc8bac48b413b166a8bab9de40575
2014-09-12 07:02:50,484 - placesLogger - DEBUG - {u'name': u'Gabiria Erdigunea', u'reference': u'CoQBdAAAAKZZrzZ2xCL2nK1OpioCCXwKifYQsxSEYN1FuuRQqCWUDLkTstRrF_6eu6ITyU2ju97hofGqZjqARdDjr13xbbVnLU5Q1lt1MW2tcumGJgXtNEhyeY3Yi8IZ5lWF5i2F81v2ygKAMdQ45NePpOYTmh5rpuC9lZgjoLd1BrOIx1pVEhDBNvqEpDJ865zKjwGrJcDtGhSJmoXEogWX6DlxnQqiA2myXa_eHw', u'geometry': {u'location': {u'lat': 43.050018, u'lng': -2.280109}}, u'place_id': u'ChIJu4jLK7kxUA0RTWXQRtNFjc8', u'vicinity': u'Spain', u'scope': u'GOOGLE', u'id': u'c951afafe7aeda643506b3c18195b228fb30efde', u'types': [u'bus_station', u'transit_station', u'establishment'], u'icon': u'http://maps.gstatic.com/mapfiles/place_api/icons/generic_business-71.png'}
2014-09-12 07:02:50,636 - placesLogger - DEBUG - INSERTING
2014-09-12 07:02:50,637 - placesLogger - DEBUG - c951afafe7aeda643506b3c18195b228fb30efde
2014-09-12 07:02:50,909 - placesLogger - DEBUG - 43.05078,-2.29868
2014-09-12 07:02:51,000 - placesLogger - DEBUG -  #### FOUND 4 PLACES !! ####
2014-09-12 07:02:51,000 - placesLogger - DEBUG - {u'name': u'Edersal - Mosaicos de vidrio para revestimientos piscinas', u'reference': u'CqQBnQAAAB5ghJa9CcjUIo9WYeY1WraeV8JeN1-2j_xVns0RKurK_NanwGpD0HROSnrrdTJPCMv9nfdDPdf1-tkQEYc17182-UJVVGjw-uC2o6bqkTVACXjNqotZIJQyFT0-ghU9xiSkYsk2UPmVzXOcxeikMpKDzv_7w_0rYRLQ9uZUfmL0ifv0l7WBkco75BPO_FGVSG__uaElByG96xFyE33YIq8SEH5pAKMC1axuG7UUrVsmm6AaFOT5SbOxg1fd-JP_hW7mXn433SYA', u'geometry': {u'location': {u'lat': 43.049047, u'lng': -2.291282}}, u'place_id': u'ChIJpdW_lcQxUA0RE0JD9cz_lbY', u'vicinity': u'Barrio Ugaran, s/n, Gabiria', u'photos': [{u'photo_reference': u'CnRnAAAAXvK795P9Hapc1VQ2RTgvpKcA8PtkteJXZfWO1MIosI_Pg3zrWajKQ7rzkIVgbocu4kau3nPR5QP9_z4tA7PahNact0keUutpicd4y1oVOMk9qZj_A1NP7IlSybOjnjmt9IWJAuq4mIjm5Xc5KbfEvhIQdhIcljDj5w2yPPck0y4IkhoU_K0iSTqvRUkCQ-IkKHJLdBd79KE', u'width': 162, u'html_attributions': [], u'height': 162}], u'scope': u'GOOGLE', u'id': u'3efef78953325495e190c663491078125a3b6f39', u'types': [u'establishment'], u'icon': u'http://maps.gstatic.com/mapfiles/place_api/icons/generic_business-71.png'}
2014-09-12 07:02:51,133 - placesLogger - DEBUG - UPDATING
2014-09-12 07:02:51,134 - placesLogger - DEBUG - 3efef78953325495e190c663491078125a3b6f39
2014-09-12 07:02:51,654 - placesLogger - DEBUG - {u'name': u'KZgunea Gabiria', u'reference': u'CoQBcgAAAExNisAeyuZXqwaBd2BfZfD4otRxFrHMklsTQz8_tIfYV3nv5tO_3vvUva90lInSZnUk1wiYMs3WTmbE_2Hp-gN-Li_hGfxb0nlraiUfSqvtOAUoFi-JgqyMNMSlP1brh42kMesenQyjzuDndWDeaCFsuf7E9Pny9bQR8U83yQqoEhDXgcczYKPNf7VpsZPjKUsAGhSJzu2B2qyRuNUA2EZWZ7xjVsoFLA', u'geometry': {u'location': {u'lat': 43.050133, u'lng': -2.280227}}, u'place_id': u'ChIJD9-OKrkxUA0RLklm1InZboc', u'vicinity': u'c/ Gabiria, 5, Gabiria', u'scope': u'GOOGLE', u'id': u'c028341e4946f4fc4d69006144ebdd0aa313811c', u'types': [u'establishment'], u'icon': u'http://maps.gstatic.com/mapfiles/place_api/icons/generic_business-71.png'}
2014-09-12 07:02:51,752 - placesLogger - DEBUG - UPDATING
2014-09-12 07:02:51,752 - placesLogger - DEBUG - c028341e4946f4fc4d69006144ebdd0aa313811c
2014-09-12 07:02:52,356 - placesLogger - DEBUG - {u'name': u'Restaurante Benta Lehor', u'reference': u'CoQBeQAAABbRf-ywQwJ1LKIv3uwDKQbWx3yoTgHpVG7o0eILzOuALdYOrCW3sPtcXQWlmWApXQK8shFXjZ45Spbooc1YqBEs5V-_MxgNpNGOaoSzw-1JahOs1sxF_1BxnOx9Nu75LaPGx6GLduiYQ5WZAeMe423CksLE7em5bNK3RWcF0veMEhAAikXco2Ts52Q_Iwjeb6uYGhRnZqPdNmvFGDRi78y5xkM81DGR0A', u'geometry': {u'location': {u'lat': 43.03802, u'lng': -2.3108}}, u'place_id': u'ChIJ4YNloy0uUA0RVUbBle6UWh4', u'vicinity': u'Diseminado Aztiria, 0 s-n, Aztiria', u'scope': u'GOOGLE', u'id': u'1795c1698be036be03947121a6f25ae0a8c64c50', u'types': [u'restaurant', u'food', u'establishment'], u'icon': u'http://maps.gstatic.com/mapfiles/place_api/icons/restaurant-71.png'}
2014-09-12 07:02:52,516 - placesLogger - DEBUG - UPDATING
2014-09-12 07:02:52,517 - placesLogger - DEBUG - 1795c1698be036be03947121a6f25ae0a8c64c50
2014-09-12 07:02:53,197 - placesLogger - DEBUG - {u'name': u'Gabiria Erdigunea', u'reference': u'CoQBdAAAAOrCZ2JZesoa1uqeTsU3PynAoAhB6x7iyO1J50iBsnFTrJ0TDOIxTOkH4htyWn65i6-YaX4UMigordgNzMwwArkkQEUbMCaLbsbcUwaSlXLOuazsp6EMN-EV06LXLiMlfQrvtdVSa_gyCu8QGwgieDW3n4FBWye5Q8K_pGr9TADiEhBDDMN1zYu5sH9m4shkeTeEGhQwkznTpbXbdSyML0E-QyFjWnshNQ', u'geometry': {u'location': {u'lat': 43.050018, u'lng': -2.280109}}, u'place_id': u'ChIJu4jLK7kxUA0RTWXQRtNFjc8', u'vicinity': u'Spain', u'scope': u'GOOGLE', u'id': u'c951afafe7aeda643506b3c18195b228fb30efde', u'types': [u'bus_station', u'transit_station', u'establishment'], u'icon': u'http://maps.gstatic.com/mapfiles/place_api/icons/generic_business-71.png'}
2014-09-12 07:02:53,346 - placesLogger - DEBUG - UPDATING
2014-09-12 07:02:53,346 - placesLogger - DEBUG - c951afafe7aeda643506b3c18195b228fb30efde
2014-09-12 07:02:53,682 - placesLogger - DEBUG - 43.05785,-2.29868
2014-09-12 07:02:53,819 - placesLogger - DEBUG -  #### FOUND 16 PLACES !! ####
2014-09-12 07:02:53,819 - placesLogger - DEBUG - {u'name': u'Ingenieria De Software Garapen Sl', u'reference': u'CpQBgwAAAKKsAvIbEdITn3KFExtWOcsF6PAYpg94PuQWNBrp1PyIFfWKhTTm-5A7aoK5KwGJ3syS-b4w-iq6hrNxPrcKfxstA4kj4myyvblvPBENwhcD-SPR3HjZSLC6s0w3o3_AShaHSgXKlJdfxyQitxid8QurSVG_LO2tCRnpPXc9egPXyp1R2HTEvP78S2Jmu7PjIxIQRpdiheAGPfudyHfPHKgVExoUwDtXgV5WJDBtDiAlorm31m2EcGc', u'geometry': {u'location': {u'lat': 43.070066, u'lng': -2.28682}}, u'place_id': u'ChIJVy7dyestUA0RSHbhEsycgKs', u'vicinity': u'Pol. Ind. Anduaga, Pabellon 15 y 17', u'scope': u'GOOGLE', u'id': u'b0a34343792484534b624ccba160af9463fe621f', u'types': [u'electronics_store', u'store', u'establishment'], u'icon': u'http://maps.gstatic.com/mapfiles/place_api/icons/electronics-71.png'}
2014-09-12 07:02:53,930 - placesLogger - DEBUG - INSERTING
2014-09-12 07:02:53,930 - placesLogger - DEBUG - b0a34343792484534b624ccba160af9463fe621f
2014-09-12 07:02:54,707 - placesLogger - DEBUG - {u'name': u'Edersal - Mosaicos de vidrio para revestimientos piscinas', u'reference': u'CqQBnAAAAKhbEyL_LPV7q1Pagrbmi5wXGHhpiabaZPJI5S2Tz2HzkdWIgCH6rLEuBO13qdQ-R22RW0ADIaBRtVs2-q0vGiPYMXnTJP96Jiyg_zRTSpEL7UKx94yOGsYCmMEwOqGh-cFxhlRSLBU8WE1QZjhke7g_CWZaPmRUbSu2re5ymlowA7YvLVZHuJtUX228ssHS4N51ceRlPMqet5cV8AvN_CwSEFRuXbNsAaUxisiHvHZekJUaFPki9S3zrTnzYSU_9rABoSmCTPiW', u'geometry': {u'location': {u'lat': 43.049047, u'lng': -2.291282}}, u'place_id': u'ChIJpdW_lcQxUA0RE0JD9cz_lbY', u'vicinity': u'Barrio Ugaran, s/n, Gabiria', u'photos': [{u'photo_reference': u'CnRnAAAALLB5Lnig3xn5J0xSSl7dJLZGW86c3zN533pcjJH40fIh3qLGEiP4Y1oodq2rp74Y4k85He1M5Q5j_bDGxWzSW_Y6QnOFHO6RETeBj0ZFruO5J-vb6XWJ2RI206zRUklR1tZVrIo54cNf4eq1wOlz6BIQQ93ccKCSnabU5DFRx3AhthoUT0WK-nQEwGO9IToRYR8Z5lTk9N8', u'width': 162, u'html_attributions': [], u'height': 162}], u'scope': u'GOOGLE', u'id': u'3efef78953325495e190c663491078125a3b6f39', u'types': [u'establishment'], u'icon': u'http://maps.gstatic.com/mapfiles/place_api/icons/generic_business-71.png'}
2014-09-12 07:02:54,830 - placesLogger - DEBUG - UPDATING
2014-09-12 07:02:54,830 - placesLogger - DEBUG - 3efef78953325495e190c663491078125a3b6f39
2014-09-12 07:02:55,488 - placesLogger - DEBUG - {u'name': u'Zimer Electrodom\xe9sticos', u'reference': u'CoQBeQAAAFvJkDpU_mfEcARjsssgMb9q9n1HImxFF_4tdcz-uE46zTD2q8dKhxT8JBii8TpUzn8b-OyKWtcOk52X2rFzv8eEHosgk3oLN2RkN-KeHIfPcYG-nZopLzxquU0K4e8f-quKdToncXmPLWlgd1mOAxq3wajvEJnQliZSRkWgqXrKEhAHWp4yMcodEHhnX6b0YAFrGhRATEfVFO6LVzvPyGacaeF3LrsURg', u'geometry': {u'location': {u'lat': 43.070499, u'lng': -2.288618}}, u'place_id': u'ChIJRbEYRZAxUA0RuIu0V8WEewg', u'vicinity': u'Diseminado Santa Lutzi Anduaga, 3, Ezkio - Itxaso', u'scope': u'GOOGLE', u'id': u'64397d708436277215efac4479521be55fc5ce59', u'types': [u'home_goods_store', u'store', u'establishment'], u'icon': u'http://maps.gstatic.com/mapfiles/place_api/icons/shopping-71.png'}
2014-09-12 07:02:55,651 - placesLogger - DEBUG - INSERTING
2014-09-12 07:02:55,651 - placesLogger - DEBUG - 64397d708436277215efac4479521be55fc5ce59
2014-09-12 07:02:56,631 - placesLogger - DEBUG - {u'name': u'KZgunea Gabiria', u'reference': u'CoQBcQAAAKyAxChRGYrpQcW-jTWGAEcPudsZfXTf8AKgzu6xXqdrwtKnD0Dhb6IaT74a5tXPPUTKcN0j3DqnpCs_cati9wQwiCb7u1Lx3iN73bJ0ESUv7WSSB9q7yND8otDWknrR2Rs2GW2UNktxpQ_6eQXBNI_m5gaZ40kc4JdJIWrmyaxqEhD9vvzlxerfxov4Bn8wF6biGhQ_ALfLW8UyOFOJahbviwF83gYtUg', u'geometry': {u'location': {u'lat': 43.050133, u'lng': -2.280227}}, u'place_id': u'ChIJD9-OKrkxUA0RLklm1InZboc', u'vicinity': u'c/ Gabiria, 5, Gabiria', u'scope': u'GOOGLE', u'id': u'c028341e4946f4fc4d69006144ebdd0aa313811c', u'types': [u'establishment'], u'icon': u'http://maps.gstatic.com/mapfiles/place_api/icons/generic_business-71.png'}
2014-09-12 07:02:56,847 - placesLogger - DEBUG -  #### FOUND 16 PLACES !! ####
2014-09-12 07:02:56,847 - placesLogger - DEBUG - {u'name': u'Ingenieria De Software Garapen Sl', u'reference': u'CpQBhAAAALt7hpN99J6vosKjgy4nfkYCAkNrn2S3l1gqPD-oRKO7FcI7ILEiBrEaQXi7I-N5WomdY9VMyeAS5W5wfhRJ61nJ_lBogL6rKM344AjLe7D5AqMD3L16RPjpllb4JVl-0kjGxJfKdfMOyEBlJZU0cFWhK_HIQOPDJ7d7k4qgCWqbaz5NfzkBjosqCOWx3fWgdBIQr3UYw8frcQa7buMNj3_KlBoUDGmF9NpIL0CHYC5MrZG2EbSZtf4', u'geometry': {u'location': {u'lat': 43.070066, u'lng': -2.28682}}, u'place_id': u'ChIJVy7dyestUA0RSHbhEsycgKs', u'vicinity': u'Pol. Ind. Anduaga, Pabellon 15 y 17', u'scope': u'GOOGLE', u'id': u'b0a34343792484534b624ccba160af9463fe621f', u'types': [u'electronics_store', u'store', u'establishment'], u'icon': u'http://maps.gstatic.com/mapfiles/place_api/icons/electronics-71.png'}
2014-09-12 07:02:56,960 - placesLogger - DEBUG - UPDATING
2014-09-12 07:02:56,960 - placesLogger - DEBUG - b0a34343792484534b624ccba160af9463fe621f
2014-09-12 07:02:57,783 - placesLogger - DEBUG - {u'name': u'Edersal - Mosaicos de vidrio para revestimientos piscinas', u'reference': u'CqQBnQAAAOEB4IYWnqW8XpK0QeZl973h9WnlTeteMhormXB3UDT8qPDtnCePnE6Q91Hd80y3imz0SkfA0cKwuano63cRyOvMttGa9UfQmpnb5VRSv_ssSC__4qbjY6VasY_PZVEtO9s2nZkOZTWHLLkr_9YGHyOEj6B8ATyZIBVWK4sicVAOmgpYaDMxElg-B2k6DG54-DzgCfc4kZlZWbpW5ZLxtWYSEO9Rvh_efA5KV7Mv4lm78fEaFPKl-jXp-gAL6vwTT86up1rNgCAX', u'geometry': {u'location': {u'lat': 43.049047, u'lng': -2.291282}}, u'place_id': u'ChIJpdW_lcQxUA0RE0JD9cz_lbY', u'vicinity': u'Barrio Ugaran, s/n, Gabiria', u'photos': [{u'photo_reference': u'CnRnAAAAn3CAeFHOebpU-siYRU3Km_XDTnuxKrmfVxm2N2frmcQHHHIYrZo5jvvvTJh0GjFEBHZBBWq33VcGiQ9E1jK9heMqsJvuGREHnqo4ZrFrKZOqNbVe_vr17myVuU8V5mlYorCar62DXbomiWiRKgLuqxIQ74l4J12x0AWhXvH8g1QxnxoU-G7w25AITt4pj13q_fq6Lh7xCZg', u'width': 162, u'html_attributions': [], u'height': 162}], u'scope': u'GOOGLE', u'id': u'3efef78953325495e190c663491078125a3b6f39', u'types': [u'establishment'], u'icon': u'http://maps.gstatic.com/mapfiles/place_api/icons/generic_business-71.png'}
2014-09-12 07:02:57,877 - placesLogger - DEBUG - UPDATING
2014-09-12 07:02:57,877 - placesLogger - DEBUG - 3efef78953325495e190c663491078125a3b6f39
2014-09-12 07:02:58,526 - placesLogger - DEBUG - {u'name': u'Zimer Electrodom\xe9sticos', u'reference': u'CoQBegAAAFOF3eUIBaOsMP4Cd9uYEP3L_wG0RiVjQokMX0pKCbUpgrvaCHYuBpSxtfzFZU6r4fzRkT9QnRMrRWN-Pdvu724F7v1kfQ2xPqa5V0gMj3wtfmsu5IEjWCd_z3-cV4DXKOgX9-1GTp4w83TNscq5lgS4DPvDfldVB-3bj9El8i01EhAEp0HO_QHQvxBNnf73x5lVGhQwRf7LUahlAiEHF3wWl-wrZH2FZQ', u'geometry': {u'location': {u'lat': 43.070499, u'lng': -2.288618}}, u'place_id': u'ChIJRbEYRZAxUA0RuIu0V8WEewg', u'vicinity': u'Diseminado Santa Lutzi Anduaga, 3, Ezkio - Itxaso', u'scope': u'GOOGLE', u'id': u'64397d708436277215efac4479521be55fc5ce59', u'types': [u'home_goods_store', u'store', u'establishment'], u'icon': u'http://maps.gstatic.com/mapfiles/place_api/icons/shopping-71.png'}
2014-09-12 07:02:58,620 - placesLogger - DEBUG - UPDATING
2014-09-12 07:02:58,620 - placesLogger - DEBUG - 64397d708436277215efac4479521be55fc5ce59
2014-09-12 07:02:59,265 - placesLogger - DEBUG - {u'name': u'KZgunea Gabiria', u'reference': u'CoQBcgAAANrVGwdpFoWfChqyXieLWQR5-Yn7MfroRlZFPCToJQDyNjhn1mU0TMcH5_eybPue_yvut2iw8e-fk_yIB6DlbOqvgHpGiPBHD94xX4Mhep4cnSBe7T4TkAunnQGQOlIPg-PDK5aknQWB5BMBEBkSh1CmvcdtpUA_A_SgxGpna1qNEhApR5Nsv0tawVhlx7XHYfqqGhSzBWOIgLsv7uucQJaVbvrn0klWMQ', u'geometry': {u'location': {u'lat': 43.050133, u'lng': -2.280227}}, u'place_id': u'ChIJD9-OKrkxUA0RLklm1InZboc', u'vicinity': u'c/ Gabiria, 5, Gabiria', u'scope': u'GOOGLE', u'id': u'c028341e4946f4fc4d69006144ebdd0aa313811c', u'types': [u'establishment'], u'icon': u'http://maps.gstatic.com/mapfiles/place_api/icons/generic_business-71.png'}
2014-09-12 07:02:59,376 - placesLogger - DEBUG - UPDATING
2014-09-12 07:02:59,376 - placesLogger - DEBUG - c028341e4946f4fc4d69006144ebdd0aa313811c
2014-09-12 07:02:59,934 - placesLogger - DEBUG - {u'name': u'Manufacturas Une SA', u'reference': u'CoQBdQAAABhyC-0RXni8aFV9yb995SJcIA_SeY_jesZd0uwj2CWFJa56l2oeV1AkR6sSNHNkyviI1ehOGY1DKtIYbQsT7dv9fhrkfhSlm7-gOu7vx4ohOID88CdWli0E2vh9EPMI7XRNnEd00rIz3T3Cgg8KTqBdK-3Za0XWGBVkY1QhN769EhB2FV5Yy1fBgWlpp6NI2VLxGhTWgaxOExzj9XIffIZHksO7TtccCA', u'geometry': {u'location': {u'lat': 43.06885, u'lng': -2.28204}}, u'place_id': u'ChIJcywCSIoxUA0RHjcVKI_cP2Q', u'vicinity': u'Diseminado Santa Lutzi Anduaga, 1, Ezkio - Itxaso', u'scope': u'GOOGLE', u'id': u'4b0b372d478b4446c36c9248a296d27c73d9bd99', u'types': [u'establishment'], u'icon': u'http://maps.gstatic.com/mapfiles/place_api/icons/generic_business-71.png'}
2014-09-12 07:03:00,038 - placesLogger - DEBUG - INSERTING
2014-09-12 07:03:00,038 - placesLogger - DEBUG - 4b0b372d478b4446c36c9248a296d27c73d9bd99
2014-09-12 07:03:00,737 - placesLogger - DEBUG - {u'name': u'Adaki Comunicaci\xf3n', u'reference': u'CoQBdQAAAIi4pcsL81whk4NNYFaHTcRyKLk21TzHw23R5TB1Og7CmDFtvNJM2H0WeunVhfoOR41u5X4BaCHiEooZNjJ9tXsPN9sGEBoD9uSkgt_O0oI7KYOLm-aG5Cr7aujwPsBUaFRpHv__XJq95664f1ClN2bvTm8_-prEg0zD3Jxso0r8EhDzjWY-f1Dyaja6P2AdeFuiGhT-CwYfYBGC5RKiX7MQujk7wh9gfA', u'geometry': {u'location': {u'lat': 43.070912, u'lng': -2.295103}}, u'place_id': u'ChIJqyHxCfkxUA0RwQBIK60PpRQ', u'vicinity': u'Santa Lutzi Anduaga Diseminado Barreiatua, 5, Santa Lutzi-Anduaga', u'scope': u'GOOGLE', u'id': u'209f92b085d0b888da47a42f09b958cdadcce320', u'types': [u'establishment'], u'icon': u'http://maps.gstatic.com/mapfiles/place_api/icons/generic_business-71.png'}
2014-09-12 07:03:00,912 - placesLogger - DEBUG - INSERTING
2014-09-12 07:03:00,913 - placesLogger - DEBUG - 209f92b085d0b888da47a42f09b958cdadcce320
2014-09-12 07:03:01,831 - placesLogger - DEBUG - {u'name': u'Ingenier\xeda De Software', u'reference': u'CoQBeQAAAAAN-eKIba9UWa7YjOLQlEddDlS2dBFTsj2d3aNBicSmfnqGEGUmgswWcvYJVxaQ4RJXLnrWZh2iuMjT55BqkhUC47dLLqMDu629maeIZmjhakbs6vFJDsdiAfhTrNwV5st6g72LUVgg5kML-KLCJlgIhwpa7f5AkEYekCG9ptstEhD6LDLme8SuZZLlBSciAqtGGhT86xAGoslUr5xMiuMLMoOy2cmRYg', u'geometry': {u'location': {u'lat': 43.070394, u'lng': -2.288305}}, u'place_id': u'ChIJixRRu_YxUA0Rlct3w3nPnj4', u'vicinity': u'Santa Lutzi Anduaga Diseminado Barreiatua, 0, Santa Lutzi-Anduaga', u'scope': u'GOOGLE', u'id': u'ad2be69a19406920ee0af221b065adfba5022890', u'types': [u'establishment'], u'icon': u'http://maps.gstatic.com/mapfiles/place_api/icons/generic_business-71.png'}
2014-09-12 07:03:02,061 - placesLogger - DEBUG - INSERTING
2014-09-12 07:03:02,061 - placesLogger - DEBUG - ad2be69a19406920ee0af221b065adfba5022890
2014-09-12 07:03:02,926 - placesLogger - DEBUG - {u'name': u'Ute Ezkio Itsaso', u'reference': u'CoQBcwAAACwNuDhJPE-cGk_R0yQe9j8GioUM7c9bF7gVcNrid5BhO7EzP4hgo2PcWWzwVfP6r0hA0Ycn8w3O8sCfZMBxplbWjFkSrL5NeVorcmEkyZfnC2ORhpVGusCJL9j_0Htkd2wSkFglIvJSi3uLy998fp_QRGTvxUDJptqgk4II2QAQEhAY5ORzJ7immx3CZk0Y2gzLGhR1tFp3ouVBu9uM0bWBOxhMMth1FA', u'geometry': {u'location': {u'lat': 43.070394, u'lng': -2.288305}}, u'place_id': u'ChIJixRRu_YxUA0Rua9tRcea9IM', u'vicinity': u'Santa Lutzi Anduaga Diseminado Barreiatua, 0, Santa Lutzi-Anduaga', u'scope': u'GOOGLE', u'id': u'384c2f3f9d420d7c8f1ad58761e386367503548e', u'types': [u'establishment'], u'icon': u'http://maps.gstatic.com/mapfiles/place_api/icons/generic_business-71.png'}
2014-09-12 07:03:03,137 - placesLogger - DEBUG - INSERTING
2014-09-12 07:03:03,137 - placesLogger - DEBUG - 384c2f3f9d420d7c8f1ad58761e386367503548e
2014-09-12 07:03:03,949 - placesLogger - DEBUG - {u'name': u'Santa Lucia Ezkio - Itsaso', u'reference': u'CoQBfQAAAPYP8jH0C7Zt9CmtctfAr4I-Z1iX9ju-yz0gLuZ4djtUoKrQGUpDIR4Bmrhz936f7n9lqUjWF6nsa6RLnw0v_5ePCOyKsJJnFdQIEYUHw9IYTl3xS21CeYopTqHDYinKqGrwVfRSm4OlpwRF9RosomxSF7eWjawH2KMPCw4VrRhoEhDfSkPfnBpBMUxW1S61WPF-GhRNgIkvjEi4oLzwn_qTze875Vs0ww', u'geometry': {u'location': {u'lat': 43.067845, u'lng': -2.282604}}, u'place_id': u'ChIJd7RwzYwxUA0ReqbCsSKJC7M', u'vicinity': u'Spain', u'scope': u'GOOGLE', u'id': u'3e2cb8e31f62cda3960376dad5902a6109153175', u'types': [u'bus_station', u'transit_station', u'establishment'], u'icon': u'http://maps.gstatic.com/mapfiles/place_api/icons/generic_business-71.png'}
2014-09-12 07:03:04,094 - placesLogger - DEBUG - INSERTING
2014-09-12 07:03:04,094 - placesLogger - DEBUG - 3e2cb8e31f62cda3960376dad5902a6109153175
2014-09-12 07:03:04,343 - placesLogger - DEBUG - {u'name': u'Eusko Rot S L', u'reference': u'CnRwAAAAVIe-Sgrxi-htpwvtGSPZqz-Lul4qRhgnXiadzLd_0hpa8Yq5ET5a9LZBaF05V-ryCnnyUAkczXg6juVNk2Ji4Hu1Sbi_4BLVaXIwdzK7zHUhV2trixr7XgRTA874Rx4TUAcD6ja2JXY4eOt0e4AuhRIQuPSSTQtxKWIof8sOlIyoYRoUOYGaFQVmv5vOEwXgMwd6EwgsLGA', u'geometry': {u'location': {u'lat': 43.070394, u'lng': -2.288305}}, u'place_id': u'ChIJixRRu_YxUA0RWZQr_4_VqNA', u'vicinity': u'Santa Lutzi Anduaga Diseminado Barreiatua, 0, Santa Lutzi-Anduaga', u'scope': u'GOOGLE', u'id': u'b8100b9a19c067962843853742bae17985f52e1f', u'types': [u'establishment'], u'icon': u'http://maps.gstatic.com/mapfiles/place_api/icons/generic_business-71.png'}
2014-09-12 07:03:04,515 - placesLogger - DEBUG - INSERTING
2014-09-12 07:03:04,515 - placesLogger - DEBUG - b8100b9a19c067962843853742bae17985f52e1f
2014-09-12 07:03:05,098 - placesLogger - DEBUG - {u'name': u'Biblioteca P\xfablica Municipal Ezkio Itsasoko Udal Liburutegia', u'reference': u'CrQBoQAAAIYJFAcMKsJGDYDCcBgF8YRzDhezBFrKuRBHby414M_AZdpqNeXn55BvbZIGykXCxUFGd4L7SBvOK-GQKnS5s2YqGF9delC9pU5ZvE6Ly75vwLfKGqApsuZfhFc6dDA6VSrmwJ2lqY8sy9lq0gTwoT8yVCSaXHbLyvkD_AGR4RXYHfFMEl0QGvyPolMvpiejAhw2IGC2cwjtz3nTykubsCUnOHQ8dXD2tqiQt9ewC0z5EhCak6uKjdlGOSb-6g-gRh19GhTwDXz2nQZa5ujsV07GXnr_zJ9UwA', u'geometry': {u'location': {u'lat': 43.070394, u'lng': -2.288305}}, u'place_id': u'ChIJixRRu_YxUA0RmHZ8IAyfWLk', u'vicinity': u'Santa Lutzi Anduaga Diseminado Barreiatua, 0, Santa Lutzi-Anduaga', u'scope': u'GOOGLE', u'id': u'f92514a13c27b1fd665c5485ef4eb27dd4c8b1c8', u'types': [u'establishment'], u'icon': u'http://maps.gstatic.com/mapfiles/place_api/icons/generic_business-71.png'}
2014-09-12 07:03:05,278 - placesLogger - DEBUG - INSERTING
2014-09-12 07:03:05,311 - placesLogger - DEBUG - f92514a13c27b1fd665c5485ef4eb27dd4c8b1c8
2014-09-12 07:03:05,919 - placesLogger - DEBUG - {u'name': u'Gabiria Erdigunea', u'reference': u'CoQBdAAAAEIJjEtndY_oRCToMk9UXujqet9VUJR-I_m5UoqUMcrSHHCf2uphqFAWI2eMXPXlOiVort8m8gv6e5Cd8cs_sZhmbAYB0TCebE37uT2b5JC5tOE3As3wVTaLNz3u5brIjck09Te_WYXgJhkRuMwzctmUNmn78UdsoImSK2inuoHzEhC2R-IFQE4pXCWHy-hubIS3GhT1QGC36W_uqYrwK9xMOEyxjLh1xA', u'geometry': {u'location': {u'lat': 43.050018, u'lng': -2.280109}}, u'place_id': u'ChIJu4jLK7kxUA0RTWXQRtNFjc8', u'vicinity': u'Spain', u'scope': u'GOOGLE', u'id': u'c951afafe7aeda643506b3c18195b228fb30efde', u'types': [u'bus_station', u'transit_station', u'establishment'], u'icon': u'http://maps.gstatic.com/mapfiles/place_api/icons/generic_business-71.png'}
2014-09-12 07:03:06,016 - placesLogger - DEBUG - UPDATING
2014-09-12 07:03:06,016 - placesLogger - DEBUG - c951afafe7aeda643506b3c18195b228fb30efde
2014-09-12 07:03:06,306 - placesLogger - DEBUG - {u'name': u'Modelos Erkio', u'reference': u'CnRwAAAAFIl8Sm799If6am4j05Z8crPWi7ssJnAUatT__mo7VDScX0vKxy-t3Ek1znx8BRS02xrVtYpqHRkCfpzzzbJN4zI63PjaZSNLPVtoDx80e1wfEFJEUq09Ev5dWOJvOVru41meScQ6eNI6VkuiM7kStxIQIvQUZsHtRN1o3sZGVo2rkRoUnoiQLJr_WFbz1A8d2_M-NHmUCys', u'geometry': {u'location': {u'lat': 43.070394, u'lng': -2.288305}}, u'place_id': u'ChIJixRRu_YxUA0RT1njX5qMh_8', u'vicinity': u'Santa Lutzi Anduaga Diseminado Barreiatua, 0, Santa Lutzi-Anduaga', u'scope': u'GOOGLE', u'id': u'd43519b1702e5b20e6d8b1c2d3aa7470b8f5e04e', u'types': [u'establishment'], u'icon': u'http://maps.gstatic.com/mapfiles/place_api/icons/generic_business-71.png'}
2014-09-12 07:03:06,478 - placesLogger - DEBUG - INSERTING
2014-09-12 07:03:06,478 - placesLogger - DEBUG - d43519b1702e5b20e6d8b1c2d3aa7470b8f5e04e
2014-09-12 07:03:07,218 - placesLogger - DEBUG - {u'name': u'Labekoa Industrial S L', u'reference': u'CoQBeQAAAL81hxUSnYoeuzL_mWARMX6YVCno2WWgwrKEkIOUtwCAcewv-6desfKrVx5KmpBfUl2OzrSfwg7kq579ica71GWrVYiPoaTuWjuvZkL_AhmUU-BYpMHtCZa6rwZ11paoORiRXsGWHDzymy_X5Wu-iGqJeNsas-hjl531M0sUADEhEhA0Hicc88zlatiOQXclYylxGhQFC3leYWxMaVx9ZvpYCZMQ1vKhkw', u'geometry': {u'location': {u'lat': 43.067784, u'lng': -2.282229}}, u'place_id': u'ChIJb60l0IwxUA0R9jIaSMv4osI', u'vicinity': u'Santa Lutzi N\xfacleo Gunea, 0, Santa Lutzi-Anduaga', u'scope': u'GOOGLE', u'id': u'3d65c673cd4cb17a68981005908e033da4e4d0bc', u'types': [u'establishment'], u'icon': u'http://maps.gstatic.com/mapfiles/place_api/icons/generic_business-71.png'}
2014-09-12 07:03:07,400 - placesLogger - DEBUG - INSERTING
2014-09-12 07:03:07,400 - placesLogger - DEBUG - 3d65c673cd4cb17a68981005908e033da4e4d0bc
2014-09-12 07:03:08,001 - placesLogger - DEBUG - {u'name': u'Modelos De Fundici\xf3n Ederki', u'reference': u'CoQBfgAAAAm_i4nJlV23ieV6yg8S6YMVWT7Tsy17qGEYrE0h_1qnfaQU0YAYudXeAfzTGmMMq2tlUTwrUKuPKjOW9_e9RRr2bU6to7VpRjwcjxL8OlNXL7L5P5avRuguPg7VmKIuFgD2BbipRLhHoQnbGWby_iOf4k9RYemIe-VcAchHUWr_EhBNj3r9S8M5B94oJOXrZLs7GhTQ1LDnnfLQKTUbVE1C9kTk2uqGPg', u'geometry': {u'location': {u'lat': 43.067784, u'lng': -2.282229}}, u'place_id': u'ChIJb60l0IwxUA0R9Sm8koRG4zE', u'vicinity': u'Santa Lutzi N\xfacleo Gunea, 0, Santa Lutzi-Anduaga', u'scope': u'GOOGLE', u'id': u'6ba3c48ee9da4de7a15ebb318e828fb3a8f7dd50', u'types': [u'establishment'], u'icon': u'http://maps.gstatic.com/mapfiles/place_api/icons/generic_business-71.png'}
2014-09-12 07:03:08,174 - placesLogger - DEBUG - INSERTING
2014-09-12 07:03:08,174 - placesLogger - DEBUG - 6ba3c48ee9da4de7a15ebb318e828fb3a8f7dd50
2014-09-12 07:03:08,972 - placesLogger - DEBUG - {u'name': u'Mikel Aramendi Alberdi', u'reference': u'CoQBeAAAANiYr3-Ri5V5ARMWH4Zzn9sEDP8dqNOv1_4U-RSkCkW8xu0em7t-UL_G6ZYMYLL4V_jJpC_C8unrOnVQzrLx0AoGOj7tOq2YcHQ8PySFAs4yZSB7RXCq6mW9jDlVofUbkF5k1clb96YVpyu0VK9pvff6Nk1NIqawE9yf63xduzZIEhBxaLQZ9uQtKWYBe_3-m6USGhQVbwWvl_1hvRkGsw6E-Z8YlTcwBA', u'geometry': {u'location': {u'lat': 43.067784, u'lng': -2.282229}}, u'place_id': u'ChIJb60l0IwxUA0RGSYgmK080wI', u'vicinity': u'Santa Lutzi N\xfacleo Gunea, 0, Santa Lutzi-Anduaga', u'scope': u'GOOGLE', u'id': u'a59f928752432ade26f6d1778ef633894660d59c', u'types': [u'establishment'], u'icon': u'http://maps.gstatic.com/mapfiles/place_api/icons/generic_business-71.png'}
2014-09-12 07:03:09,122 - placesLogger - DEBUG - INSERTING
2014-09-12 07:03:09,122 - placesLogger - DEBUG - a59f928752432ade26f6d1778ef633894660d59c
2014-09-12 07:03:09,787 - placesLogger - DEBUG - 43.06492,-2.29868
2014-09-12 07:03:09,896 - placesLogger - DEBUG -  #### FOUND 20 PLACES !! ####
2014-09-12 07:03:09,896 - placesLogger - DEBUG - {u'name': u'RESTAURANTE LABEKOA', u'reference': u'CoQBdQAAAPY8iC3SEFwwQIWes4QNGg2criAeWkPYnqgDTwUj6ScGb5iJkw10HfZCVs5-lz1__h8_3wpzX5zzpuFA-qS9NzpZtpIoyEQmX2LOOTlJKKGw7k4EbYviRMpQZaUw07Ewf_3mkdGfXY92r1EFta4Y8BV7DO30-4MA3SPPLCCmXt9PEhAokF3UMHCZLG4RGzxaW50SGhQql84uqnkA8EtFvFAjRu04JKHm8w', u'geometry': {u'location': {u'lat': 43.077665, u'lng': -2.293739}}, u'place_id': u'ChIJIzpAPgMyUA0RpSDnYhvcdrE', u'vicinity': u'San Lucia S/N (Edif. Labekoa), Ezkio-Itsado', u'scope': u'GOOGLE', u'id': u'bd05e1b5bcd54aca79249a2a9f16757b6526cfe6', u'types': [u'restaurant', u'lodging', u'food', u'establishment'], u'icon': u'http://maps.gstatic.com/mapfiles/place_api/icons/restaurant-71.png'}
2014-09-12 07:03:10,027 - placesLogger - DEBUG - INSERTING
2014-09-12 07:03:10,027 - placesLogger - DEBUG - bd05e1b5bcd54aca79249a2a9f16757b6526cfe6
2014-09-12 07:03:11,098 - placesLogger - DEBUG - {u'name': u'Adaki komunikazioa', u'reference': u'CoQBcwAAAB-ABwoLy1Pnyyp2BOZG2mmeOwfxGuEzWGGPSW901Cvk66QlUOXZ9Ll89dXITL-xzA2z77meVYVh5Bl7_kKut2PAkm-_-1sTn_1OM0Ojxb0qPzPIQSR9D5sVNekH-lIP2QODvPFXXCY_rg_UjbBNk3uFs4ZDWrYTWAtAbQ1utuTCEhD_f25VHkaQ45b-Me3u0eAUGhR6qe3DOn8I7Dp2m5FJa_GaY_gjTA', u'geometry': {u'location': {u'lat': 43.071646, u'lng': -2.288122}}, u'opening_hours': {u'open_now': True}, u'place_id': u'ChIJA42AhvYxUA0RCDrmB-ln8G0', u'vicinity': u'Pol. Anduaga, 5, 2\xba, Ezkio Itsaso, Gipuzcoa', u'photos': [{u'photo_reference': u'CnRnAAAAMCTd5QBVvHpucO0y2pcJ9x-IYSqpTHqAIDAK7E44ARErlfFP7zG1hMsr7O94FYeJN52JzoCCi1wva8BJ2rz220tsxaSGMAFGnWAHwRE3_sijV6Zs_buShMK81zo9d6jtsoxSSO_mjNmp9rbUAPvVRxIQciy3nobKJle_RVbe_sJl_xoUVDI14qyjFoAd4Rfe_XQtnwByEf0', u'width': 905, u'html_attributions': [], u'height': 849}], u'scope': u'GOOGLE', u'id': u'adb08c2108a96f7b705f670cb63154ceddca6e78', u'types': [u'establishment'], u'icon': u'http://maps.gstatic.com/mapfiles/place_api/icons/generic_business-71.png'}
2014-09-12 07:03:11,216 - placesLogger - DEBUG - INSERTING
2014-09-12 07:03:11,217 - placesLogger - DEBUG - adb08c2108a96f7b705f670cb63154ceddca6e78
2014-09-12 07:03:12,069 - placesLogger - DEBUG - {u'name': u'Ingenieria De Software Garapen Sl', u'reference': u'CpQBgwAAACpETwCz7mUjMTvBO_yIiUJo-3bcnjtvoi9AQ_I4JevmsaN4YUGg9G1mTXij1R-45gwQrAX9HlH8OnfWp2_upDx5Izxq9J_HM2OZejW9pkGiaZg8a3w4RrpidZuuWqObJ88Asfr39WZhHdbiM69HYUwqcT542Ggo1a17NuxdI1TuZ_XUMHVRAaLhK7XbEG4SLhIQXPGVT6Gj0XqSrW1XI7uVnxoU13w7Aq_NH8A0uA6A6VH_gvFTcRA', u'geometry': {u'location': {u'lat': 43.070066, u'lng': -2.28682}}, u'place_id': u'ChIJVy7dyestUA0RSHbhEsycgKs', u'vicinity': u'Pol. Ind. Anduaga, Pabellon 15 y 17', u'scope': u'GOOGLE', u'id': u'b0a34343792484534b624ccba160af9463fe621f', u'types': [u'electronics_store', u'store', u'establishment'], u'icon': u'http://maps.gstatic.com/mapfiles/place_api/icons/electronics-71.png'}
2014-09-12 07:03:12,225 - placesLogger - DEBUG - UPDATING
2014-09-12 07:03:12,226 - placesLogger - DEBUG - b0a34343792484534b624ccba160af9463fe621f
2014-09-12 07:03:13,374 - placesLogger - DEBUG - {u'name': u'Fundici\xf3n En Cascara S.A.', u'reference': u'CoQBfAAAAKHBpNC22R9wIucL0ivmxxgbofF3XKqjFFMQN4Dk771QiM_VFnpDb6rXUL7qpAA430wCRT-SzUU_0wjUvA9LewtMoNasMqLqRy-kKk8jqnbtkbCKEg41FSX7GZTENqijri9w-qI2PkncQDhWXoYX4q9ePqn0WLNmUGhiJ9eOOKiZEhB_dFRrpq_ZI51h7xd5TIzGGhSBgyGzlD0APL4RAeIzcdDgr_FXaA', u'geometry': {u'location': {u'lat': 43.073252, u'lng': -2.289261}}, u'place_id': u'ChIJ9enCNCQyUA0Ru4_xoRxVL4g', u'vicinity': u'Ezkio-Itsaso, Santa Lutzi, S/N', u'scope': u'GOOGLE', u'id': u'80ca49f80e7c5e7d2dcdad09d081bf73a54784f9', u'types': [u'establishment'], u'icon': u'http://maps.gstatic.com/mapfiles/place_api/icons/generic_business-71.png'}
2014-09-12 07:03:13,505 - placesLogger - DEBUG - INSERTING
2014-09-12 07:03:13,505 - placesLogger - DEBUG - 80ca49f80e7c5e7d2dcdad09d081bf73a54784f9
2014-09-12 07:03:14,176 - placesLogger - DEBUG - {u'name': u'Thelmalan', u'reference': u'CnRqAAAA2PXW30pP0raSYrGtgaYcbOR_4uLj5Yom4Tu6V9XzRjszrUldhDar9-6lJVzg2t4Ncj0bgnCAqxhtx-O1Hl0T42-M4lDW7FY_JJCvr8tnin0oP-dHZCvXpnWS-HG_DwcwEopdQ6wT8fu_vP7DtGXgRxIQpp_9yJeel7_mzhCHbOeFexoUZcX5bh5b3fGqTsBj8IOzKprDJVg', u'geometry': {u'location': {u'lat': 43.072681, u'lng': -2.299263}}, u'place_id': u'ChIJO9g7Ev8xUA0R6kK91HLIOE4', u'vicinity': u'Diseminado Santa Lutzi Anduaga, 9, Ezkio - Itxaso', u'scope': u'GOOGLE', u'id': u'b92c474a72520c75fb4924b55357cf6b3db035e2', u'types': [u'establishment'], u'icon': u'http://maps.gstatic.com/mapfiles/place_api/icons/generic_business-71.png'}
2014-09-12 07:03:14,328 - placesLogger - DEBUG - INSERTING
2014-09-12 07:03:14,328 - placesLogger - DEBUG - b92c474a72520c75fb4924b55357cf6b3db035e2
2014-09-12 07:03:15,122 - placesLogger - DEBUG - {u'name': u'Zimer Electrodom\xe9sticos', u'reference': u'CoQBeQAAANJMhO2UiCr3LyHvDoUntczYJoooRbATIl7BZQ9NbrxYFgmWLRANL8L_SQCqYsuxDyg-vdSowlTzmagE6SFbIqjEcKfUgtHqdyg4PIdpoyO1kEuBLctLLyyknm0Myaz4S9U6fWp0kLnMiSCwH3PsYjYIgOD6yPxF2jpLwjrcBuvuEhDcLssEx7DDVBdpyT7anUAeGhRfXOac_yyaeYO4h5QwrRWJltlflQ', u'geometry': {u'location': {u'lat': 43.070499, u'lng': -2.288618}}, u'place_id': u'ChIJRbEYRZAxUA0RuIu0V8WEewg', u'vicinity': u'Diseminado Santa Lutzi Anduaga, 3, Ezkio - Itxaso', u'scope': u'GOOGLE', u'id': u'64397d708436277215efac4479521be55fc5ce59', u'types': [u'home_goods_store', u'store', u'establishment'], u'icon': u'http://maps.gstatic.com/mapfiles/place_api/icons/shopping-71.png'}
2014-09-12 07:03:15,225 - placesLogger - DEBUG - UPDATING
2014-09-12 07:03:15,225 - placesLogger - DEBUG - 64397d708436277215efac4479521be55fc5ce59
2014-09-12 07:03:16,096 - placesLogger - DEBUG - {u'name': u'Met\xe1licas Ezkio', u'reference': u'CoQBcQAAABEx2c9V67oxxDD0w4mSqoiwBQ0c8xop7RQSbqQT2_8GDmp-PcumQLJqCZ1xMFzjxglwgWCLHU1ayELkW5Gyk28nhOJvol2Rkt_uETt4TGOnNJp-MoGYhTxksXmW7ao4smNUZhPtMr5KX8aHUlSR14dhzRhAHgqxudZj1iWkes4yEhClWgLuzOTdja4-8M9UTI_eGhSapdurnpaP8gc7GYfwyvIMPPggPw', u'geometry': {u'location': {u'lat': 43.071424, u'lng': -2.28812}}, u'opening_hours': {u'open_now': True}, u'place_id': u'ChIJcywCSIoxUA0RitWbifXdtFI', u'vicinity': u'Poligono Anduaga, nave 5, Ezkio', u'scope': u'GOOGLE', u'id': u'89a922894dc0cd62f6b5e18f0fee76392909e9ce', u'types': [u'establishment'], u'icon': u'http://maps.gstatic.com/mapfiles/place_api/icons/generic_business-71.png'}
2014-09-12 07:03:16,246 - placesLogger - DEBUG - INSERTING
2014-09-12 07:03:16,246 - placesLogger - DEBUG - 89a922894dc0cd62f6b5e18f0fee76392909e9ce
